[2025-08-01 10:54:40] 📋 PHASE 1: VÉRIFICATIONS PRÉLIMINAIRES
[2025-08-01 10:54:40] ========================================
[2025-08-01 10:54:40] ✅ Répertoire projet: /home/studiosdb/studiosunisdb/studiosdb_v5_pro
[2025-08-01 10:54:40] ✅ node disponible
[2025-08-01 10:54:40] ✅ npm disponible
[2025-08-01 10:54:40] ✅ php disponible
[2025-08-01 10:54:40] ✅ composer disponible
[2025-08-01 10:54:40] 📦 Versions des outils:
[2025-08-01 10:54:40]    Node: v20.19.4
[2025-08-01 10:54:40]    NPM: 10.8.2
[2025-08-01 10:54:40]    PHP: PHP 8.3.6 (cli) (built: Jul 14 2025 18:30:55) (NTS)
[2025-08-01 10:54:40]    Composer: Composer version 2.8.10 2025-07-10 19:08:33
[2025-08-01 10:54:40] 
[2025-08-01 10:54:40] 💾 PHASE 2: BACKUP DE SÉCURITÉ
[2025-08-01 10:54:40] ==============================
[2025-08-01 10:54:40] ✅ Sauvegardé: tailwind.config.js
[2025-08-01 10:54:40] ✅ Sauvegardé: vite.config.js
[2025-08-01 10:54:40] ✅ Sauvegardé: package.json
[2025-08-01 10:54:40] ✅ Sauvegardé: package-lock.json
[2025-08-01 10:54:40] ✅ Sauvegardé: resources/css/app.css
[2025-08-01 10:54:40] ✅ Sauvegardé: postcss.config.js
[2025-08-01 10:54:40] ✅ Backup créé dans: backup_20250801_105440
[2025-08-01 10:54:40] 
[2025-08-01 10:54:40] 🧹 PHASE 3: NETTOYAGE
[2025-08-01 10:54:40] ====================
[2025-08-01 10:54:40] 🗑️  Suppression node_modules...
[2025-08-01 10:54:40] ✅ node_modules supprimé
[2025-08-01 10:54:40] ✅ package-lock.json supprimé
[2025-08-01 10:54:41] ✅ Cache NPM nettoyé
[2025-08-01 10:54:41] ✅ Build précédent supprimé
[2025-08-01 10:54:41] 
[2025-08-01 10:54:41] ⚙️  PHASE 4: CONFIGURATION
[2025-08-01 10:54:41] ==========================
[2025-08-01 10:54:41] 🎨 Création tailwind.config.js...
[2025-08-01 10:54:41] ✅ tailwind.config.js créé
[2025-08-01 10:54:41] ⚡ Création vite.config.js...
[2025-08-01 10:54:41] ✅ vite.config.js créé
[2025-08-01 10:54:41] 📦 Création postcss.config.js...
[2025-08-01 10:54:41] ✅ postcss.config.js créé
[2025-08-01 10:54:41] 🎨 Création resources/css/app.css...
[2025-08-01 10:54:41] ✅ resources/css/app.css créé
[2025-08-01 10:54:41] 
[2025-08-01 10:54:41] 📦 PHASE 5: INSTALLATION DÉPENDANCES
[2025-08-01 10:54:41] ====================================
[2025-08-01 10:54:41] 📥 Installation des packages NPM...
npm verbose cli /usr/bin/node /usr/bin/npm
npm info using npm@10.8.2
npm info using node@v20.19.4
npm verbose title npm install
npm verbose argv "install" "--loglevel" "verbose"
npm verbose logfile logs-max:10 dir:/home/studiosdb/.npm/_logs/2025-08-01T14_54_41_419Z-
npm verbose logfile /home/studiosdb/.npm/_logs/2025-08-01T14_54_41_419Z-debug-0.log
npm http fetch GET 200 https://registry.npmjs.org/@headlessui%2fvue 344ms (cache miss)
npm http fetch GET 200 https://registry.npmjs.org/vue 78ms (cache miss)
npm http fetch GET 200 https://registry.npmjs.org/typescript 196ms (cache miss)
npm http fetch GET 200 https://registry.npmjs.org/@heroicons%2fvue 146ms (cache miss)
npm http fetch GET 200 https://registry.npmjs.org/@inertiajs%2fvue3 120ms (cache miss)
npm http fetch GET 200 https://registry.npmjs.org/chart.js 57ms (cache miss)
npm http fetch GET 200 https://registry.npmjs.org/vue-chartjs 79ms (cache miss)
npm http fetch GET 200 https://registry.npmjs.org/@tailwindcss%2fforms 111ms (cache miss)
npm http fetch GET 200 https://registry.npmjs.org/tailwindcss 166ms (cache miss)
npm http fetch GET 200 https://registry.npmjs.org/@tailwindcss%2fpostcss 115ms (cache miss)
npm http fetch GET 200 https://registry.npmjs.org/@vitejs%2fplugin-vue 108ms (cache miss)
npm http fetch GET 200 https://registry.npmjs.org/vite 841ms (cache miss)
npm http fetch GET 200 https://registry.npmjs.org/@types%2fnode 403ms (cache miss)
npm http fetch GET 200 https://registry.npmjs.org/less 66ms (cache miss)
npm http fetch GET 200 https://registry.npmjs.org/lightningcss 52ms (cache miss)
npm http fetch GET 200 https://registry.npmjs.org/sass 64ms (cache miss)
npm http fetch GET 200 https://registry.npmjs.org/sass-embedded 49ms (cache miss)
npm http fetch GET 200 https://registry.npmjs.org/stylus 51ms (cache miss)
npm http fetch GET 200 https://registry.npmjs.org/sugarss 55ms (cache miss)
npm http fetch GET 200 https://registry.npmjs.org/postcss 51ms (cache miss)
npm http fetch GET 200 https://registry.npmjs.org/terser 73ms (cache miss)
npm http fetch GET 200 https://registry.npmjs.org/autoprefixer 79ms (cache miss)
npm http fetch GET 200 https://registry.npmjs.org/laravel-vite-plugin 69ms (cache miss)
npm http fetch GET 200 https://registry.npmjs.org/@tanstack%2fvue-virtual 131ms (cache miss)
npm http fetch GET 200 https://registry.npmjs.org/@vue%2fcompiler-dom 160ms (cache miss)
npm http fetch GET 200 https://registry.npmjs.org/@vue%2fshared 243ms (cache miss)
npm http fetch GET 200 https://registry.npmjs.org/@vue%2fserver-renderer 93ms (cache miss)
npm http fetch GET 200 https://registry.npmjs.org/@vue%2fcompiler-sfc 131ms (cache miss)
npm http fetch GET 200 https://registry.npmjs.org/@vue%2fruntime-dom 135ms (cache miss)
npm http fetch GET 200 https://registry.npmjs.org/es-toolkit 147ms (cache miss)
npm http fetch GET 200 https://registry.npmjs.org/postcss 31ms (cache hit)
npm http fetch GET 200 https://registry.npmjs.org/mini-svg-data-uri 105ms (cache miss)
npm http fetch GET 200 https://registry.npmjs.org/@alloc%2fquick-lru 71ms (cache miss)
npm http fetch GET 200 https://registry.npmjs.org/@tailwindcss%2fnode 121ms (cache miss)
npm http fetch GET 200 https://registry.npmjs.org/@rolldown%2fpluginutils 100ms (cache miss)
npm http fetch GET 200 https://registry.npmjs.org/@tailwindcss%2foxide 161ms (cache miss)
npm http fetch GET 200 https://registry.npmjs.org/esbuild 78ms (cache miss)
npm http fetch GET 200 https://registry.npmjs.org/@inertiajs%2fcore 568ms (cache miss)
npm http fetch GET 200 https://registry.npmjs.org/rollup 126ms (cache miss)
npm http fetch GET 200 https://registry.npmjs.org/picocolors 64ms (cache miss)
npm http fetch GET 200 https://registry.npmjs.org/fsevents 82ms (cache miss)
npm http fetch GET 200 https://registry.npmjs.org/browserslist 46ms (cache miss)
npm http fetch GET 200 https://registry.npmjs.org/fraction.js 76ms (cache miss)
npm http fetch GET 200 https://registry.npmjs.org/caniuse-lite 85ms (cache miss)
npm http fetch GET 200 https://registry.npmjs.org/normalize-range 54ms (cache miss)
npm http fetch GET 200 https://registry.npmjs.org/postcss-value-parser 57ms (cache miss)
npm http fetch GET 200 https://registry.npmjs.org/nanoid 48ms (cache miss)
npm http fetch GET 200 https://registry.npmjs.org/picocolors 16ms (cache hit)
npm http fetch GET 200 https://registry.npmjs.org/source-map-js 66ms (cache miss)
npm http fetch GET 200 https://registry.npmjs.org/vite-plugin-full-reload 68ms (cache miss)
npm http fetch GET 200 https://registry.npmjs.org/@kurkle%2fcolor 113ms (cache miss)
npm http fetch GET 200 https://registry.npmjs.org/vue 6ms (cache hit)
npm http fetch GET 200 https://registry.npmjs.org/@tanstack%2fvirtual-core 81ms (cache miss)
npm http fetch GET 200 https://registry.npmjs.org/es-toolkit 20ms (cache hit)
npm http fetch GET 200 https://registry.npmjs.org/qs 82ms (cache miss)
npm http fetch GET 200 https://registry.npmjs.org/axios 87ms (cache miss)
npm http fetch GET 200 https://registry.npmjs.org/follow-redirects 47ms (cache miss)
npm http fetch GET 200 https://registry.npmjs.org/proxy-from-env 53ms (cache miss)
npm http fetch GET 200 https://registry.npmjs.org/form-data 67ms (cache miss)
npm http fetch GET 200 https://registry.npmjs.org/side-channel 41ms (cache miss)
npm http fetch GET 200 https://registry.npmjs.org/lightningcss 4ms (cache hit)
npm http fetch GET 200 https://registry.npmjs.org/magic-string 41ms (cache miss)
npm http fetch GET 200 https://registry.npmjs.org/jiti 70ms (cache miss)
npm http fetch GET 200 https://registry.npmjs.org/enhanced-resolve 75ms (cache miss)
npm http fetch GET 200 https://registry.npmjs.org/@ampproject%2fremapping 55ms (cache miss)
npm http fetch GET 200 https://registry.npmjs.org/detect-libc 46ms (cache miss)
npm http fetch GET 200 https://registry.npmjs.org/tar 74ms (cache miss)
npm http fetch GET 200 https://registry.npmjs.org/@tailwindcss%2foxide-darwin-x64 93ms (cache miss)
npm http fetch GET 200 https://registry.npmjs.org/@tailwindcss%2foxide-freebsd-x64 96ms (cache miss)
npm http fetch GET 200 https://registry.npmjs.org/@tailwindcss%2foxide-wasm32-wasi 87ms (cache miss)
npm http fetch GET 200 https://registry.npmjs.org/@tailwindcss%2foxide-darwin-arm64 116ms (cache miss)
npm http fetch GET 200 https://registry.npmjs.org/@tailwindcss%2foxide-android-arm64 100ms (cache miss)
npm http fetch GET 200 https://registry.npmjs.org/@tailwindcss%2foxide-linux-x64-gnu 113ms (cache miss)
npm http fetch GET 200 https://registry.npmjs.org/@tailwindcss%2foxide-linux-x64-musl 99ms (cache miss)
npm http fetch GET 200 https://registry.npmjs.org/@tailwindcss%2foxide-win32-x64-msvc 102ms (cache miss)
npm http fetch GET 200 https://registry.npmjs.org/@tailwindcss%2foxide-linux-arm64-gnu 119ms (cache miss)
npm http fetch GET 200 https://registry.npmjs.org/@tailwindcss%2foxide-win32-arm64-msvc 75ms (cache miss)
npm http fetch GET 200 https://registry.npmjs.org/@tailwindcss%2foxide-linux-arm64-musl 110ms (cache miss)
npm http fetch GET 200 https://registry.npmjs.org/@tailwindcss%2foxide-linux-arm-gnueabihf 111ms (cache miss)
npm http fetch GET 200 https://registry.npmjs.org/@jridgewell%2ftrace-mapping 58ms (cache miss)
npm http fetch GET 200 https://registry.npmjs.org/graceful-fs 62ms (cache miss)
npm http fetch GET 200 https://registry.npmjs.org/detect-libc 2ms (cache hit)
npm http fetch GET 200 https://registry.npmjs.org/@jridgewell%2fgen-mapping 72ms (cache miss)
npm http fetch GET 200 https://registry.npmjs.org/tapable 46ms (cache miss)
npm http fetch GET 200 https://registry.npmjs.org/lightningcss-linux-x64-gnu 50ms (cache miss)
npm http fetch GET 200 https://registry.npmjs.org/lightningcss-darwin-x64 72ms (cache miss)
npm http fetch GET 200 https://registry.npmjs.org/lightningcss-win32-x64-msvc 46ms (cache miss)
npm http fetch GET 200 https://registry.npmjs.org/lightningcss-win32-arm64-msvc 40ms (cache miss)
npm http fetch GET 200 https://registry.npmjs.org/lightningcss-darwin-arm64 53ms (cache miss)
npm http fetch GET 200 https://registry.npmjs.org/lightningcss-linux-arm64-gnu 50ms (cache miss)
npm http fetch GET 200 https://registry.npmjs.org/lightningcss-linux-arm-gnueabihf 55ms (cache miss)
npm http fetch GET 200 https://registry.npmjs.org/lightningcss-linux-x64-musl 44ms (cache miss)
npm http fetch GET 200 https://registry.npmjs.org/lightningcss-linux-arm64-musl 60ms (cache miss)
npm http fetch GET 200 https://registry.npmjs.org/lightningcss-freebsd-x64 50ms (cache miss)
npm http fetch GET 200 https://registry.npmjs.org/@jridgewell%2fsourcemap-codec 72ms (cache miss)
npm http fetch GET 200 https://registry.npmjs.org/@jridgewell%2fsourcemap-codec 3ms (cache hit)
npm http fetch GET 200 https://registry.npmjs.org/@jridgewell%2fresolve-uri 76ms (cache miss)
npm http fetch GET 200 https://registry.npmjs.org/@isaacs%2ffs-minipass 58ms (cache miss)
npm http fetch GET 200 https://registry.npmjs.org/minipass 72ms (cache miss)
npm http fetch GET 200 https://registry.npmjs.org/minizlib 49ms (cache miss)
npm http fetch GET 200 https://registry.npmjs.org/chownr 120ms (cache miss)
npm http fetch GET 200 https://registry.npmjs.org/mkdirp 50ms (cache miss)
npm http fetch GET 200 https://registry.npmjs.org/yallist 46ms (cache miss)
npm http fetch GET 200 https://registry.npmjs.org/caniuse-lite 10ms (cache hit)
npm http fetch GET 200 https://registry.npmjs.org/node-releases 57ms (cache miss)
npm http fetch GET 200 https://registry.npmjs.org/update-browserslist-db 41ms (cache miss)
npm http fetch GET 200 https://registry.npmjs.org/electron-to-chromium 212ms (cache miss)
npm http fetch GET 200 https://registry.npmjs.org/asynckit 42ms (cache miss)
npm http fetch GET 200 https://registry.npmjs.org/hasown 48ms (cache miss)
npm http fetch GET 200 https://registry.npmjs.org/mime-types 52ms (cache miss)
npm http fetch GET 200 https://registry.npmjs.org/combined-stream 56ms (cache miss)
npm http fetch GET 200 https://registry.npmjs.org/es-set-tostringtag 74ms (cache miss)
npm http fetch GET 200 https://registry.npmjs.org/browserslist 3ms (cache hit)
npm http fetch GET 200 https://registry.npmjs.org/escalade 49ms (cache miss)
npm http fetch GET 200 https://registry.npmjs.org/get-intrinsic 41ms (cache miss)
npm http fetch GET 200 https://registry.npmjs.org/delayed-stream 48ms (cache miss)
npm http fetch GET 200 https://registry.npmjs.org/es-errors 65ms (cache miss)
npm http fetch GET 200 https://registry.npmjs.org/has-tostringtag 48ms (cache miss)
npm http fetch GET 200 https://registry.npmjs.org/function-bind 50ms (cache miss)
npm http fetch GET 200 https://registry.npmjs.org/mime-db 73ms (cache miss)
npm http fetch GET 200 https://registry.npmjs.org/call-bind-apply-helpers 45ms (cache miss)
npm http fetch GET 200 https://registry.npmjs.org/es-object-atoms 58ms (cache miss)
npm http fetch GET 200 https://registry.npmjs.org/es-define-property 65ms (cache miss)
npm http fetch GET 200 https://registry.npmjs.org/get-proto 57ms (cache miss)
npm http fetch GET 200 https://registry.npmjs.org/has-symbols 52ms (cache miss)
npm http fetch GET 200 https://registry.npmjs.org/has-symbols 2ms (cache hit)
npm http fetch GET 200 https://registry.npmjs.org/gopd 66ms (cache miss)
npm http fetch GET 200 https://registry.npmjs.org/math-intrinsics 46ms (cache miss)
npm http fetch GET 200 https://registry.npmjs.org/dunder-proto 71ms (cache miss)
npm http fetch GET 200 https://registry.npmjs.org/picomatch 72ms (cache miss)
npm http fetch GET 200 https://registry.npmjs.org/side-channel-list 50ms (cache miss)
npm http fetch GET 200 https://registry.npmjs.org/side-channel-map 57ms (cache miss)
npm http fetch GET 200 https://registry.npmjs.org/object-inspect 57ms (cache miss)
npm http fetch GET 200 https://registry.npmjs.org/side-channel-weakmap 53ms (cache miss)
npm http fetch GET 200 https://registry.npmjs.org/call-bound 58ms (cache miss)
npm http fetch GET 200 https://registry.npmjs.org/call-bound 66ms (cache miss)
npm http fetch GET 200 https://registry.npmjs.org/minipass 4ms (cache hit)
npm http fetch GET 200 https://registry.npmjs.org/@esbuild%2flinux-arm 71ms (cache miss)
npm http fetch GET 200 https://registry.npmjs.org/@esbuild%2faix-ppc64 79ms (cache miss)
npm http fetch GET 200 https://registry.npmjs.org/@esbuild%2flinux-x64 83ms (cache miss)
npm http fetch GET 200 https://registry.npmjs.org/@esbuild%2fwin32-x64 69ms (cache miss)
npm http fetch GET 200 https://registry.npmjs.org/@esbuild%2fdarwin-x64 68ms (cache miss)
npm http fetch GET 200 https://registry.npmjs.org/@esbuild%2fsunos-x64 101ms (cache miss)
npm http fetch GET 200 https://registry.npmjs.org/@esbuild%2fnetbsd-x64 73ms (cache miss)
npm http fetch GET 200 https://registry.npmjs.org/@esbuild%2flinux-ia32 81ms (cache miss)
npm http fetch GET 200 https://registry.npmjs.org/@esbuild%2fwin32-ia32 86ms (cache miss)
npm http fetch GET 200 https://registry.npmjs.org/@esbuild%2fandroid-x64 92ms (cache miss)
npm http fetch GET 200 https://registry.npmjs.org/@esbuild%2fandroid-arm 103ms (cache miss)
npm http fetch GET 200 https://registry.npmjs.org/@esbuild%2ffreebsd-x64 96ms (cache miss)
npm http fetch GET 200 https://registry.npmjs.org/@esbuild%2flinux-arm64 70ms (cache miss)
npm http fetch GET 200 https://registry.npmjs.org/@esbuild%2flinux-ppc64 84ms (cache miss)
npm http fetch GET 200 https://registry.npmjs.org/@esbuild%2flinux-s390x 88ms (cache miss)
npm http fetch GET 200 https://registry.npmjs.org/@esbuild%2fopenbsd-x64 76ms (cache miss)
npm http fetch GET 200 https://registry.npmjs.org/@esbuild%2fwin32-arm64 63ms (cache miss)
npm http fetch GET 200 https://registry.npmjs.org/@esbuild%2fdarwin-arm64 82ms (cache miss)
npm http fetch GET 200 https://registry.npmjs.org/@esbuild%2fandroid-arm64 70ms (cache miss)
npm http fetch GET 200 https://registry.npmjs.org/@esbuild%2ffreebsd-arm64 67ms (cache miss)
npm http fetch GET 200 https://registry.npmjs.org/@esbuild%2flinux-riscv64 72ms (cache miss)
npm http fetch GET 200 https://registry.npmjs.org/@esbuild%2flinux-loong64 107ms (cache miss)
npm http fetch GET 200 https://registry.npmjs.org/@esbuild%2flinux-mips64el 104ms (cache miss)
npm http fetch GET 200 https://registry.npmjs.org/@types%2festree 68ms (cache miss)
npm http fetch GET 200 https://registry.npmjs.org/@rollup%2frollup-android-arm64 83ms (cache miss)
npm http fetch GET 200 https://registry.npmjs.org/@rollup%2frollup-win32-arm64-msvc 65ms (cache miss)
npm http fetch GET 200 https://registry.npmjs.org/@rollup%2frollup-darwin-arm64 116ms (cache miss)
npm http fetch GET 200 https://registry.npmjs.org/@rollup%2frollup-freebsd-arm64 76ms (cache miss)
npm http fetch GET 200 https://registry.npmjs.org/@rollup%2frollup-linux-arm64-gnu 81ms (cache miss)
npm http fetch GET 200 https://registry.npmjs.org/@rollup%2frollup-linux-arm64-musl 89ms (cache miss)
npm http fetch GET 200 https://registry.npmjs.org/@rollup%2frollup-android-arm-eabi 78ms (cache miss)
npm http fetch GET 200 https://registry.npmjs.org/@rollup%2frollup-linux-arm-gnueabihf 78ms (cache miss)
npm http fetch GET 200 https://registry.npmjs.org/@rollup%2frollup-linux-arm-musleabihf 78ms (cache miss)
npm http fetch GET 200 https://registry.npmjs.org/@rollup%2frollup-linux-loongarch64-gnu 78ms (cache miss)
npm http fetch GET 200 https://registry.npmjs.org/@rollup%2frollup-win32-ia32-msvc 120ms (cache miss)
npm http fetch GET 200 https://registry.npmjs.org/@rollup%2frollup-linux-riscv64-musl 66ms (cache miss)
npm http fetch GET 200 https://registry.npmjs.org/@rollup%2frollup-linux-ppc64-gnu 55ms (cache miss)
npm http fetch GET 200 https://registry.npmjs.org/@rollup%2frollup-linux-s390x-gnu 66ms (cache miss)
npm http fetch GET 200 https://registry.npmjs.org/@rollup%2frollup-darwin-x64 61ms (cache miss)
npm http fetch GET 200 https://registry.npmjs.org/@rollup%2frollup-linux-riscv64-gnu 271ms (cache miss)
npm http fetch GET 200 https://registry.npmjs.org/@rollup%2frollup-win32-x64-msvc 74ms (cache miss)
npm http fetch GET 200 https://registry.npmjs.org/@rollup%2frollup-freebsd-x64 83ms (cache miss)
npm http fetch GET 200 https://registry.npmjs.org/@rollup%2frollup-linux-x64-gnu 91ms (cache miss)
npm http fetch GET 200 https://registry.npmjs.org/@rollup%2frollup-linux-x64-musl 94ms (cache miss)
npm http fetch GET 200 https://registry.npmjs.org/vue 7ms (cache hit)
npm http fetch GET 200 https://registry.npmjs.org/estree-walker 45ms (cache miss)
npm http fetch GET 200 https://registry.npmjs.org/@vue%2fcompiler-core 75ms (cache miss)
npm http fetch GET 200 https://registry.npmjs.org/@babel%2fparser 107ms (cache miss)
npm http fetch GET 200 https://registry.npmjs.org/@vue%2fcompiler-ssr 78ms (cache miss)
npm http fetch GET 200 https://registry.npmjs.org/csstype 51ms (cache miss)
npm http fetch GET 200 https://registry.npmjs.org/@vue%2freactivity 97ms (cache miss)
npm http fetch GET 200 https://registry.npmjs.org/@vue%2fruntime-core 667ms (cache miss)
npm http fetch GET 200 https://registry.npmjs.org/entities 49ms (cache miss)
npm http fetch GET 200 https://registry.npmjs.org/@babel%2ftypes 57ms (cache miss)
npm http fetch GET 200 https://registry.npmjs.org/@babel%2fhelper-validator-identifier 58ms (cache miss)
npm http fetch GET 200 https://registry.npmjs.org/@babel%2fhelper-string-parser 80ms (cache miss)
npm verbose reify failed optional dependency /home/studiosdb/studiosunisdb/studiosdb_v5_pro/node_modules/@tailwindcss/oxide-wasm32-wasi
npm verbose reify failed optional dependency /home/studiosdb/studiosunisdb/studiosdb_v5_pro/node_modules/@rollup/rollup-win32-x64-msvc
npm verbose reify failed optional dependency /home/studiosdb/studiosunisdb/studiosdb_v5_pro/node_modules/@rollup/rollup-win32-ia32-msvc
npm verbose reify failed optional dependency /home/studiosdb/studiosunisdb/studiosdb_v5_pro/node_modules/@rollup/rollup-win32-arm64-msvc
npm verbose reify failed optional dependency /home/studiosdb/studiosunisdb/studiosdb_v5_pro/node_modules/@rollup/rollup-linux-x64-musl
npm verbose reify failed optional dependency /home/studiosdb/studiosunisdb/studiosdb_v5_pro/node_modules/@rollup/rollup-linux-s390x-gnu
npm verbose reify failed optional dependency /home/studiosdb/studiosunisdb/studiosdb_v5_pro/node_modules/@rollup/rollup-linux-riscv64-musl
npm verbose reify failed optional dependency /home/studiosdb/studiosunisdb/studiosdb_v5_pro/node_modules/@rollup/rollup-linux-riscv64-gnu
npm verbose reify failed optional dependency /home/studiosdb/studiosunisdb/studiosdb_v5_pro/node_modules/@rollup/rollup-linux-ppc64-gnu
npm verbose reify failed optional dependency /home/studiosdb/studiosunisdb/studiosdb_v5_pro/node_modules/@rollup/rollup-linux-loongarch64-gnu
npm verbose reify failed optional dependency /home/studiosdb/studiosunisdb/studiosdb_v5_pro/node_modules/@rollup/rollup-linux-arm64-musl
npm verbose reify failed optional dependency /home/studiosdb/studiosunisdb/studiosdb_v5_pro/node_modules/@rollup/rollup-linux-arm64-gnu
npm verbose reify failed optional dependency /home/studiosdb/studiosunisdb/studiosdb_v5_pro/node_modules/@rollup/rollup-linux-arm-musleabihf
npm verbose reify failed optional dependency /home/studiosdb/studiosunisdb/studiosdb_v5_pro/node_modules/@rollup/rollup-linux-arm-gnueabihf
npm verbose reify failed optional dependency /home/studiosdb/studiosunisdb/studiosdb_v5_pro/node_modules/@rollup/rollup-freebsd-x64
npm verbose reify failed optional dependency /home/studiosdb/studiosunisdb/studiosdb_v5_pro/node_modules/@rollup/rollup-freebsd-arm64
npm verbose reify failed optional dependency /home/studiosdb/studiosunisdb/studiosdb_v5_pro/node_modules/@rollup/rollup-darwin-x64
npm verbose reify failed optional dependency /home/studiosdb/studiosunisdb/studiosdb_v5_pro/node_modules/@rollup/rollup-darwin-arm64
npm verbose reify failed optional dependency /home/studiosdb/studiosunisdb/studiosdb_v5_pro/node_modules/@rollup/rollup-android-arm64
npm verbose reify failed optional dependency /home/studiosdb/studiosunisdb/studiosdb_v5_pro/node_modules/@rollup/rollup-android-arm-eabi
npm verbose reify failed optional dependency /home/studiosdb/studiosunisdb/studiosdb_v5_pro/node_modules/@esbuild/win32-x64
npm verbose reify failed optional dependency /home/studiosdb/studiosunisdb/studiosdb_v5_pro/node_modules/@esbuild/win32-ia32
npm verbose reify failed optional dependency /home/studiosdb/studiosunisdb/studiosdb_v5_pro/node_modules/@esbuild/win32-arm64
npm verbose reify failed optional dependency /home/studiosdb/studiosunisdb/studiosdb_v5_pro/node_modules/@esbuild/sunos-x64
npm verbose reify failed optional dependency /home/studiosdb/studiosunisdb/studiosdb_v5_pro/node_modules/@esbuild/openbsd-x64
npm verbose reify failed optional dependency /home/studiosdb/studiosunisdb/studiosdb_v5_pro/node_modules/@esbuild/netbsd-x64
npm verbose reify failed optional dependency /home/studiosdb/studiosunisdb/studiosdb_v5_pro/node_modules/@esbuild/linux-s390x
npm verbose reify failed optional dependency /home/studiosdb/studiosunisdb/studiosdb_v5_pro/node_modules/@esbuild/linux-riscv64
npm verbose reify failed optional dependency /home/studiosdb/studiosunisdb/studiosdb_v5_pro/node_modules/@esbuild/linux-ppc64
npm verbose reify failed optional dependency /home/studiosdb/studiosunisdb/studiosdb_v5_pro/node_modules/@esbuild/linux-mips64el
npm verbose reify failed optional dependency /home/studiosdb/studiosunisdb/studiosdb_v5_pro/node_modules/@esbuild/linux-loong64
npm verbose reify failed optional dependency /home/studiosdb/studiosunisdb/studiosdb_v5_pro/node_modules/@esbuild/linux-ia32
npm verbose reify failed optional dependency /home/studiosdb/studiosunisdb/studiosdb_v5_pro/node_modules/@esbuild/linux-arm64
npm verbose reify failed optional dependency /home/studiosdb/studiosunisdb/studiosdb_v5_pro/node_modules/@esbuild/linux-arm
npm verbose reify failed optional dependency /home/studiosdb/studiosunisdb/studiosdb_v5_pro/node_modules/@esbuild/freebsd-x64
npm verbose reify failed optional dependency /home/studiosdb/studiosunisdb/studiosdb_v5_pro/node_modules/@esbuild/freebsd-arm64
npm verbose reify failed optional dependency /home/studiosdb/studiosunisdb/studiosdb_v5_pro/node_modules/@esbuild/darwin-x64
npm verbose reify failed optional dependency /home/studiosdb/studiosunisdb/studiosdb_v5_pro/node_modules/@esbuild/darwin-arm64
npm verbose reify failed optional dependency /home/studiosdb/studiosunisdb/studiosdb_v5_pro/node_modules/@esbuild/android-x64
npm verbose reify failed optional dependency /home/studiosdb/studiosunisdb/studiosdb_v5_pro/node_modules/@esbuild/android-arm64
npm verbose reify failed optional dependency /home/studiosdb/studiosunisdb/studiosdb_v5_pro/node_modules/@esbuild/android-arm
npm verbose reify failed optional dependency /home/studiosdb/studiosunisdb/studiosdb_v5_pro/node_modules/@esbuild/aix-ppc64
npm verbose reify failed optional dependency /home/studiosdb/studiosunisdb/studiosdb_v5_pro/node_modules/fsevents
npm verbose reify failed optional dependency /home/studiosdb/studiosunisdb/studiosdb_v5_pro/node_modules/lightningcss-win32-x64-msvc
npm verbose reify failed optional dependency /home/studiosdb/studiosunisdb/studiosdb_v5_pro/node_modules/lightningcss-win32-arm64-msvc
npm verbose reify failed optional dependency /home/studiosdb/studiosunisdb/studiosdb_v5_pro/node_modules/lightningcss-linux-x64-musl
npm verbose reify failed optional dependency /home/studiosdb/studiosunisdb/studiosdb_v5_pro/node_modules/lightningcss-linux-arm64-musl
npm verbose reify failed optional dependency /home/studiosdb/studiosunisdb/studiosdb_v5_pro/node_modules/lightningcss-linux-arm64-gnu
npm verbose reify failed optional dependency /home/studiosdb/studiosunisdb/studiosdb_v5_pro/node_modules/lightningcss-linux-arm-gnueabihf
npm verbose reify failed optional dependency /home/studiosdb/studiosunisdb/studiosdb_v5_pro/node_modules/lightningcss-freebsd-x64
npm verbose reify failed optional dependency /home/studiosdb/studiosunisdb/studiosdb_v5_pro/node_modules/lightningcss-darwin-x64
npm verbose reify failed optional dependency /home/studiosdb/studiosunisdb/studiosdb_v5_pro/node_modules/lightningcss-darwin-arm64
npm verbose reify failed optional dependency /home/studiosdb/studiosunisdb/studiosdb_v5_pro/node_modules/@tailwindcss/oxide-win32-x64-msvc
npm verbose reify failed optional dependency /home/studiosdb/studiosunisdb/studiosdb_v5_pro/node_modules/@tailwindcss/oxide-win32-arm64-msvc
npm verbose reify failed optional dependency /home/studiosdb/studiosunisdb/studiosdb_v5_pro/node_modules/@tailwindcss/oxide-linux-x64-musl
npm verbose reify failed optional dependency /home/studiosdb/studiosunisdb/studiosdb_v5_pro/node_modules/@tailwindcss/oxide-linux-arm64-musl
npm verbose reify failed optional dependency /home/studiosdb/studiosunisdb/studiosdb_v5_pro/node_modules/@tailwindcss/oxide-linux-arm64-gnu
npm verbose reify failed optional dependency /home/studiosdb/studiosunisdb/studiosdb_v5_pro/node_modules/@tailwindcss/oxide-linux-arm-gnueabihf
npm verbose reify failed optional dependency /home/studiosdb/studiosunisdb/studiosdb_v5_pro/node_modules/@tailwindcss/oxide-freebsd-x64
npm verbose reify failed optional dependency /home/studiosdb/studiosunisdb/studiosdb_v5_pro/node_modules/@tailwindcss/oxide-darwin-x64
npm verbose reify failed optional dependency /home/studiosdb/studiosunisdb/studiosdb_v5_pro/node_modules/@tailwindcss/oxide-darwin-arm64
npm verbose reify failed optional dependency /home/studiosdb/studiosunisdb/studiosdb_v5_pro/node_modules/@tailwindcss/oxide-android-arm64
npm http fetch POST 200 https://registry.npmjs.org/-/npm/v1/security/advisories/bulk 2668ms
npm http fetch GET 200 https://registry.npmjs.org/csstype/-/csstype-3.1.3.tgz 148ms (cache miss)
npm http fetch GET 200 https://registry.npmjs.org/picomatch/-/picomatch-2.3.1.tgz 215ms (cache miss)
npm http fetch GET 200 https://registry.npmjs.org/@vue/reactivity/-/reactivity-3.5.18.tgz 227ms (cache miss)
npm http fetch GET 200 https://registry.npmjs.org/@types/estree/-/estree-1.0.8.tgz 247ms (cache miss)
npm http fetch GET 200 https://registry.npmjs.org/@vue/compiler-sfc/-/compiler-sfc-3.5.18.tgz 249ms (cache miss)
npm http fetch GET 200 https://registry.npmjs.org/@vue/compiler-ssr/-/compiler-ssr-3.5.18.tgz 327ms (cache miss)
npm http fetch GET 200 https://registry.npmjs.org/@babel/helper-string-parser/-/helper-string-parser-7.27.1.tgz 331ms (cache miss)
npm http fetch GET 200 https://registry.npmjs.org/@rollup/rollup-linux-x64-gnu/-/rollup-linux-x64-gnu-4.46.2.tgz 376ms (cache miss)
npm http fetch GET 200 https://registry.npmjs.org/@babel/helper-validator-identifier/-/helper-validator-identifier-7.27.1.tgz 416ms (cache miss)
npm http fetch GET 200 https://registry.npmjs.org/chownr/-/chownr-3.0.0.tgz 456ms (cache miss)
npm http fetch GET 200 https://registry.npmjs.org/side-channel-weakmap/-/side-channel-weakmap-1.0.2.tgz 456ms (cache miss)
npm http fetch GET 200 https://registry.npmjs.org/escalade/-/escalade-3.2.0.tgz 464ms (cache miss)
npm http fetch GET 200 https://registry.npmjs.org/call-bound/-/call-bound-1.0.4.tgz 467ms (cache miss)
npm http fetch GET 200 https://registry.npmjs.org/side-channel-map/-/side-channel-map-1.0.1.tgz 473ms (cache miss)
npm http fetch GET 200 https://registry.npmjs.org/estree-walker/-/estree-walker-2.0.2.tgz 522ms (cache miss)
npm http fetch GET 200 https://registry.npmjs.org/get-proto/-/get-proto-1.0.1.tgz 522ms (cache miss)
npm http fetch GET 200 https://registry.npmjs.org/math-intrinsics/-/math-intrinsics-1.1.0.tgz 524ms (cache miss)
npm http fetch GET 200 https://registry.npmjs.org/gopd/-/gopd-1.2.0.tgz 532ms (cache miss)
npm http fetch GET 200 https://registry.npmjs.org/function-bind/-/function-bind-1.1.2.tgz 533ms (cache miss)
npm http fetch GET 200 https://registry.npmjs.org/@vue/shared/-/shared-3.5.18.tgz 558ms (cache miss)
npm http fetch GET 200 https://registry.npmjs.org/@isaacs/fs-minipass/-/fs-minipass-4.0.1.tgz 557ms (cache miss)
npm http fetch GET 200 https://registry.npmjs.org/side-channel/-/side-channel-1.1.0.tgz 555ms (cache miss)
npm http fetch GET 200 https://registry.npmjs.org/side-channel-list/-/side-channel-list-1.0.0.tgz 556ms (cache miss)
npm http fetch GET 200 https://registry.npmjs.org/dunder-proto/-/dunder-proto-1.0.1.tgz 549ms (cache miss)
npm http fetch GET 200 https://registry.npmjs.org/yallist/-/yallist-5.0.0.tgz 566ms (cache miss)
npm http fetch GET 200 https://registry.npmjs.org/vite-plugin-full-reload/-/vite-plugin-full-reload-1.2.0.tgz 556ms (cache miss)
npm http fetch GET 200 https://registry.npmjs.org/get-intrinsic/-/get-intrinsic-1.3.0.tgz 552ms (cache miss)
npm http fetch GET 200 https://registry.npmjs.org/es-object-atoms/-/es-object-atoms-1.1.1.tgz 567ms (cache miss)
npm http fetch GET 200 https://registry.npmjs.org/es-define-property/-/es-define-property-1.0.1.tgz 567ms (cache miss)
npm http fetch GET 200 https://registry.npmjs.org/esbuild/-/esbuild-0.21.5.tgz 587ms (cache miss)
npm http fetch GET 200 https://registry.npmjs.org/mime-types/-/mime-types-2.1.35.tgz 571ms (cache miss)
npm http fetch GET 200 https://registry.npmjs.org/nanoid/-/nanoid-3.3.11.tgz 587ms (cache miss)
npm http fetch GET 200 https://registry.npmjs.org/combined-stream/-/combined-stream-1.0.8.tgz 578ms (cache miss)
npm http fetch GET 200 https://registry.npmjs.org/tapable/-/tapable-2.2.2.tgz 578ms (cache miss)
npm http fetch GET 200 https://registry.npmjs.org/delayed-stream/-/delayed-stream-1.0.0.tgz 590ms (cache miss)
npm http fetch GET 200 https://registry.npmjs.org/asynckit/-/asynckit-0.4.0.tgz 600ms (cache miss)
npm http fetch GET 200 https://registry.npmjs.org/hasown/-/hasown-2.0.2.tgz 603ms (cache miss)
npm http fetch GET 200 https://registry.npmjs.org/mime-db/-/mime-db-1.52.0.tgz 617ms (cache miss)
npm http fetch GET 200 https://registry.npmjs.org/has-tostringtag/-/has-tostringtag-1.0.2.tgz 613ms (cache miss)
npm http fetch GET 200 https://registry.npmjs.org/call-bind-apply-helpers/-/call-bind-apply-helpers-1.0.2.tgz 625ms (cache miss)
npm http fetch GET 200 https://registry.npmjs.org/node-releases/-/node-releases-2.0.19.tgz 615ms (cache miss)
npm http fetch GET 200 https://registry.npmjs.org/@kurkle/color/-/color-0.3.4.tgz 639ms (cache miss)
npm http fetch GET 200 https://registry.npmjs.org/update-browserslist-db/-/update-browserslist-db-1.1.3.tgz 639ms (cache miss)
npm http fetch GET 200 https://registry.npmjs.org/proxy-from-env/-/proxy-from-env-1.1.0.tgz 638ms (cache miss)
npm http fetch GET 200 https://registry.npmjs.org/form-data/-/form-data-4.0.4.tgz 643ms (cache miss)
npm http fetch GET 200 https://registry.npmjs.org/picocolors/-/picocolors-1.1.1.tgz 642ms (cache miss)
npm http fetch GET 200 https://registry.npmjs.org/normalize-range/-/normalize-range-0.1.2.tgz 652ms (cache miss)
npm http fetch GET 200 https://registry.npmjs.org/follow-redirects/-/follow-redirects-1.15.11.tgz 682ms (cache miss)
npm http fetch GET 200 https://registry.npmjs.org/graceful-fs/-/graceful-fs-4.2.11.tgz 700ms (cache miss)
npm http fetch GET 200 https://registry.npmjs.org/fraction.js/-/fraction.js-4.3.7.tgz 694ms (cache miss)
npm http fetch GET 200 https://registry.npmjs.org/es-set-tostringtag/-/es-set-tostringtag-2.1.0.tgz 711ms (cache miss)
npm http fetch GET 200 https://registry.npmjs.org/has-symbols/-/has-symbols-1.1.0.tgz 722ms (cache miss)
npm http fetch GET 200 https://registry.npmjs.org/es-errors/-/es-errors-1.3.0.tgz 719ms (cache miss)
npm http fetch GET 200 https://registry.npmjs.org/browserslist/-/browserslist-4.25.1.tgz 705ms (cache miss)
npm http fetch GET 200 https://registry.npmjs.org/@jridgewell/resolve-uri/-/resolve-uri-3.1.2.tgz 707ms (cache miss)
npm http fetch GET 200 https://registry.npmjs.org/minizlib/-/minizlib-3.0.2.tgz 750ms (cache miss)
npm http fetch GET 200 https://registry.npmjs.org/minipass/-/minipass-7.1.2.tgz 763ms (cache miss)
npm http fetch GET 200 https://registry.npmjs.org/object-inspect/-/object-inspect-1.13.4.tgz 756ms (cache miss)
npm http fetch GET 200 https://registry.npmjs.org/postcss-value-parser/-/postcss-value-parser-4.2.0.tgz 737ms (cache miss)
npm http fetch GET 200 https://registry.npmjs.org/@vue/server-renderer/-/server-renderer-3.5.18.tgz 777ms (cache miss)
npm http fetch GET 200 https://registry.npmjs.org/@rolldown/pluginutils/-/pluginutils-1.0.0-beta.29.tgz 742ms (cache miss)
npm http fetch GET 200 https://registry.npmjs.org/detect-libc/-/detect-libc-2.0.4.tgz 741ms (cache miss)
npm http fetch GET 200 https://registry.npmjs.org/@ampproject/remapping/-/remapping-2.3.0.tgz 742ms (cache miss)
npm http fetch GET 200 https://registry.npmjs.org/electron-to-chromium/-/electron-to-chromium-1.5.194.tgz 781ms (cache miss)
npm http fetch GET 200 https://registry.npmjs.org/@tailwindcss/oxide/-/oxide-4.1.11.tgz 791ms (cache miss)
npm http fetch GET 200 https://registry.npmjs.org/laravel-vite-plugin/-/laravel-vite-plugin-1.3.0.tgz 790ms (cache miss)
npm http fetch GET 200 https://registry.npmjs.org/mini-svg-data-uri/-/mini-svg-data-uri-1.4.4.tgz 806ms (cache miss)
npm http fetch GET 200 https://registry.npmjs.org/@alloc/quick-lru/-/quick-lru-5.2.0.tgz 807ms (cache miss)
npm http fetch GET 200 https://registry.npmjs.org/@tailwindcss/node/-/node-4.1.11.tgz 820ms (cache miss)
npm http fetch GET 200 https://registry.npmjs.org/vue-chartjs/-/vue-chartjs-5.3.2.tgz 808ms (cache miss)
npm http fetch GET 200 https://registry.npmjs.org/@tanstack/vue-virtual/-/vue-virtual-3.13.12.tgz 816ms (cache miss)
npm http fetch GET 200 https://registry.npmjs.org/@tailwindcss/postcss/-/postcss-4.1.11.tgz 813ms (cache miss)
npm http fetch GET 200 https://registry.npmjs.org/@tailwindcss/forms/-/forms-0.5.10.tgz 823ms (cache miss)
npm http fetch GET 200 https://registry.npmjs.org/@vitejs/plugin-vue/-/plugin-vue-6.0.1.tgz 848ms (cache miss)
npm http fetch GET 200 https://registry.npmjs.org/@vue/compiler-core/-/compiler-core-3.5.18.tgz 907ms (cache miss)
npm http fetch GET 200 https://registry.npmjs.org/@jridgewell/gen-mapping/-/gen-mapping-0.3.12.tgz 866ms (cache miss)
npm http fetch GET 200 https://registry.npmjs.org/@vue/compiler-dom/-/compiler-dom-3.5.18.tgz 914ms (cache miss)
npm http fetch GET 200 https://registry.npmjs.org/@tanstack/virtual-core/-/virtual-core-3.13.12.tgz 880ms (cache miss)
npm http fetch GET 200 https://registry.npmjs.org/mkdirp/-/mkdirp-3.0.1.tgz 913ms (cache miss)
npm http fetch GET 200 https://registry.npmjs.org/source-map-js/-/source-map-js-1.2.1.tgz 894ms (cache miss)
npm http fetch GET 200 https://registry.npmjs.org/magic-string/-/magic-string-0.30.17.tgz 894ms (cache miss)
npm http fetch GET 200 https://registry.npmjs.org/@vue/runtime-dom/-/runtime-dom-3.5.18.tgz 948ms (cache miss)
npm http fetch GET 200 https://registry.npmjs.org/qs/-/qs-6.14.0.tgz 907ms (cache miss)
npm http fetch GET 200 https://registry.npmjs.org/lightningcss/-/lightningcss-1.30.1.tgz 917ms (cache miss)
npm http fetch GET 200 https://registry.npmjs.org/@jridgewell/sourcemap-codec/-/sourcemap-codec-1.5.4.tgz 922ms (cache miss)
npm http fetch GET 200 https://registry.npmjs.org/@inertiajs/vue3/-/vue3-2.0.17.tgz 921ms (cache miss)
npm http fetch GET 200 https://registry.npmjs.org/entities/-/entities-4.5.0.tgz 984ms (cache miss)
npm http fetch GET 200 https://registry.npmjs.org/@vue/runtime-core/-/runtime-core-3.5.18.tgz 983ms (cache miss)
npm http fetch GET 200 https://registry.npmjs.org/enhanced-resolve/-/enhanced-resolve-5.18.2.tgz 945ms (cache miss)
npm http fetch GET 200 https://registry.npmjs.org/@jridgewell/trace-mapping/-/trace-mapping-0.3.29.tgz 956ms (cache miss)
npm http fetch GET 200 https://registry.npmjs.org/postcss/-/postcss-8.5.6.tgz 972ms (cache miss)
npm http fetch GET 200 https://registry.npmjs.org/@inertiajs/core/-/core-2.0.17.tgz 983ms (cache miss)
npm http fetch GET 200 https://registry.npmjs.org/esbuild 914ms (cache miss)
npm http fetch GET 200 https://registry.npmjs.org/tailwindcss/-/tailwindcss-4.1.11.tgz 1017ms (cache miss)
npm http fetch GET 200 https://registry.npmjs.org/@babel/parser/-/parser-7.28.0.tgz 1093ms (cache miss)
npm http fetch GET 200 https://registry.npmjs.org/autoprefixer/-/autoprefixer-10.4.21.tgz 1050ms (cache miss)
npm http fetch GET 200 https://registry.npmjs.org/rollup/-/rollup-4.46.2.tgz 1158ms (cache miss)
npm http fetch GET 200 https://registry.npmjs.org/jiti/-/jiti-2.5.1.tgz 1144ms (cache miss)
npm http fetch GET 200 https://registry.npmjs.org/vue/-/vue-3.5.18.tgz 1188ms (cache miss)
npm http fetch GET 200 https://registry.npmjs.org/@tailwindcss/oxide-linux-x64-gnu/-/oxide-linux-x64-gnu-4.1.11.tgz 1212ms (cache miss)
npm http fetch GET 200 https://registry.npmjs.org/@headlessui/vue/-/vue-1.7.23.tgz 1218ms (cache miss)
npm http fetch GET 200 https://registry.npmjs.org/vite/-/vite-5.4.19.tgz 1249ms (cache miss)
npm http fetch GET 200 https://registry.npmjs.org/axios/-/axios-1.11.0.tgz 1266ms (cache miss)
npm http fetch GET 200 https://registry.npmjs.org/vite 242ms (cache miss)
npm http fetch GET 200 https://registry.npmjs.org/tar/-/tar-7.4.3.tgz 1399ms (cache miss)
npm http fetch GET 200 https://registry.npmjs.org/@babel/types/-/types-7.28.2.tgz 1463ms (cache miss)
npm http fetch GET 200 https://registry.npmjs.org/@vitejs%2fplugin-vue 112ms (cache miss)
npm http fetch GET 200 https://registry.npmjs.org/laravel-vite-plugin 139ms (cache miss)
npm http fetch GET 200 https://registry.npmjs.org/chart.js/-/chart.js-4.5.0.tgz 1545ms (cache miss)
npm http fetch GET 200 https://registry.npmjs.org/@esbuild/linux-x64/-/linux-x64-0.21.5.tgz 1623ms (cache miss)
npm http fetch GET 200 https://registry.npmjs.org/lightningcss-linux-x64-gnu/-/lightningcss-linux-x64-gnu-1.30.1.tgz 1613ms (cache miss)
npm http fetch GET 200 https://registry.npmjs.org/caniuse-lite/-/caniuse-lite-1.0.30001731.tgz 1661ms (cache miss)
npm http fetch GET 200 https://registry.npmjs.org/es-toolkit/-/es-toolkit-1.39.8.tgz 1894ms (cache miss)
npm http fetch GET 200 https://registry.npmjs.org/@heroicons/vue/-/vue-2.2.0.tgz 2048ms (cache miss)
npm info run @tailwindcss/oxide@4.1.11 postinstall node_modules/@tailwindcss/oxide node ./scripts/install.js
npm info run esbuild@0.21.5 postinstall node_modules/esbuild node install.js
npm info run @tailwindcss/oxide@4.1.11 postinstall { code: 0, signal: null }
npm info run esbuild@0.21.5 postinstall { code: 0, signal: null }

added 110 packages, and audited 111 packages in 15s

29 packages are looking for funding
  run `npm fund` for details

2 moderate severity vulnerabilities

To address all issues (including breaking changes), run:
  npm audit fix --force

Run `npm audit` for details.
npm verbose cwd /home/studiosdb/studiosunisdb/studiosdb_v5_pro
npm verbose os Linux 6.8.0-64-generic
npm verbose node v20.19.4
npm verbose npm  v10.8.2
npm verbose exit 0
npm info ok
[2025-08-01 10:54:56] ✅ Installation NPM réussie
[2025-08-01 10:54:56] ✅ tailwindcss installé
[2025-08-01 10:54:56] ✅ vite installé
[2025-08-01 10:54:56] ✅ vue installé
[2025-08-01 10:54:56] ✅ @inertiajs/vue3 installé
[2025-08-01 10:54:56] 
[2025-08-01 10:54:56] 🧪 PHASE 6: TESTS DE VALIDATION
[2025-08-01 10:54:56] ===============================
[2025-08-01 10:54:56] 🔧 Test syntax configurations...
[2025-08-01 10:54:56] ✅ tailwind.config.js syntax OK
[2025-08-01 10:54:56] ✅ vite.config.js syntax OK
[2025-08-01 10:54:56] 🎨 Test TailwindCSS CLI...
[2025-08-01 10:54:56] ❌ TailwindCSS CLI non fonctionnel
[2025-08-01 10:54:56] 🎨 Test génération CSS...
