
> dev
> vite dev

Port 5173 is in use, trying another one...
Port 5174 is in use, trying another one...
Port 5175 is in use, trying another one...

  VITE v5.4.19  ready in 498 ms

  ➜  Local:   http://localhost:5176/
  ➜  Network: use --host to expose

  LARAVEL v12.21.0  plugin v1.3.0

  ➜  APP_URL: http://localhost:8000
Error: Cannot apply unknown utility class `px-4`. Are you using CSS modules or similar and missing `@reference`? https://tailwindcss.com/docs/functions-and-directives#reference-directive
    at onInvalidCandidate (/home/studiosdb/studiosunisdb/studiosdb_v5_pro/node_modules/tailwindcss/dist/lib.js:18:1312)
    at ge (/home/studiosdb/studiosunisdb/studiosdb_v5_pro/node_modules/tailwindcss/dist/lib.js:13:29803)
    at /home/studiosdb/studiosunisdb/studiosdb_v5_pro/node_modules/tailwindcss/dist/lib.js:18:373
    at I (/home/studiosdb/studiosunisdb/studiosdb_v5_pro/node_modules/tailwindcss/dist/lib.js:3:1656)
    at je (/home/studiosdb/studiosunisdb/studiosdb_v5_pro/node_modules/tailwindcss/dist/lib.js:18:172)
    at bi (/home/studiosdb/studiosunisdb/studiosdb_v5_pro/node_modules/tailwindcss/dist/lib.js:35:780)
    at async yi (/home/studiosdb/studiosunisdb/studiosdb_v5_pro/node_modules/tailwindcss/dist/lib.js:35:1123)
    at async _r (/home/studiosdb/studiosunisdb/studiosdb_v5_pro/node_modules/@tailwindcss/node/dist/index.js:10:3384)
    at async p (/home/studiosdb/studiosunisdb/studiosdb_v5_pro/node_modules/@tailwindcss/postcss/dist/index.js:10:4019)
    at async Object.Once (/home/studiosdb/studiosunisdb/studiosdb_v5_pro/node_modules/@tailwindcss/postcss/dist/index.js:10:4290)
10:14:01 AM [vite] page reload app/Http/Controllers/DashboardController.php
10:14:02 AM [vite] page reload tailwind.config.js
10:14:02 AM [vite] page reload bootstrap/cache/config.php
10:14:02 AM [vite] hmr update /resources/css/app.css?direct, /resources/css/app.css
10:14:02 AM [vite] page reload storage/debugbar/01K1JZQ45X6FEM77BGNQB4VZ1J.json
10:14:23 AM [vite] page reload bootstrap/cache/config.php
10:14:24 AM [vite] page reload bootstrap/cache/routes-v7.php
10:14:24 AM [vite] page reload bootstrap/cache/routes-v7.php
10:14:24 AM [vite] page reload storage/framework/views/4b8717f6afbb393c9e0624afb3d35996.php
10:14:24 AM [vite] page reload storage/debugbar/01K1H4D354P2A6SSHRC4X7JTZY.json
10:14:24 AM [vite] page reload storage/debugbar/01K1JTMX8KSTT65VG5MCQGKTGM.json
10:14:24 AM [vite] page reload storage/debugbar/01K1H4FQQEZ7S1SG6FTJHQAF0X.json
10:14:24 AM [vite] page reload storage/debugbar/01K1H4GH17KXDV02Z9TK0TQJMC.json
10:14:24 AM [vite] page reload storage/debugbar/01K1H4QQTYYZN04WV5Q7YB3WH1.json
10:14:24 AM [vite] page reload storage/debugbar/01K1H4JK7DY83J03NFBA79SYKP.json
10:14:24 AM [vite] page reload storage/debugbar/01K1HE94FMQQ2ZAKEVSSVJC81G.json
10:14:24 AM [vite] page reload storage/debugbar/01K1H4JQETFPY0AJBPBQRG6WE1.json
10:14:24 AM [vite] page reload storage/debugbar/01K1H4W0CHGY349X0TKYF6WFHS.json
10:14:24 AM [vite] page reload storage/debugbar/01K1H4R2YDEDZA8GMGJYQJS2FK.json
10:14:24 AM [vite] page reload storage/debugbar/01K1JWJM5SJ5BJE8Y7R9GFJTVD.json
10:14:24 AM [vite] page reload storage/debugbar/01K1H4ET8HXX21BJ6YQPK21VF1.json
10:14:24 AM [vite] page reload storage/debugbar/01K1JB4B7FK9QPEMRXHHP3JTHM.json
10:14:24 AM [vite] page reload storage/debugbar/01K1GMZ86Q0HG1K50FTE44FWBC.json
10:14:24 AM [vite] page reload storage/debugbar/01K1H4H30W3D3HFWWWNENVGR5Z.json
10:14:24 AM [vite] page reload storage/debugbar/01K1JZ43VSYKT12N1WPWYDMKP2.json
10:14:24 AM [vite] page reload storage/debugbar/01K1H4WTNMAMP225V1CMN248ES.json
10:14:24 AM [vite] page reload storage/debugbar/01K1H4N5QARFF123VBKQJW7HYE.json
10:14:24 AM [vite] page reload storage/debugbar/01K1JY9CXGW15QS7CSZP5TXF3E.json
10:14:24 AM [vite] page reload storage/debugbar/01K1HD4R10WM978CBKWZEBV6WK.json
10:14:24 AM [vite] page reload storage/debugbar/01K1J1KEHYRN2A5JD6YXCVK2R1.json
10:14:24 AM [vite] page reload storage/debugbar/01K1H4MHB6AGKS4CXBDQGVJ6YG.json
10:14:24 AM [vite] page reload storage/debugbar/01K1H4DCNKMV2X21HRWT8T5S48.json
10:14:24 AM [vite] page reload storage/debugbar/01K1J64APQ7VTK0M932BBN67RD.json
10:14:24 AM [vite] page reload storage/debugbar/01K1H1AG0NQEKZFP15RDGB6D40.json
10:14:24 AM [vite] page reload storage/debugbar/01K1H4R78835ZQB7EMRWAAC14N.json
10:14:24 AM [vite] page reload storage/debugbar/01K1H4SKBQW2ZGSHZ8WYW08CY0.json
10:14:24 AM [vite] page reload storage/debugbar/01K1JAZPJEJCHTQPQXQGX68BV5.json
10:14:24 AM [vite] page reload storage/debugbar/01K1H4VF1MS02GBQVHY58JDZWK.json
10:14:24 AM [vite] page reload storage/debugbar/01K1H4QWMMMK0WPQCF6JWR7J8B.json
10:14:24 AM [vite] page reload storage/debugbar/01K1H4G7P6PGCJDE0CV3GKVTF1.json
10:14:24 AM [vite] page reload storage/debugbar/01K1HR82QGGZR5P9KGEDR1G16M.json
10:14:24 AM [vite] page reload storage/debugbar/01K1H4GTY79YBKJEZ7RN0JVM86.json
10:14:24 AM [vite] page reload storage/debugbar/01K1J8TBHC233RKAPGGYM2F4DR.json
10:14:24 AM [vite] page reload storage/debugbar/01K1H4VF6C68KWE6PPQDCS1W8N.json
10:14:24 AM [vite] page reload storage/debugbar/01K1H4W3NCFWEKTSRG69YC6FK3.json
10:14:24 AM [vite] page reload storage/debugbar/01K1H4D8BGNE8VX4HJYWT85QJD.json
10:14:24 AM [vite] page reload storage/debugbar/01K1JARJCEXW267QMZVRD9D645.json
10:14:24 AM [vite] page reload storage/debugbar/01K1H4PHHYJ84BF32ZVAVHPAQ5.json
10:14:24 AM [vite] page reload storage/debugbar/01K1H4ZEV6ZB3EP1XFFVS7AVG5.json
10:14:24 AM [vite] page reload storage/debugbar/01K1H4J4HZD4H6MP1007DCNY5R.json
10:14:24 AM [vite] page reload storage/debugbar/01K1JY9X37WD5VWD91W917PZ28.json
10:14:24 AM [vite] page reload storage/debugbar/01K1H4WAKBFJZWZPNYHD7RNXC6.json
10:14:24 AM [vite] page reload storage/debugbar/01K1H4TR89CFEZC6EGZBS3GP5D.json
10:14:24 AM [vite] page reload storage/debugbar/01K1JC1FHRX7WYH97B0XC6PH4C.json
10:14:24 AM [vite] page reload storage/debugbar/01K1H4Y5EJ1EPWZ4R2MVY6KHTR.json
10:14:24 AM [vite] page reload storage/debugbar/01K1H4SCQPES0HR1DCNM81C4RR.json
10:14:24 AM [vite] page reload storage/debugbar/01K1H4THN5SXQ2G7PY4MWA9QND.json
10:14:24 AM [vite] page reload storage/debugbar/01K1H4NRGCGW5CNZ4244YEYC9A.json
10:14:24 AM [vite] page reload storage/debugbar/01K1H4QFXPNSNBR4BZYVX5SPKH.json
10:14:24 AM [vite] page reload storage/debugbar/01K1H4H1VCWN6A63ZMCG42D87V.json
10:14:24 AM [vite] page reload storage/debugbar/01K1JYTKZ1TWBG5G6ZV4QZXDMG.json
10:14:24 AM [vite] page reload storage/debugbar/01K1JB4JH11T96WQPYVV2XYVC3.json
10:14:24 AM [vite] page reload storage/debugbar/01K1H4T337H87662ZBEKAJMMD8.json
10:14:24 AM [vite] page reload storage/debugbar/01K1HA7D2H7DQCNGWN8RPGX2AJ.json
10:14:24 AM [vite] page reload storage/debugbar/01K1H4G0E03YHHQYJBA6FA7WH3.json
10:14:24 AM [vite] page reload storage/debugbar/01K1JVRX00D5HF96TXY9MTPXC7.json
10:14:24 AM [vite] page reload storage/debugbar/01K1H4NR5ZFCD8MT40V1PPWAEY.json
10:14:24 AM [vite] page reload storage/debugbar/01K1H4H7GDYPRR4EDQ51XCHWQC.json
10:14:24 AM [vite] page reload storage/debugbar/01K1H4T3CGFTCDMZE1P9V89Q8S.json
10:14:24 AM [vite] page reload storage/debugbar/01K1H4K9MH69RY7K5MDYEWQX70.json
10:14:24 AM [vite] page reload storage/debugbar/01K1H4QB19G1822D8EX1DVMVRT.json
10:14:24 AM [vite] page reload storage/debugbar/01K1JC27AMDYDFP55S462MPWBY.json
10:14:24 AM [vite] page reload storage/debugbar/01K1H4FCS85JH64DTY86SMPQMC.json
10:14:24 AM [vite] page reload storage/debugbar/01K1H4G1MFAC4R29XJESHW2XFJ.json
10:14:24 AM [vite] page reload storage/debugbar/01K1H4FBHFCJ2K82NK60PJKYAS.json
10:14:24 AM [vite] page reload storage/debugbar/01K1H4R6YJMAB3ZHG738MZ8GJ0.json
10:14:24 AM [vite] page reload storage/debugbar/01K1H4J8TM9MW53EJRA7ASQY08.json
10:14:24 AM [vite] page reload storage/debugbar/01K1JBRF055VHTWQ4Q2WFN3B74.json
10:14:24 AM [vite] page reload storage/debugbar/01K1JNHCJMRGK7H4KW6WEB2MZY.json
10:14:24 AM [vite] page reload storage/debugbar/01K1H4YZ1AZ6FE7VG5XNG6SST7.json
10:14:24 AM [vite] page reload storage/debugbar/01K1JC1D1DMX2VDC43AKWSY2P8.json
10:14:24 AM [vite] page reload storage/debugbar/01K1H4VFB8KCBCV6R4D2M5N37J.json
10:14:24 AM [vite] page reload storage/debugbar/01K1H4YQZ41E56KXSP6QXPC9AM.json
10:14:24 AM [vite] page reload storage/debugbar/01K1H4RWPKF3YY5VQMGBXKDBZ9.json
10:14:24 AM [vite] page reload storage/debugbar/01K1JC799Y7YCENF0Q64SA1HPW.json
10:14:24 AM [vite] page reload storage/debugbar/01K1H4HHJGAY19V3QEBC541ZKW.json
10:14:24 AM [vite] page reload storage/debugbar/01K1H4EMNX6YWNEYK62VG0JR2J.json
10:14:24 AM [vite] page reload storage/debugbar/01K1H4JJ8EGJWDFJDZ4GXAJ8KQ.json
10:14:24 AM [vite] page reload storage/debugbar/01K1GPS8WXG4SY86C11CG5WW1P.json
10:14:24 AM [vite] page reload storage/debugbar/01K1H4WAEFQSHA0EG27RZ8B8XX.json
10:14:24 AM [vite] page reload storage/debugbar/01K1H4H1D0SQW2B65BKAV9XEH9.json
10:14:24 AM [vite] page reload storage/debugbar/01K1H4T3VSX37YVHXP0V58M5ST.json
10:14:24 AM [vite] page reload storage/debugbar/01K1H4EFM094RB04QSTE78XS6M.json
10:14:24 AM [vite] page reload storage/debugbar/01K1H4VXWMSTWN52ZZXACWZRDY.json
10:14:24 AM [vite] page reload storage/debugbar/01K1H4SBX3YSHWHBHXFGDG5PW0.json
10:14:24 AM [vite] page reload storage/debugbar/01K1GN50WYE0S8MGZNVWGPHBMD.json
10:14:24 AM [vite] page reload storage/debugbar/01K1H4KV06D86KAWTD8PZ2J7NC.json
10:14:24 AM [vite] page reload storage/debugbar/01K1H4Y149Q9TMZ8QAE72XVHY1.json
10:14:24 AM [vite] page reload storage/debugbar/01K1H4FBVAJD6R07S61PY4RH09.json
10:14:24 AM [vite] page reload storage/debugbar/01K1H4CQX8RR0MWDGGNVAAR0JR.json
10:14:24 AM [vite] page reload storage/debugbar/01K1H4DFKTGTTY3PK252T2J616.json
10:14:24 AM [vite] page reload storage/debugbar/01K1GN4ZW7A1MPEK5DVG3DPVT3.json
10:14:24 AM [vite] page reload storage/debugbar/01K1JC3FMZ5WAFHPVEHJ3MGA74.json
10:14:24 AM [vite] page reload storage/debugbar/01K1H4Z8E731VV93N0KYHZWV8N.json
10:14:24 AM [vite] page reload storage/debugbar/01K1JB335NJ8T6P26KYHCAB2VA.json
10:14:24 AM [vite] page reload storage/debugbar/01K1H4FJFYYC3BQ24R7F9X9XWR.json
10:14:24 AM [vite] page reload storage/debugbar/01K1H4VEJHWS2TBVDZ90FPR8HN.json
10:14:24 AM [vite] page reload storage/debugbar/01K1JVZV8H4F6Z2DTT6NNKMCGZ.json
10:14:24 AM [vite] page reload storage/debugbar/01K1H4GZF33SKHGJBDC9FEERJW.json
10:14:24 AM [vite] page reload storage/debugbar/01K1H4VWP4E0PA4STCVNF2655B.json
10:14:24 AM [vite] page reload storage/debugbar/01K1H4J3XPN6T93STYK8NQ1QM5.json
10:14:24 AM [vite] page reload storage/debugbar/01K1H4VX9FS4WZT6B2PTBEY3W1.json
10:14:24 AM [vite] page reload storage/debugbar/01K1H4GCAAA0DS8DFH833WVCFR.json
10:14:24 AM [vite] page reload storage/debugbar/01K1H4K96DVBYNV0EEVAT6GC4B.json
10:14:24 AM [vite] page reload storage/debugbar/01K1HZ9ZW6D680MTZ6AR5DRYWV.json
10:14:24 AM [vite] page reload storage/debugbar/01K1J8TDJG87BM9ZPKA3W344Z9.json
10:14:24 AM [vite] page reload storage/debugbar/01K1GMJZ2H41MQVF79WK0AXD3G.json
10:14:24 AM [vite] page reload storage/debugbar/01K1HP24PP9TMJ5YB0RV0S7PM3.json
10:14:24 AM [vite] page reload storage/debugbar/01K1JTMX4B1KEY3RK8Y0B4XH7S.json
10:14:24 AM [vite] page reload storage/debugbar/01K1JXEHQVE9C6B6NCAA3Y9C7Y.json
10:14:24 AM [vite] page reload storage/debugbar/01K1HCCFF2A9Z5K7BD26Y09CWV.json
10:14:24 AM [vite] page reload storage/debugbar/01K1JBMVBN6AVVBGSPA6KP0NER.json
10:14:24 AM [vite] page reload storage/debugbar/01K1GSX41V4ZC4CK1STB4ZB14Y.json
10:14:24 AM [vite] page reload storage/debugbar/01K1H4GHF039FWBHGY9MYQX0MZ.json
10:14:24 AM [vite] page reload storage/debugbar/01K1H4SNT6R8TRXR8KVP8H4P0Q.json
10:14:24 AM [vite] page reload storage/debugbar/01K1H4WE01WWAK9JB3TPN7MWFJ.json
10:14:24 AM [vite] page reload storage/debugbar/01K1H4NR0YKDF59EDKN1HK3G88.json
10:14:24 AM [vite] page reload storage/debugbar/01K1H4G22TW44VNJ7Y0M6MQE5E.json
10:14:24 AM [vite] page reload storage/debugbar/01K1JB4R90K6R7J39AAVMWBF63.json
10:14:24 AM [vite] page reload storage/debugbar/01K1JWWZXFM8X186EQNM3ECRSM.json
10:14:24 AM [vite] page reload storage/debugbar/01K1JSVQ8TAR4WCSHEE675D66C.json
10:14:24 AM [vite] page reload storage/debugbar/01K1H6TN621A27RJ2Q3TZ8GT5X.json
10:14:24 AM [vite] page reload storage/debugbar/01K1H4RB7SP8SZ8NF2CWN4QPHX.json
10:14:24 AM [vite] page reload storage/debugbar/01K1H4JWD1H7QXZ24J1P0MJEBQ.json
10:14:24 AM [vite] page reload storage/debugbar/01K1JYQ1P11E928R21ZRWDTND1.json
10:14:24 AM [vite] page reload storage/debugbar/01K1H120B2NNA4JR9Y1A7R45Y2.json
10:14:24 AM [vite] page reload storage/debugbar/01K1H4GTKQ4912ZRYVZP579ADK.json
10:14:24 AM [vite] page reload storage/debugbar/01K1H4H185ZW5QF8B9B0QAH2NS.json
10:14:24 AM [vite] page reload storage/debugbar/01K1H4V7Y7G4VSGBPGVENAP5WF.json
10:14:24 AM [vite] page reload storage/debugbar/01K1H4VKZFJGNDX7FS424V6MK4.json
10:14:24 AM [vite] page reload storage/debugbar/01K1H4N6WY2TSN33RK3J4XPGFY.json
10:14:24 AM [vite] page reload storage/debugbar/01K1H4N72J6D5HVPS220FYGWAV.json
10:14:24 AM [vite] page reload storage/debugbar/01K1H4T3H70XR4NSFJPB3SC0AC.json
10:14:24 AM [vite] page reload storage/debugbar/01K1H4MQGMKD67QSJTXN5GB57H.json
10:14:24 AM [vite] page reload storage/debugbar/01K1H4S7ZBWW0JJK5S2NWENQHZ.json
10:14:24 AM [vite] page reload storage/debugbar/01K1H4P3DSDKCFZ05219DJE6G5.json
10:14:24 AM [vite] page reload storage/debugbar/01K1H4DEMVF9T2RJ99V8JPA4XK.json
10:14:24 AM [vite] page reload storage/debugbar/01K1H4GT8EW7G3XKRJC5D99MNC.json
10:14:24 AM [vite] page reload storage/debugbar/01K1JYQ1Q047A2HBERTS6438YC.json
10:14:24 AM [vite] page reload storage/debugbar/01K1J4Y7RKC1FQQ9Y9Q063KEN1.json
10:14:24 AM [vite] page reload storage/debugbar/01K1H4QWYDYS76MB6KH36HQJK7.json
10:14:24 AM [vite] page reload storage/debugbar/01K1H4HJ57RDDR3A5YB3RH7BJW.json
10:14:24 AM [vite] page reload storage/debugbar/01K1H4QAJSVQMCC2N1FJ4VXV93.json
10:14:24 AM [vite] page reload storage/debugbar/01K1H4PH6PJD4DV1EX5WXV3CQH.json
10:14:24 AM [vite] page reload storage/debugbar/01K1HEAJQWC3RQ2N0KMJ62W217.json
10:14:24 AM [vite] page reload storage/debugbar/01K1H4YXR959NHWNK2KNS77CNQ.json
10:14:24 AM [vite] page reload storage/debugbar/01K1H4YKYQ0YV899MXNZWK7P3B.json
10:14:24 AM [vite] page reload storage/debugbar/01K1JB43TFK4SREBC2B7KTGED0.json
10:14:24 AM [vite] page reload storage/debugbar/01K1HQ550FPFMETWR88BVBJYTX.json
10:14:24 AM [vite] page reload storage/debugbar/01K1H4R6STWPK6RBZKGEY12W9V.json
10:14:24 AM [vite] page reload storage/debugbar/01K1H4Y0FYMW6PN208V8NWYSAV.json
10:14:24 AM [vite] page reload storage/debugbar/01K1H4Z84NZYSVNT99V1W4P3M9.json
10:14:24 AM [vite] page reload storage/debugbar/01K1HECYQV33MHD7GV805K5814.json
10:14:24 AM [vite] page reload storage/debugbar/01K1H9PSPAJ6D3RE3YA1CXB092.json
10:14:24 AM [vite] page reload storage/debugbar/01K1H4VKBY0BPJ09BSE0Z8JQ2Y.json
10:14:24 AM [vite] page reload storage/debugbar/01K1H4J47MZTVJA4NHN9Q8R90R.json
10:14:24 AM [vite] page reload storage/debugbar/01K1JAKTK7TNNE7NAQ49S308PF.json
10:14:24 AM [vite] page reload storage/debugbar/01K1H4NQVXS7B7WXKYY8X14PFM.json
10:14:24 AM [vite] page reload storage/debugbar/01K1H4SNZHF5XCGA50521P4KTZ.json
10:14:24 AM [vite] page reload storage/debugbar/01K1JBMY8HVSSY5FN5BDDX9JEN.json
10:14:24 AM [vite] page reload storage/debugbar/01K1H4JHNPB46RK3564QK4Z9X4.json
10:14:24 AM [vite] page reload storage/debugbar/01K1H4QBM1RTGNDZH1F5493BJ2.json
10:14:24 AM [vite] page reload storage/debugbar/01K1H4XGSANYQ90HJ3470CH3E3.json
10:14:24 AM [vite] page reload storage/debugbar/01K1H4CQFFNNSGR9C47BRH7490.json
10:14:24 AM [vite] page reload storage/debugbar/01K1H588TAA7J9Y253SEVXJKBK.json
10:14:24 AM [vite] page reload storage/debugbar/01K1JVZZ0FXSZBWAW06BKCPWW5.json
10:14:24 AM [vite] page reload storage/debugbar/01K1JWJJEX9KZA3050CDTRHD6P.json
10:14:24 AM [vite] page reload storage/debugbar/01K1JC7ZAT9G8ESWJBS8GAYNCY.json
10:14:24 AM [vite] page reload storage/debugbar/01K1H4GZZ5YWT5WBVAHB4CTC8K.json
10:14:24 AM [vite] page reload storage/debugbar/01K1H4TRD5EYP3EXAKVC5Y2F3Z.json
10:14:24 AM [vite] page reload storage/debugbar/01K1JWJQGYMZQTV8H60H8BK18C.json
10:14:24 AM [vite] page reload storage/debugbar/01K1H4H2018KSM3VEBEHFXFKMZ.json
10:14:24 AM [vite] page reload storage/debugbar/01K1H4SCDG2HK0D13VT4TCCXY9.json
10:14:24 AM [vite] page reload storage/debugbar/01K1JWX03YRMA5ZBXVWY4ZV33Q.json
10:14:24 AM [vite] page reload storage/debugbar/01K1H4XD5T77S53MXYNXG1J4P6.json
10:14:24 AM [vite] page reload storage/debugbar/01K1H4V9FDQT6ZW5CRJ4K6EAES.json
10:14:24 AM [vite] page reload storage/debugbar/01K1H4DD8JXSHTMPQJB0M7XAPM.json
10:14:24 AM [vite] page reload storage/debugbar/01K1HJ5X4YGH75H2Y0BP6QVJ2E.json
10:14:24 AM [vite] page reload storage/debugbar/01K1H4M9QC44XPVQEWM9FC9C5G.json
10:14:24 AM [vite] page reload storage/debugbar/01K1H4T4CD3VZBFVSAWZAAX0X4.json
10:14:24 AM [vite] page reload storage/debugbar/01K1JB403FSZRVEWDN34KR0A1B.json
10:14:24 AM [vite] page reload storage/debugbar/01K1H4N81GS4WRG2RZWQS9WCAZ.json
10:14:24 AM [vite] page reload storage/debugbar/01K1JYFPRZDYGP22SFMJMC0CPX.json
10:14:24 AM [vite] page reload storage/debugbar/01K1H4DEE0GYTSQW6948Y3JE6M.json
10:14:24 AM [vite] page reload storage/debugbar/01K1JZBZSCRHKGGGVTRMKTCTWM.json
10:14:24 AM [vite] page reload storage/debugbar/01K1H4FCFCX4P84HYGN8A3X3JY.json
10:14:24 AM [vite] page reload storage/debugbar/01K1H4S2EE1PHA1D11YNJDVD8Z.json
10:14:24 AM [vite] page reload storage/debugbar/01K1H4F4T1GN5WHNM3ARJ7TCDZ.json
10:14:24 AM [vite] page reload storage/debugbar/01K1H4XCVB4PPYZBXKN58XY1N7.json
10:14:24 AM [vite] page reload storage/debugbar/01K1H4PGMM66W36DX2K01AVFXD.json
10:14:24 AM [vite] page reload storage/debugbar/01K1HJ5Y4A3QMHXE17Z6NXWBHQ.json
10:14:24 AM [vite] page reload storage/debugbar/01K1H4CDND205Z3WWNM6WJM21W.json
10:14:24 AM [vite] page reload storage/debugbar/01K1H4CXF24NZPNTH0BGJK8BAK.json
10:14:24 AM [vite] page reload storage/debugbar/01K1HD4P4RAN1X7CFZ6A4Y8YHZ.json
10:14:24 AM [vite] page reload storage/debugbar/01K1HQVKSAJ14RA02SVFRNPAKN.json
10:14:24 AM [vite] page reload storage/debugbar/01K1H4XZ9QZ99V1J2JRPJWD871.json
10:14:24 AM [vite] page reload storage/debugbar/01K1H4HJZWFAD611B4HNQE16SK.json
10:14:24 AM [vite] page reload storage/debugbar/01K1H4G1Y5X32C37CZ85S3Q792.json
10:14:24 AM [vite] page reload storage/debugbar/01K1H4QX8EBS27G8M3QQ69PE6E.json
10:14:24 AM [vite] page reload storage/debugbar/01K1JB3GRVQWP38JXPN2DYJWGF.json
10:14:24 AM [vite] page reload storage/debugbar/01K1H4QX36R6CNRNJK3N36NRN6.json
10:14:24 AM [vite] page reload storage/debugbar/01K1H4VWC77FKSDGGP0KCSPW0D.json
10:14:24 AM [vite] page reload storage/debugbar/01K1JAP9SMNT6C5CDW0A12EVZN.json
10:14:24 AM [vite] page reload storage/debugbar/01K1H4STAVNQ6WM5GA16DPSWE0.json
10:14:24 AM [vite] page reload storage/debugbar/01K1H4PCFWQ9ZY1G4P6DD206YK.json
10:14:24 AM [vite] page reload storage/debugbar/01K1H4Q1N9KAYBM6Q5XMYPRTK6.json
10:14:24 AM [vite] page reload storage/debugbar/01K1JB212S3XNYRMP286DSD8WX.json
10:14:24 AM [vite] page reload storage/debugbar/01K1H4S1GAQPXG4HMF0MA9BY0Y.json
10:14:24 AM [vite] page reload storage/debugbar/01K1JANVBT08C75XPDXG880BFK.json
10:14:24 AM [vite] page reload storage/debugbar/01K1H4V8FY8FXFFV821VTG9VJN.json
10:14:24 AM [vite] page reload storage/debugbar/01K1J3CV9N769XM4EHQTENKPFC.json
10:14:24 AM [vite] page reload storage/debugbar/01K1H4D3ABG27K0AKXS5ET3XDX.json
10:14:24 AM [vite] page reload storage/debugbar/01K1H4WHJ8MSV2F2YZDRNB4D3B.json
10:14:24 AM [vite] page reload storage/debugbar/01K1H4VWZDXZ87JBCKQE2PA7T5.json
10:14:24 AM [vite] page reload storage/debugbar/01K1H4JQ0CX8P88MW860ADA8FE.json
10:14:24 AM [vite] page reload storage/debugbar/01K1H4S1WCB1DVCNQC01FH4R2Q.json
10:14:24 AM [vite] page reload storage/debugbar/01K1H4HH89TWX26GPVD1NZGWSP.json
10:14:24 AM [vite] page reload storage/debugbar/01K1H4C3DPB9PX4B6XJ13VF0HZ.json
10:14:24 AM [vite] page reload storage/debugbar/01K1H4SP4A1RPF4TVY7QG23YMD.json
10:14:24 AM [vite] page reload storage/debugbar/01K1H4W961FV1CF8ZDWDHCHNZX.json
10:14:24 AM [vite] page reload storage/debugbar/01K1H4J42CS4ZC55TZVSJAZ0B7.json
10:14:24 AM [vite] page reload storage/debugbar/01K1H4G6AX3BBDAE8ARC2GR0TH.json
10:14:24 AM [vite] page reload storage/debugbar/01K1H4GTEYHG39SDSJT8BP3P9P.json
10:14:24 AM [vite] page reload storage/debugbar/01K1H4JQYJFF9PGD0C1HFHHFTK.json
10:14:24 AM [vite] page reload storage/debugbar/01K1H4TJ3NPZH10CS07GBPY733.json
10:14:24 AM [vite] page reload storage/debugbar/01K1JC7SPW6HAZ67PYA6DSE3ZV.json
10:14:24 AM [vite] page reload storage/debugbar/01K1H4WE4SJR95SY70EP3KY281.json
10:14:24 AM [vite] page reload storage/debugbar/01K1JZQS99A2WTTXM1DZY2ZE69.json
10:14:24 AM [vite] page reload storage/debugbar/01K1H4N77BCTVHND0G82VDJXTG.json
10:14:24 AM [vite] page reload storage/debugbar/01K1HNGEXTAMFYQVEC3ADZYWGF.json
10:14:24 AM [vite] page reload storage/debugbar/01K1H4HHDT3PSYXNBS6X8DA0FK.json
10:14:24 AM [vite] page reload storage/debugbar/01K1H4CDYJXZH7GQNTTKP1GGXG.json
10:14:24 AM [vite] page reload storage/debugbar/01K1H4VECGFWJ1FNRDFT5XY5J4.json
10:14:24 AM [vite] page reload storage/debugbar/01K1H4VK2T9Z6SJT7M5RC6WKCY.json
10:14:24 AM [vite] page reload storage/debugbar/01K1H4G0Y82NG8701F3H5RDR9M.json
10:14:24 AM [vite] page reload storage/debugbar/01K1H4MXDVH5FP0RK2FP32ZBD7.json
10:14:24 AM [vite] page reload storage/debugbar/01K1H4MZY3A1Z1EC2K5G4EM5P2.json
10:14:24 AM [vite] page reload storage/debugbar/01K1H4M3H3MJY1ZZJ5DFRZEXS8.json
10:14:24 AM [vite] page reload storage/debugbar/01K1GN4YS05EXPB8SXR89RAJX7.json
10:14:24 AM [vite] page reload storage/debugbar/01K1H4THT3Y57960JNQT1WRZ8H.json
10:14:24 AM [vite] page reload storage/debugbar/01K1JYGM6HFB095DYMC21MF5JV.json
10:14:24 AM [vite] page reload storage/debugbar/01K1JAB2Q1CW4AR5DB30FF3VMD.json
10:14:24 AM [vite] page reload storage/debugbar/01K1H4S27W0ETSH453K7C4KPM8.json
10:14:24 AM [vite] page reload storage/debugbar/01K1JY9CY7GV5TBBP9PGFVGSAP.json
10:14:24 AM [vite] page reload storage/debugbar/01K1HZ9ZRVDC87GCBB2X1YCZBR.json
10:14:24 AM [vite] page reload storage/debugbar/01K1H4V95FGH00FESQHT63AYKH.json
10:14:24 AM [vite] page reload storage/debugbar/01K1JY8Z86GVXRF7QHJEW4YW4G.json
10:14:24 AM [vite] page reload storage/debugbar/01K1HG1EB25XBCC2H3EPTET9CN.json
10:14:24 AM [vite] page reload storage/debugbar/01K1JC69282S4DEY61V3K9MTM6.json
10:14:24 AM [vite] page reload storage/debugbar/01K1H4FJYJZ019J34F6BTGN53V.json
10:14:24 AM [vite] page reload storage/debugbar/01K1H4STSZ68YDAKCFGY009J8K.json
10:14:24 AM [vite] page reload storage/debugbar/01K1H4G7VAK4A6GCEKMS4519FP.json
10:14:24 AM [vite] page reload storage/debugbar/01K1H4GSZ8Y8TM4F3KNT1FR2WQ.json
10:14:24 AM [vite] page reload storage/debugbar/01K1H4K9FA0HCM92QK9NN2JCTD.json
10:14:24 AM [vite] page reload storage/debugbar/01K1GX4FVBP0X6C6CBKPX36X2F.json
10:14:24 AM [vite] page reload storage/debugbar/01K1JSTNHFHBBNC7H7MC49WYPW.json
10:14:24 AM [vite] page reload storage/debugbar/01K1GMH3RFP3BVHVW6J734KEJH.json
10:14:24 AM [vite] page reload storage/debugbar/01K1H4G04Q3TD8TMMT0QM5SN2C.json
10:14:24 AM [vite] page reload storage/debugbar/01K1H4G1427BQW9N3B7Q0KEF4K.json
10:14:24 AM [vite] page reload storage/debugbar/01K1JTMXD502C0XJ35BCPHENBW.json
10:14:24 AM [vite] page reload storage/debugbar/01K1JAZT9JMNR49X1PVJ7XY0RV.json
10:14:24 AM [vite] page reload storage/debugbar/01K1H4BXE0MN8GX37V4GBBQEQ5.json
10:14:24 AM [vite] page reload storage/debugbar/01K1H4A58VGVQDZSJEJH5VCJFN.json
10:14:24 AM [vite] page reload storage/debugbar/01K1H4H045ZH089AFC5QMH84ZG.json
10:14:24 AM [vite] page reload storage/debugbar/01K1H4WYCDH9QKS6ZRN85J6NM3.json
10:14:24 AM [vite] page reload storage/debugbar/01K1H4R2SN6NEHH8Y3YR32MK21.json
10:14:24 AM [vite] page reload storage/debugbar/01K1H4J98F3HCHH0B7VC2JAVNJ.json
10:14:24 AM [vite] page reload storage/debugbar/01K1H4T4HAFKTT0D9AYXVTEFPK.json
10:14:24 AM [vite] page reload storage/debugbar/01K1H4JQS0PB983Q33Q7ME04AP.json
10:14:24 AM [vite] page reload storage/debugbar/01K1H4TK4Y8DDZXRXNCD1Q19BA.json
10:14:24 AM [vite] page reload storage/debugbar/01K1H4DE4DCMTFN2P7YC2VFQWP.json
10:14:24 AM [vite] page reload storage/debugbar/01K1H0GGQH59FKMPB0RR1ZMQ4N.json
10:14:24 AM [vite] page reload storage/debugbar/01K1H4G7CCA7AW1J19AT3E3MFV.json
10:14:24 AM [vite] page reload storage/debugbar/01K1H4QXQW7MFQV1GXF3KD9XFK.json
10:14:24 AM [vite] page reload storage/debugbar/01K1H4MJQ2E4XA7VDKK32K73R8.json
10:14:24 AM [vite] page reload storage/debugbar/01K1H4QRJRP7SGJPZJQ44HEWZ2.json
10:14:24 AM [vite] page reload storage/debugbar/01K1H4YZMHBXZREW197R8S75SJ.json
10:14:24 AM [vite] page reload storage/debugbar/01K1H4N0PGMJFD8AV445THWCNF.json
10:14:24 AM [vite] page reload storage/debugbar/01K1H4CX4G5YZBN37YTF2BFDZ8.json
10:14:24 AM [vite] page reload storage/debugbar/01K1H4SE8GJM2B8RHFHX1SPK1T.json
10:14:24 AM [vite] page reload storage/debugbar/01K1H4YAHJSAW3SNBDTQWNMKD1.json
10:14:24 AM [vite] page reload storage/debugbar/01K1GP41NJWJ7E9V94XYJZ7KRQ.json
10:14:24 AM [vite] page reload storage/debugbar/01K1H4FB3BYH7G85C6F9RN31W2.json
10:14:24 AM [vite] page reload storage/debugbar/01K1J3CVVA76HM204T2ZG29RFC.json
10:14:24 AM [vite] page reload storage/debugbar/01K1JC1J3SRSJDQHM11TMBNQ1Z.json
10:14:24 AM [vite] page reload storage/debugbar/01K1H4KP7CZSXHRSFEY71RMZSK.json
10:14:24 AM [vite] page reload storage/debugbar/01K1JYGHZF8WJKBRYDAZZKGE74.json
10:14:24 AM [vite] page reload storage/debugbar/01K1H4YR82MAC0CF57F6SYEJ2Y.json
10:14:24 AM [vite] page reload storage/debugbar/01K1H4VZV8VY1DQ2PXJ7H7JRZK.json
10:14:24 AM [vite] page reload storage/debugbar/01K1H4PW7H639DY4WKAHC8BZ67.json
10:14:24 AM [vite] page reload storage/debugbar/01K1H4CE96Q56SG4H25GE1PERS.json
10:14:24 AM [vite] page reload storage/debugbar/01K1H4C2TPHVQSSJ8EACM5B292.json
10:14:24 AM [vite] page reload storage/debugbar/01K1H4STN4571RRXJYP33ZH3SH.json
10:14:24 AM [vite] page reload storage/debugbar/01K1JZNM4ES6MHE139K0XD1XQ7.json
10:14:24 AM [vite] page reload storage/debugbar/01K1H4VQS7BT7JNWDZA8VMAXAM.json
10:14:24 AM [vite] page reload storage/debugbar/01K1H120K3A57N0KSVDYGVHB46.json
10:14:24 AM [vite] page reload storage/debugbar/01K1H4HBXV6K2CKNSTZF8H3N65.json
10:14:24 AM [vite] page reload storage/debugbar/01K1H4MWATBTAV37T1G1GH67XP.json
10:14:24 AM [vite] page reload storage/debugbar/01K1H4XC9FSFKKQZF2HKV9T86E.json
10:14:24 AM [vite] page reload storage/debugbar/01K1H4WHWJ2JKDXEEGMJFKDWGE.json
10:14:24 AM [vite] page reload storage/debugbar/01K1H4PVYCY6EEK6BG8QES1YQC.json
10:14:24 AM [vite] page reload storage/debugbar/01K1H4H37ASTQPZ8VXXAY4KGAK.json
10:14:24 AM [vite] page reload storage/debugbar/01K1JBN0VMGKV8MF6PSEF824C6.json
10:14:24 AM [vite] page reload storage/debugbar/01K1H4W07VJPQP9MRH440D1KY8.json
10:14:24 AM [vite] page reload storage/debugbar/01K1HQV7A7887XP7ZWT80KQM8P.json
10:14:24 AM [vite] page reload storage/debugbar/01K1H4R6N1WQS7ETYS5JNCCKNF.json
10:14:24 AM [vite] page reload storage/debugbar/01K1H4K51JN9K9FP5AYKSR8925.json
10:14:24 AM [vite] page reload storage/debugbar/01K1H4K9Y1BY2VK232TE1WN3F6.json
10:14:24 AM [vite] page reload storage/debugbar/01K1JC6GJM5TMXVK9CXTF3VEB6.json
10:14:24 AM [vite] page reload storage/debugbar/01K1GPS90YSGJZ9G8ANZMYSPVJ.json
10:14:24 AM [vite] page reload storage/debugbar/01K1JC1B1T4CFT7BN6DT56Q9TP.json
10:14:24 AM [vite] page reload storage/debugbar/01K1H4DD3XVMZ99FEMB8N62BDE.json
10:14:24 AM [vite] page reload storage/debugbar/01K1H4NXMS8WKKH441350ZYBC0.json
10:14:24 AM [vite] page reload storage/debugbar/01K1HJ5W7MYTF1H0EVWF8FP58S.json
10:14:24 AM [vite] page reload storage/debugbar/01K1JC4NFV27T0MRTZZ66CND10.json
10:14:24 AM [vite] page reload storage/debugbar/01K1JBT65ENYAEENF7P48H713J.json
10:14:24 AM [vite] page reload storage/debugbar/01K1H4Q5X4BCZZW7HVMHM850X1.json
10:14:24 AM [vite] page reload storage/debugbar/01K1H4Z3DXKVN6RBJ4ADPVQ97N.json
10:14:24 AM [vite] page reload storage/debugbar/01K1H4XMX43QZCZ454V4ZHHPT3.json
10:14:24 AM [vite] page reload storage/debugbar/01K1H4KYTMYWPWFQNJ3077YEBA.json
10:14:24 AM [vite] page reload storage/debugbar/01K1H4Y0Q0RS5ZHVW7MTX4P6SC.json
10:14:24 AM [vite] page reload storage/debugbar/01K1JC7PFTT6M66NR2TDN4YCXC.json
10:14:24 AM [vite] page reload storage/debugbar/01K1HJKHGVJ9A6GPMGD1AV7XYZ.json
10:14:24 AM [vite] page reload storage/debugbar/01K1H4R6G5XBQ3SQ3FQRVXC2S5.json
10:14:24 AM [vite] page reload storage/debugbar/01K1H4J93RSKGQ7X021WNV22WX.json
10:14:24 AM [vite] page reload storage/debugbar/01K1JAZRJB4RR20DNEG65J31EP.json
10:14:24 AM [vite] page reload storage/debugbar/01K1H4MZ6Y7KW803ZB53ZTRKND.json
10:14:24 AM [vite] page reload storage/debugbar/01K1H4HC82KR8W7TSQ463B87CB.json
10:14:24 AM [vite] page reload storage/debugbar/01K1H4R1HA75Q9NQT0345XXBC3.json
10:14:24 AM [vite] page reload storage/debugbar/01K1H4JDRFSRD74D6HJYB97MRK.json
10:14:24 AM [vite] page reload storage/debugbar/01K1HRQ40WDVXD8VJ3BRFQ3PTF.json
10:14:24 AM [vite] page reload storage/debugbar/01K1H4C33S0RRRZZW01DTXF9KV.json
10:14:24 AM [vite] page reload storage/debugbar/01K1JAKQ0142K3SFPWBVYGFDVR.json
10:14:24 AM [vite] page reload storage/debugbar/01K1H4KZ7M677C8A135N4GP06J.json
10:14:24 AM [vite] page reload storage/debugbar/01K1H4CWVJTBMNVTPVK8KVH7A7.json
10:14:24 AM [vite] page reload storage/debugbar/01K1H4G6XM68M5X3Y2MTH6GQQ4.json
10:14:24 AM [vite] page reload storage/debugbar/01K1JAZVYZSMTE26CD7JB1N668.json
10:14:24 AM [vite] page reload storage/debugbar/01K1H4YY3JEDNE5N72BNXCA1KV.json
10:14:24 AM [vite] page reload storage/debugbar/01K1H4R2CFA66XMZFGQYCX77BS.json
10:14:24 AM [vite] page reload storage/debugbar/01K1JBXQV8ZPR5JS7QCT9G8PVK.json
10:14:24 AM [vite] page reload storage/debugbar/01K1JSSPKZEK2S2BMX6ET4SQNT.json
10:14:24 AM [vite] page reload storage/debugbar/01K1H4KDQZ1ZG4PXW8EZZ886DJ.json
10:14:24 AM [vite] page reload storage/debugbar/01K1H4FCM262NAV1HDZ0M67Z1A.json
10:14:24 AM [vite] page reload storage/debugbar/01K1HSKAGWAP4FPTMFEF254KB4.json
10:14:24 AM [vite] page reload storage/debugbar/01K1H4MWG209568H24JQ9CCB3H.json
10:14:24 AM [vite] page reload storage/debugbar/01K1JBQGPWQQMFBGWQ6SBTQNMY.json
10:14:24 AM [vite] page reload storage/debugbar/01K1H4EEZ34TM4SDDSM74AP4BY.json
10:14:24 AM [vite] page reload storage/debugbar/01K1H4S2YPTPFBVTT8GYZVTMGZ.json
10:14:24 AM [vite] page reload storage/debugbar/01K1GYKKQ70R2P5ZT7S414Q6F1.json
10:14:24 AM [vite] page reload storage/debugbar/01K1H4DFAJKFPXGJCN4C2P99KD.json
10:14:24 AM [vite] page reload storage/debugbar/01K1H4SEE0A4PXRNZKN2714G25.json
10:14:24 AM [vite] page reload storage/debugbar/01K1H4NQJVDH491FPQJGZDZG0Z.json
10:14:24 AM [vite] page reload storage/debugbar/01K1H4G19N998BQ2T67P9TPRX9.json
10:14:24 AM [vite] page reload storage/debugbar/01K1H4J4D7A2WBC31XJ0B09Z2Z.json
10:14:24 AM [vite] page reload storage/debugbar/01K1JSTNHZCRVVPWSN2WYH2HSJ.json
10:14:24 AM [vite] page reload storage/debugbar/01K1HR6VATG75YWGCPWX22H0YW.json
10:14:24 AM [vite] page reload storage/debugbar/01K1H4X2E8TSNH1ZVAPCYY4322.json
10:14:24 AM [vite] page reload storage/debugbar/01K1H4HZ496EXXJ88EXPC26H57.json
10:14:24 AM [vite] page reload storage/debugbar/01K1H4ZDVRXHH8PWRAA72DYFAC.json
10:14:24 AM [vite] page reload storage/debugbar/01K1JBT4Q47G6P8FPPZQ7ED2MM.json
10:14:24 AM [vite] page reload storage/debugbar/01K1JBMNRRXWDX08W8MVHNTBX4.json
10:14:24 AM [vite] page reload storage/debugbar/01K1JA4TVS9YX0A10ZGGF6Z099.json
10:14:24 AM [vite] page reload storage/debugbar/01K1H4EA99ME07WNVHQSG5PMP6.json
10:14:24 AM [vite] page reload storage/debugbar/01K1GYKSXV7MBQYCD5GXMRRF99.json
10:14:24 AM [vite] page reload storage/debugbar/01K1JB3S75AW34CAHZC5M2KG9H.json
10:14:24 AM [vite] page reload storage/debugbar/01K1H4W54K16SAE6EMPTQE1025.json
10:14:24 AM [vite] page reload storage/debugbar/01K1H4R2JX5VYV4NSQ7B1WFQN4.json
10:14:24 AM [vite] page reload storage/debugbar/01K1H4BX440NV8VQ3TZEACCQVP.json
10:14:24 AM [vite] page reload storage/debugbar/01K1GX2J1QA23CR4TFC5B0MZ6W.json
10:14:24 AM [vite] page reload storage/debugbar/01K1H4R1TC3YM2C9KK1Z83BGRX.json
10:14:24 AM [vite] page reload storage/debugbar/01K1H4N8RRPP7T1AHK904S4XDH.json
10:14:24 AM [vite] page reload storage/debugbar/01K1JC8F5WNDFTY5JTBV8XSQ0Z.json
10:14:24 AM [vite] page reload storage/debugbar/01K1JY8KQ6ZB7TCT95Y9G8231T.json
10:14:24 AM [vite] page reload storage/debugbar/01K1H4SKP5GNCGQ3P8ZH151T94.json
10:14:24 AM [vite] page reload storage/debugbar/01K1H4R7D19XYTNNHTXFFME8BA.json
10:14:24 AM [vite] page reload storage/debugbar/01K1HWMC001ZXAF1DQ9A8ANAFE.json
10:14:24 AM [vite] page reload storage/debugbar/01K1H4NDC4XS3NZYFAKBWSG7WA.json
10:14:24 AM [vite] page reload storage/debugbar/01K1HNMCGMP1MMTDHG9YS5JF1W.json
10:14:24 AM [vite] page reload storage/debugbar/01K1HNK7J8RHC8C1A1F08HD4BJ.json
10:14:24 AM [vite] page reload storage/debugbar/01K1HED07VB823GE8E66HGFJN5.json
10:14:24 AM [vite] page reload storage/debugbar/01K1H4A572N7ZCXC683DS3S83S.json
10:14:24 AM [vite] page reload storage/debugbar/01K1JTFDEVVF54ZBCFSXDGCV76.json
10:14:24 AM [vite] page reload storage/debugbar/01K1HKDB81QSYC08Q6XEMBSA70.json
10:14:24 AM [vite] page reload storage/debugbar/01K1H4X2K0T4BGA4XC3FQTKNG5.json
10:14:24 AM [vite] page reload storage/debugbar/01K1H4VEQZ7MKH36RJ5Y3KZ58V.json
10:14:24 AM [vite] page reload storage/debugbar/01K1H4JX0097B8WC8PG8903XWV.json
10:14:24 AM [vite] page reload storage/debugbar/01K1H4XD11RCF4YN00TSPGZXBC.json
10:14:24 AM [vite] page reload storage/debugbar/01K1JZ3Z6RE7GA7J0X3MVD2H35.json
10:14:24 AM [vite] page reload storage/debugbar/01K1H4QBRWXD9DTCNCPYWFZ2XG.json
10:14:24 AM [vite] page reload storage/debugbar/01K1H4C8K70EBD1J2Y0GTWJFRF.json
10:14:24 AM [vite] page reload storage/debugbar/01K1H4VWHBP4D8BVJ0FC67XRCD.json
10:14:24 AM [vite] page reload storage/debugbar/01K1JANX6F61GWZHPAZ7175NCS.json
10:14:24 AM [vite] page reload storage/debugbar/01K1H4GNZGTJ730B89HPH196GW.json
10:14:24 AM [vite] page reload storage/debugbar/01K1H4Q6JW07KT43APEHNHKA0B.json
10:14:24 AM [vite] page reload storage/debugbar/01K1JY9X0F00VRPT4PW1XB2ARJ.json
10:14:24 AM [vite] page reload storage/debugbar/01K1H4SNAD2Z578XGGJAMD0E17.json
10:14:24 AM [vite] page reload storage/debugbar/01K1H4Y0ZG8KEMRS454JTH84JX.json
10:14:24 AM [vite] page reload storage/debugbar/01K1H4G6MGKK508NZXZRPQSJ66.json
10:14:24 AM [vite] page reload storage/debugbar/01K1H4QFMMDCE09E3YW0BFR4ZP.json
10:14:24 AM [vite] page reload storage/debugbar/01K1GMHBDEK6N7RP733N2C874D.json
10:14:24 AM [vite] page reload storage/debugbar/01K1H4VYNHVNK5JM49FTE14DB8.json
10:14:24 AM [vite] page reload storage/debugbar/01K1H4QS3JHK5WZ6NTPJWDTDD8.json
10:14:24 AM [vite] page reload storage/debugbar/01K1JAWB9TDJKJNZ5BPMJRHAK9.json
10:14:24 AM [vite] page reload storage/debugbar/01K1H4SNF64G9G4B4VBM3M3RY0.json
10:14:24 AM [vite] page reload storage/debugbar/01K1H4M3VBEKZTYTRQVY5N5V8D.json
10:14:24 AM [vite] page reload storage/debugbar/01K1JVAEEFYEAEATCRE9B97P9Z.json
10:14:24 AM [vite] page reload storage/debugbar/01K1JZ30KVE075S6DSWZ5QYVX2.json
10:14:24 AM [vite] page reload storage/debugbar/01K1H4VDY38JXSBKTSV7N0SVDA.json
10:14:24 AM [vite] page reload storage/debugbar/01K1HNKG4GR8V9ESTN9ZB39TV7.json
10:14:24 AM [vite] page reload storage/debugbar/01K1H4TZPVFTZ76RXM2D82FZMX.json
10:14:24 AM [vite] page reload storage/debugbar/01K1H4FAXJV73SQWGF9FX0H5A4.json
10:14:24 AM [vite] page reload storage/debugbar/01K1JAKRT2PYY4TPS6JWJE6B4Z.json
10:14:24 AM [vite] page reload storage/debugbar/01K1H4JA3GRR8RYM188711E71B.json
10:14:24 AM [vite] page reload storage/debugbar/01K1H4W9Y7SYFS5Z660PRQ911A.json
10:14:24 AM [vite] page reload storage/debugbar/01K1H4TJE0TMMFJ9P9DJCR243T.json
10:14:24 AM [vite] page reload storage/debugbar/01K1H4KZGNW1P7VR34V25R91AZ.json
10:14:24 AM [vite] page reload storage/debugbar/01K1H4W42VNDTPAFEDSTM5QJ7J.json
10:14:24 AM [vite] page reload storage/debugbar/01K1H4VYZFE5QBZX3TQYX1NES7.json
10:14:24 AM [vite] page reload storage/debugbar/01K1H4VYGG5V49QESBWQFR92XH.json
10:14:24 AM [vite] page reload storage/debugbar/01K1H4N7D2DVPM0AACTTTNV70B.json
10:14:24 AM [vite] page reload storage/debugbar/01K1JB3F4PFEYCQN6WX2V6EZMS.json
10:14:24 AM [vite] page reload storage/debugbar/01K1H4MZMQXAD1GVEYHR56WVKW.json
10:14:24 AM [vite] page reload storage/debugbar/01K1GSX3Y9P2M576EJGPFA8S2R.json
10:14:24 AM [vite] page reload storage/debugbar/01K1H4HJF8908MF3BE2MXP840Q.json
10:14:24 AM [vite] page reload storage/debugbar/01K1H4R676ZVBS6R1M4MZNA8FQ.json
10:14:24 AM [vite] page reload storage/debugbar/01K1H4JQ9DBN29VGMK4CE27KFG.json
10:14:24 AM [vite] page reload storage/debugbar/01K1H4C38RZ2DY8GPTXPA2WAME.json
10:14:24 AM [vite] page reload storage/debugbar/01K1H4SC88N21G2N890GQMQ1DD.json
10:14:24 AM [vite] page reload storage/debugbar/01K1H4HTX6YC6GNFK1NDHK1V3M.json
10:14:24 AM [vite] page reload storage/debugbar/01K1H4H0NFGM8XMXMK4WVW18ET.json
10:14:24 AM [vite] page reload storage/debugbar/01K1JY7FG2X662MSZM1DQRZWBT.json
10:14:24 AM [vite] page reload storage/debugbar/01K1H4EMD1PYN5W6ZCQ1S86WTJ.json
10:14:24 AM [vite] page reload storage/debugbar/01K1H4WT307VV886PVWZDPWTB3.json
10:14:24 AM [vite] page reload storage/debugbar/01K1H4W4JAAYEW3XC5A1V7FE4E.json
10:14:24 AM [vite] page reload storage/debugbar/01K1H4FA6JQJ898DHYS4PAVAXN.json
10:14:24 AM [vite] page reload storage/debugbar/01K1H9PSZEXBNNBW0VQSNF2MR6.json
10:14:24 AM [vite] page reload storage/debugbar/01K1H4C8WXA3ZM10TPQC29V6WH.json
10:14:24 AM [vite] page reload storage/debugbar/01K1JC25FDB327BFV2MF0YNY17.json
10:14:24 AM [vite] page reload storage/debugbar/01K1HX4GNYSEJG89BMPXNFW1HX.json
10:14:24 AM [vite] page reload storage/debugbar/01K1JAKN2HP8NCFTE2QJDXVKBV.json
10:14:24 AM [vite] page reload storage/debugbar/01K1JFZ9HDKTENYV422ETYD4B6.json
10:14:24 AM [vite] page reload storage/debugbar/01K1H4TK04Z6333F7BNX8M5WHA.json
10:14:24 AM [vite] page reload storage/debugbar/01K1JW93D49AJ7RHDG5NF0H09R.json
10:14:24 AM [vite] page reload storage/debugbar/01K1H4R33778CX6PB0FMV7JAVA.json
10:14:24 AM [vite] page reload storage/debugbar/01K1JB45RBMYE8H04CPRF0K58B.json
10:14:24 AM [vite] page reload storage/debugbar/01K1H4H08ZPZJFB73ZTRN1H9DB.json
10:14:24 AM [vite] page reload storage/debugbar/01K1H4S3SPEE01PP2ZJFKXAWT4.json
10:14:24 AM [vite] page reload storage/debugbar/01K1H4W8PDYQ1DQ88WCGFVJHE4.json
10:14:24 AM [vite] page reload storage/debugbar/01K1JC2JR9AXPRXMNX848KMQHE.json
10:14:24 AM [vite] page reload storage/debugbar/01K1H4SYVWP4QG05FXG0F9Q6BE.json
10:14:24 AM [vite] page reload storage/debugbar/01K1H4SD9A0H5PZ8GM5R0Q6CXQ.json
10:14:24 AM [vite] page reload storage/debugbar/01K1JC3AH2MNJD0ZEY6X6KWT9S.json
10:14:24 AM [vite] page reload storage/debugbar/01K1H4QGGNZ6A1GX6NWQ5JYWPN.json
10:14:24 AM [vite] page reload storage/debugbar/01K1H4MX8WGHD8TTB35CA85YYR.json
10:14:24 AM [vite] page reload storage/debugbar/01K1H4TJV5GKRSB5C5Y833694T.json
10:14:24 AM [vite] page reload storage/debugbar/01K1H4R125FASP8BX1NKGD3907.json
10:14:24 AM [vite] page reload storage/debugbar/01K1H4QR5HKH3Z8M9WJXW1A1DC.json
10:14:24 AM [vite] page reload storage/debugbar/01K1GRJVNQ973HJWBCDD9JWBNF.json
10:14:24 AM [vite] page reload storage/debugbar/01K1H4JR8304AE38TEQG105ZAY.json
10:14:24 AM [vite] page reload storage/debugbar/01K1JYHRYKYR5A7AJ2ZXK6MDJC.json
10:14:24 AM [vite] page reload storage/debugbar/01K1H4QXDE4DT1M6WRBS1WWMP0.json
10:14:24 AM [vite] page reload storage/debugbar/01K1H4MK4RAKQPY9HKGHHMA1K0.json
10:14:24 AM [vite] page reload storage/debugbar/01K1H4JJQG5Z6VRPSG7DC4H4K8.json
10:14:24 AM [vite] page reload storage/debugbar/01K1JP07C5ETX6XX33KY3R5E7A.json
10:14:24 AM [vite] page reload storage/debugbar/01K1H4DFRNNRWA3WR4GVPY4BBC.json
10:14:24 AM [vite] page reload storage/debugbar/01K1GX5P7JDGEVSK9BHKWVQMVX.json
10:14:24 AM [vite] page reload storage/debugbar/01K1H4RXERE0ZEXTM5SW70X812.json
10:14:24 AM [vite] page reload storage/debugbar/01K1H4XDAMTKRVF617KZTAN2M8.json
10:14:24 AM [vite] page reload storage/debugbar/01K1HA7CF92A49S3EYD1GPK78D.json
10:14:24 AM [vite] page reload storage/debugbar/01K1H4GZKX0N2MNKZ3F034EHCB.json
10:14:24 AM [vite] page reload storage/debugbar/01K1H4QB64EGE0P9PSJE7EXS5N.json
10:14:24 AM [vite] page reload storage/debugbar/01K1H4T42DDPRGTK7DCMRF78QT.json
10:14:24 AM [vite] page reload storage/debugbar/01K1H4WYSP6DE4N8BQR3MZEMYV.json
10:14:24 AM [vite] page reload storage/debugbar/01K1JB4EP9J7GQPW4X3ZJ5PW21.json
10:14:24 AM [vite] page reload storage/debugbar/01K1H4MZBS2TTGV88AEDEFG0DA.json
10:14:24 AM [vite] page reload storage/debugbar/01K1H4GNJ1KK88ZDTY6JE4PFY6.json
10:14:24 AM [vite] page reload storage/debugbar/01K1H4G0MDKBCVETDDCHVJHTZH.json
10:14:24 AM [vite] page reload storage/debugbar/01K1H4MHWQSWCTF7CSG4XEJMSJ.json
10:14:24 AM [vite] page reload storage/debugbar/01K1H4H0EB98DZHADRTYH8ZR12.json
10:14:24 AM [vite] page reload storage/debugbar/01K1H4K1905Z2VN2QTZ7ESTPF6.json
10:14:24 AM [vite] page reload storage/debugbar/01K1H4QG6M986YH65JZHF1398V.json
10:14:24 AM [vite] page reload storage/debugbar/01K1H4CE4GQ24D03E2D7K46Q1W.json
10:14:24 AM [vite] page reload storage/debugbar/01K1JQEEGKD6KKEXACHBNJ44J3.json
10:14:24 AM [vite] page reload storage/debugbar/01K1JT1Z478008Z5YP81W82Y47.json
10:14:24 AM [vite] page reload storage/debugbar/01K1JT7SG9YPNPE05752PPTZV1.json
10:14:24 AM [vite] page reload storage/debugbar/01K1H4J9R39EFASPTSFT1F7XC7.json
10:14:24 AM [vite] page reload storage/debugbar/01K1J4Y8G987AX38E0S4WT99YD.json
10:14:24 AM [vite] page reload storage/debugbar/01K1H4GH5YN0W6171B6K7ZKM2A.json
10:14:24 AM [vite] page reload storage/debugbar/01K1H4J9Y2KX85P2HAPZD0DG9X.json
10:14:24 AM [vite] page reload storage/debugbar/01K1JC7E6M27K2BK1VK713FPGZ.json
10:14:24 AM [vite] page reload storage/debugbar/01K1JHQQ0G8RVB5FJ4Y5T9Z77N.json
10:14:24 AM [vite] page reload storage/debugbar/01K1H4N6JZNJ8QSDM66C5EGWR9.json
10:14:24 AM [vite] page reload storage/debugbar/01K1H4M4483E1D34RK0ZYTAMKV.json
10:14:24 AM [vite] page reload storage/debugbar/01K1H4VVCDRBHF0V0QNSC0SBWS.json
10:14:24 AM [vite] page reload storage/debugbar/01K1H4JHZBNAYFM89MNH05RZ9Z.json
10:14:24 AM [vite] page reload storage/debugbar/01K1H4D30N61PXGPDPTFZX7YJW.json
10:14:24 AM [vite] page reload storage/debugbar/01K1H4PH1R7J7RQNFRZ4PDYH1K.json
10:14:24 AM [vite] page reload storage/debugbar/01K1H4VQY38MYM1EZDA04Y4FHR.json
10:14:24 AM [vite] page reload storage/debugbar/01K1HQEWG3BY0RNKYS10V48V53.json
10:14:24 AM [vite] page reload storage/debugbar/01K1H4YA3Y6GZC8BZ3XRV6K5VH.json
10:14:24 AM [vite] page reload storage/debugbar/01K1HF2YG0P6KB95BXNSDVFMJH.json
10:14:24 AM [vite] page reload storage/debugbar/01K1H4N0DA5MWXRMBYS49CYSGT.json
10:14:24 AM [vite] page reload storage/debugbar/01K1JB22Z9VZ1BPYS4521EWY14.json
10:14:24 AM [vite] page reload storage/debugbar/01K1H4V9M6CRJXEHW9PYZPHVHC.json
10:14:24 AM [vite] page reload storage/debugbar/01K1H4NEHRHG9B9FS6Q1Z8651N.json
10:14:24 AM [vite] page reload storage/debugbar/01K1JBPA6JR1N97BBBSHK3V7P3.json
10:14:24 AM [vite] page reload storage/debugbar/01K1H4FJ69JWCYR0AM128N8VHV.json
10:14:24 AM [vite] page reload storage/debugbar/01K1H4FVWKYPF9WWE7SH558CSH.json
10:14:24 AM [vite] page reload storage/debugbar/01K1H4NED3RA0GA2QJPJW51WD9.json
10:14:24 AM [vite] page reload storage/debugbar/01K1H4EMTVBE1KH91F00E5Y8J1.json
10:14:24 AM [vite] page reload storage/debugbar/01K1JZQ45X6FEM77BGNQB4VZ1J.json
10:14:24 AM [vite] page reload storage/debugbar/01K1HQV80ARZ1CP2DG0BSRDVQP.json
10:14:24 AM [vite] page reload storage/debugbar/01K1H4VY5ZDMB3BJ1VTENPA33M.json
10:14:24 AM [vite] page reload storage/debugbar/01K1H4JXM8EN6AVKQP5BNK4H4P.json
10:14:24 AM [vite] page reload storage/debugbar/01K1JYFPTBSBVQ4ZM0503QF7AJ.json
10:14:24 AM [vite] page reload storage/debugbar/01K1JY47H1M8KKB3SNGH7R7576.json
10:14:24 AM [vite] page reload storage/debugbar/01K1J957ZYPWTBQCR6H2DB066W.json
10:14:24 AM [vite] page reload storage/debugbar/01K1H4YZT6N6XQPJCCT1Z8W2Z7.json
10:14:24 AM [vite] page reload storage/debugbar/01K1H4CXN9XSTB00RGABHS4166.json
10:14:24 AM [vite] page reload storage/debugbar/01K1H4E3Y5S70KQE1EBVBJ5JJS.json
10:14:24 AM [vite] page reload storage/debugbar/01K1H4SNM99ZAQ16HCJS2Y5KPT.json
10:14:24 AM [vite] page reload storage/debugbar/01K1H4S2N2J3PCDXQMJ1C2Z8GK.json
10:14:24 AM [vite] page reload storage/debugbar/01K1H4QRT4S9XWH7YKQTFRBJZD.json
10:14:24 AM [vite] page reload storage/debugbar/01K1H4SD3JDS2R77920Q6AP77Y.json
10:14:24 AM [vite] page reload storage/debugbar/01K1H4BWV3ZC8ZWQCBAPC5BH25.json
10:14:24 AM [vite] page reload storage/debugbar/01K1H4JA89CPMTN433PGNDMD06.json
10:14:24 AM [vite] page reload storage/debugbar/01K1H4BXJP62V5T23WM78DT74G.json
10:14:24 AM [vite] page reload storage/debugbar/01K1H4VQAWVRJCNT6T9EREZS78.json
10:14:24 AM [vite] page reload storage/debugbar/01K1JY47HQAGVFQ1V6Q40SRCQF.json
10:14:24 AM [vite] page reload storage/debugbar/01K1H9X794HER8MRG0VCV8EKCS.json
10:14:24 AM [vite] page reload storage/debugbar/01K1H4MDDHXXAG1GHVMS5ZK9EN.json
10:14:24 AM [vite] page reload storage/debugbar/01K1HEAJVG96HCV8Z4M6NTAJ1K.json
10:14:24 AM [vite] page reload storage/debugbar/01K1HQRSF7Y41ZKHWS5CMSCP15.json
10:14:24 AM [vite] page reload storage/debugbar/01K1H4H2W2G4A0EECN3X0DH60X.json
10:14:24 AM [vite] page reload storage/debugbar/01K1H4H2DZZMYV44QQZYTC4NZG.json
10:14:24 AM [vite] page reload storage/debugbar/01K1JB5ME8C1TAFXRDRM35K3VQ.json
10:14:24 AM [vite] page reload storage/debugbar/01K1JB0C1ZXR06Z8XGG9JENN4R.json
10:14:24 AM [vite] page reload storage/debugbar/01K1HY4505EAZ24VCD6A5K2HSB.json
10:14:24 AM [vite] page reload storage/debugbar/01K1H4EF8G6GP3P2BKPHBXBENG.json
10:14:24 AM [vite] page reload storage/debugbar/01K1JC85D3W2067A9H1W0B9877.json
10:14:24 AM [vite] page reload storage/debugbar/01K1H4YKG7DJ4J5AQQERJK9B2X.json
10:14:24 AM [vite] page reload storage/debugbar/01K1H4VR2VW2YD6QACAF8P2CT5.json
10:14:24 AM [vite] page reload storage/debugbar/01K1JBJM8YR5MJF20WJPP0NAPC.json
10:14:24 AM [vite] page reload storage/debugbar/01K1H4J4PVYMAWTH2SA25QE3VB.json
10:14:24 AM [vite] page reload storage/debugbar/01K1H4ST218DQNK2JP36JJ7GWG.json
10:14:24 AM [vite] page reload storage/debugbar/01K1JY9X29GA78C6NS4R3HY488.json
10:14:24 AM [vite] page reload storage/debugbar/01K1H4RBNWFKHM67RYMVCSBYG0.json
10:14:24 AM [vite] page reload storage/debugbar/01K1H4HHQAZG7TYA4EDPXZ07QM.json
10:14:24 AM [vite] page reload storage/debugbar/01K1H4W4V9HARNGCXHQ7GPHK4Y.json
10:14:24 AM [vite] page reload storage/debugbar/01K1H4KPTXP2465YQ8XME3F8H5.json
10:14:24 AM [vite] page reload storage/debugbar/01K1H4X24PBTTKR33NY94XFB2A.json
10:14:24 AM [vite] page reload storage/debugbar/01K1H4PPVGSYGXV2W7QQZBDP8M.json
10:14:24 AM [vite] page reload storage/debugbar/01K1H4G1EH9FG1WTKXPKR5AGRW.json
10:14:24 AM [vite] page reload storage/debugbar/01K1H4T47KMMYZT51PREV4W5Y4.json
10:14:24 AM [vite] page reload storage/debugbar/01K1H4CQRGZM5R2P0A05AP2R1E.json
10:14:24 AM [vite] page reload storage/debugbar/01K1H4T3P2HQRJ8438R2HF7ZGW.json
10:14:24 AM [vite] page reload storage/debugbar/01K1GNYC3E52R73G83NATFMH6F.json
10:14:24 AM [vite] page reload storage/debugbar/01K1JXGBTWZQN18KX6N52KN1QQ.json
10:14:24 AM [vite] page reload storage/debugbar/01K1H4HGYCVEC6RSE8MEQ89JJ7.json
10:14:24 AM [vite] page reload storage/debugbar/01K1H4HCCSBWF14J2ACREAA9XM.json
10:14:24 AM [vite] page reload storage/debugbar/01K1H4WDDGP4PWNX4S63ENVHK4.json
10:14:24 AM [vite] page reload storage/debugbar/01K1H4YKT1CC2SG6K4KQVNBQX6.json
10:14:24 AM [vite] page reload storage/debugbar/01K1H4N7VAVRYKNQW5NHMRQB87.json
10:14:24 AM [vite] page reload storage/debugbar/01K1JC7H3279S6QN4BNTAFQ238.json
10:14:24 AM [vite] page reload storage/debugbar/01K1H4JQKJ41YG8VWPN1DJXHJ3.json
10:14:24 AM [vite] page reload storage/debugbar/01K1H4N02T5DDNH14CXGVPPR12.json
10:14:24 AM [vite] page reload storage/debugbar/01K1H4MX3PHMCWHETJTHXERBM6.json
10:14:24 AM [vite] page reload storage/debugbar/01K1H4W8ZTVQF3822D5X34EA3W.json
10:14:24 AM [vite] page reload storage/debugbar/01K1JYHRXZF3SSEZ2PKFW4AH5W.json
10:14:24 AM [vite] page reload storage/debugbar/01K1H4C3JTT75EE5AT9ACXD771.json
10:14:24 AM [vite] page reload storage/debugbar/01K1HR77401M7XWSW7DRHMGD6P.json
10:14:24 AM [vite] page reload storage/debugbar/01K1HR8R2Q2149259X5CNZCD9E.json
10:14:24 AM [vite] page reload storage/debugbar/01K1JB19KTMAYPQ1D2Y67PE142.json
10:14:24 AM [vite] page reload storage/debugbar/01K1H4GZA823KV73D9XBPQ0GD2.json
10:14:24 AM [vite] page reload storage/debugbar/01K1HF2YKVBE7402HC6QFBYAXQ.json
10:14:24 AM [vite] page reload storage/debugbar/01K1H4JJE1J1AMCDM1P6XF7AGG.json
10:14:24 AM [vite] page reload storage/debugbar/01K1JBMRSKZ9TWNRGJ7MBGM210.json
10:14:24 AM [vite] page reload storage/debugbar/01K1J1YCRPF9FH7MVSG6AESG7M.json
10:14:24 AM [vite] page reload storage/debugbar/01K1JB0DVQAXF7X51A09FA1TKB.json
10:14:24 AM [vite] page reload storage/debugbar/01K1HV3J9QTW94EHERBEFE3664.json
10:14:24 AM [vite] page reload storage/debugbar/01K1JRFG1BJ60EVFKF2NWKE3YE.json
10:14:24 AM [vite] page reload storage/debugbar/01K1JTFD6BPKB3SJFZEPVMEBPT.json
10:14:24 AM [vite] page reload storage/debugbar/01K1JB3ACJBQ89YAMJK69GMQWJ.json
10:14:24 AM [vite] page reload storage/debugbar/01K1JB15C4F6Q7KXBXXNJ2GHFT.json
10:14:24 AM [vite] page reload storage/debugbar/01K1H4EA47X3B14RT29XS784B1.json
10:14:24 AM [vite] page reload storage/debugbar/01K1HP04B1RCDWCQQB29JTV8VS.json
10:14:24 AM [vite] page reload storage/debugbar/01K1H4C8A9T84D0C916P2N1SEK.json
10:14:24 AM [vite] page reload storage/debugbar/01K1JXEHREANBJDHT6CDTGGN0W.json
10:14:24 AM [vite] page reload storage/debugbar/01K1H4QBF453J181VCTG1CP3J4.json
10:14:24 AM [vite] page reload storage/debugbar/01K1JC2C2T7AF4XJM4E10J0GHK.json
10:14:24 AM [vite] page reload storage/debugbar/01K1H4K9S7VT8F56VN3HMKSGST.json
10:14:24 AM [vite] page reload storage/debugbar/01K1H4N08D67FAHKQVH78Z7VP7.json
10:14:24 AM [vite] page reload storage/debugbar/01K1JB5YV7MWXR59E405AJ1E3Q.json
10:14:24 AM [vite] page reload storage/debugbar/01K1HA34BRJ72DDB8YSHQXE5P6.json
10:14:24 AM [vite] page reload storage/debugbar/01K1H4J9DJVHXAFT1XGT45ZY7S.json
10:14:24 AM [vite] page reload storage/debugbar/01K1H4N69FRPMBAE6YM9XEX14R.json
10:14:24 AM [vite] page reload storage/debugbar/01K1H4G774RMNHDEW6P6JNT5Y0.json
10:14:24 AM [vite] page reload storage/debugbar/01K1JC5ZJW3H8XF94B9KR0506R.json
10:14:24 AM [vite] page reload storage/debugbar/01K1H4F5DDHK090NZJZTXZXAEC.json
10:14:24 AM [vite] page reload storage/debugbar/01K1JXGCPNT342H5CSMQV612AE.json
10:14:24 AM [vite] page reload storage/debugbar/01K1H4PVN85DN163P1NX6P5BJR.json
10:14:24 AM [vite] page reload storage/debugbar/01K1H4E47NHTNX2RQ58APDTWHB.json
10:14:24 AM [vite] page reload storage/debugbar/01K1H4QGNENF6QSPD5S1WPR24T.json
10:14:24 AM [vite] page reload storage/debugbar/01K1H4KPNTNNKY1Y24J6YBK0K1.json
10:14:24 AM [vite] page reload storage/debugbar/01K1GPS8NED59FESCGWAWXPGV7.json
10:14:24 AM [vite] page reload storage/debugbar/01K1JSVQ86YM47F2G44YSDEX0F.json
10:14:24 AM [vite] page reload storage/debugbar/01K1JZNVSTFV57R3KMBWPA877X.json
10:14:24 AM [vite] page reload storage/debugbar/01K1JBQJMA7AA0JX7ZSG0WY6F5.json
10:14:24 AM [vite] page reload storage/debugbar/01K1H4QWSDZ18HKV8FV2RTYNMS.json
10:14:24 AM [vite] page reload storage/debugbar/01K1H4W47NGA5W77T0WM8R3ZE3.json
10:14:24 AM [vite] page reload storage/debugbar/01K1H4JXFHKTKQHMM08TAFS8BG.json
10:14:24 AM [vite] page reload storage/debugbar/01K1JZNVRN48WTWYEJ291F0765.json
10:14:24 AM [vite] page reload storage/debugbar/01K1H4J3RPFKGDMP9NRDRFAK3E.json
10:14:24 AM [vite] page reload storage/debugbar/01K1HFVFQQ9JFY033VKE538D2J.json
10:14:24 AM [vite] page reload storage/debugbar/01K1H4GZ14A5HAP7VPG25DHJ4F.json
10:14:24 AM [vite] page reload storage/debugbar/01K1JAQTQMM1RF5BGQB16KBQAN.json
10:14:24 AM [vite] page reload storage/debugbar/01K1H4KDEXSHM4K0MVWWET4RZP.json
10:14:24 AM [vite] page reload storage/debugbar/01K1JAMX1VDRS9H1SM2MQCEB5T.json
10:14:24 AM [vite] page reload storage/debugbar/01K1GV50TM4YP6WV49DV8ZTXMT.json
10:14:24 AM [vite] page reload storage/debugbar/01K1H4NX96M9BN0STP5JAJT7S2.json
10:14:24 AM [vite] page reload storage/debugbar/01K1H4HJV1VC65VC9QRHNSYXCM.json
10:14:24 AM [vite] page reload storage/debugbar/01K1H4VYTPS7DC2FMJ60EH8S95.json
10:14:25 AM [vite] page reload storage/debugbar/01K1H4YYKAFSJDFYXS9S8T2H3B.json
10:14:25 AM [vite] page reload storage/debugbar/01K1H4MW19T9SRARWTFV9RRF1R.json
10:14:25 AM [vite] page reload storage/debugbar/01K1GZM03SFFA82ZK71M71FJ2V.json
10:14:25 AM [vite] page reload storage/debugbar/01K1H4HQ57TTN0FP2WJMSHE7S9.json
10:14:25 AM [vite] page reload storage/debugbar/01K1HA7BWJMN33D11WGFDZ8513.json
10:14:25 AM [vite] page reload storage/debugbar/01K1H4MYX9ACGJ7J6PFRFDPRQV.json
10:14:25 AM [vite] page reload storage/debugbar/01K1H4XYX38A8NAK09RE1NEPPH.json
10:14:25 AM [vite] page reload storage/debugbar/01K1H4HHWD68VVETZZ8MN01EMT.json
10:14:25 AM [vite] page reload storage/debugbar/01K1JBSEBTMH017Z5XV5D8TSG1.json
10:14:25 AM [vite] page reload storage/debugbar/01K1H4FC04NNKT1WGB0E4P59B7.json
10:14:25 AM [vite] page reload storage/debugbar/01K1JP09SQMQKMW2EX2M95SAEW.json
10:14:25 AM [vite] page reload storage/debugbar/01K1JC827AQB9P7QH3EZ45HPTB.json
10:14:25 AM [vite] page reload storage/debugbar/01K1JB4PGNHCV41QRZNP8BJFVR.json
10:14:25 AM [vite] page reload storage/debugbar/01K1J8S5X0GEVBM18X2SW4PE56.json
10:14:25 AM [vite] page reload storage/debugbar/01K1H4P8A5G8EWF4AABGK61BF7.json
10:14:25 AM [vite] page reload storage/debugbar/01K1H4GP47J6SF5FK8H6YHEVT5.json
10:14:25 AM [vite] page reload storage/debugbar/01K1H4JXA764WT290MM89RECVJ.json
10:14:25 AM [vite] page reload storage/debugbar/01K1HFVHXFFF14TQGAW7R2EKXT.json
10:14:25 AM [vite] page reload storage/debugbar/01K1JB17CKZQBK0PWN41QRS9J2.json
10:14:25 AM [vite] page reload storage/debugbar/01K1H4QGZ68JG4QCYEMB787QTH.json
10:14:25 AM [vite] page reload storage/debugbar/01K1H4SCJXXB9JJ9W7K4F90PRM.json
10:14:25 AM [vite] page reload storage/debugbar/01K1JAPZT0RH80YQP2GH7CXH3K.json
10:14:25 AM [vite] page reload storage/debugbar/01K1JC66PR4V8BFM3AN689JGDK.json
10:14:25 AM [vite] page reload storage/debugbar/01K1H4HZ935DBXAXSCRX9X8MXE.json
10:14:25 AM [vite] page reload storage/debugbar/01K1H4WA49ARWMFV8Y1CFNTBC5.json
10:14:25 AM [vite] page reload storage/debugbar/01K1H4JJJRM0YQVBA7RV9NHFWB.json
10:14:25 AM [vite] page reload storage/debugbar/01K1GX3PYRCANFK6HQA9PPA84Q.json
10:14:25 AM [vite] page reload storage/debugbar/01K1JWX02S3CV2PQH54NF2D5R2.json
10:14:25 AM [vite] page reload storage/debugbar/01K1H4WPJ2ZXAX9JS42XHR282P.json
10:14:25 AM [vite] page reload storage/debugbar/01K1H4XE2MWQMXK0SX4B4K0016.json
10:14:25 AM [vite] page reload storage/debugbar/01K1H4HCPEVG118SZEAVMXQ45T.json
10:14:25 AM [vite] page reload storage/debugbar/01K1H4GGW29F4825HT98SJRY33.json
10:14:25 AM [vite] page reload storage/debugbar/01K1H4SF6H9516EBWXFXAYH3NY.json
10:14:25 AM [vite] page reload storage/debugbar/01K1H4E3H1QZFF1XY9HPRN4365.json
10:14:25 AM [vite] page reload storage/debugbar/01K1H4G849Q48C67X2JHNN2SVC.json
10:14:25 AM [vite] page reload storage/debugbar/01K1H4ETVFBWQG3C73FTNQDEZT.json
10:14:25 AM [vite] page reload storage/debugbar/01K1HQEXD5EVNYJVBTW6KA112Q.json
10:14:25 AM [vite] page reload storage/debugbar/01K1H4H1HTQETZJXCBFR3SK1TT.json
10:14:25 AM [vite] page reload storage/debugbar/01K1JTWSJ6QSK9VJZ0ANNKSVAW.json
10:14:25 AM [vite] page reload storage/debugbar/01K1H4TQR9NJTZ0BH2F64KVBZD.json
10:14:25 AM [vite] page reload storage/debugbar/01K1H4YS5PWYKY3ZSCN3TKW005.json
10:14:25 AM [vite] page reload storage/debugbar/01K1GP41Q2M3R62NVVGK1TD42K.json
10:14:25 AM [vite] page reload storage/debugbar/01K1J8TEMBM7S287A30B5HQ4F9.json
10:14:25 AM [vite] page reload storage/debugbar/01K1H4WDPA9KNGAFB7QBCWW48H.json
10:14:25 AM [vite] page reload storage/debugbar/01K1H4HJKZZQED2WABXK5ED4WW.json
10:14:25 AM [vite] page reload storage/debugbar/01K1HNJHZQSQ731SEH828CVWH7.json
10:14:25 AM [vite] page reload storage/debugbar/01K1H4STG5WSRWC0H9XP1HZ054.json
10:14:25 AM [vite] page reload storage/debugbar/01K1H4VE7PN3FX8DXK6ER33BAN.json
10:14:25 AM [vite] page reload storage/debugbar/01K1H4ZE4NB33ZGFXWE3ZMZPE3.json
10:14:25 AM [vite] page reload storage/debugbar/01K1H9PT8HW6E7YY34RSWWHA0V.json
10:14:25 AM [vite] page reload storage/debugbar/01K1H4VEWRW8VXW54CC1E9H98S.json
10:14:25 AM [vite] page reload storage/debugbar/01K1H4RX9YRN96134KVZ907EVY.json
10:14:25 AM [vite] page reload storage/debugbar/01K1JYTXFX8J6NT1PYD03WDXC7.json
10:14:25 AM [vite] page reload storage/debugbar/01K1H4E9MQD2S7RFAYPJQ667PK.json
10:14:25 AM [vite] page reload storage/debugbar/01K1GP41MABY25XSHY3224W711.json
10:14:25 AM [vite] page reload storage/debugbar/01K1H4N7PEJWDSG9DA3S18G985.json
10:14:25 AM [vite] page reload storage/debugbar/01K1H4QRYTFJJR5N2NQTPZCHK3.json
10:14:25 AM [vite] page reload storage/debugbar/01K1HKPFE8JCHSBTQTGNKF5WPB.json
10:14:25 AM [vite] page reload storage/debugbar/01K1H4CX98KV4MQGS4N43GDWKW.json
10:14:25 AM [vite] page reload storage/debugbar/01K1JTWSNNA7EEBVCFNXQF9GNP.json
10:14:25 AM [vite] page reload storage/debugbar/01K1H4DESX2ASYP4HBFA3QQ946.json
10:14:25 AM [vite] page reload storage/debugbar/01K1H4CJYE3H6Q5KNW3MBFT6NP.json
10:14:25 AM [vite] page reload storage/debugbar/01K1JWER27F5620QAZ8BEZF4TV.json
10:14:25 AM [vite] page reload storage/debugbar/01K1HQEQ8KGG7GAZZFA0N3YSB9.json
10:14:25 AM [vite] page reload storage/debugbar/01K1H4MWYNQ56Z2A5P5Z2968QJ.json
10:14:25 AM [vite] page reload storage/debugbar/01K1HQTP82TR4YR0411V94EXR5.json
10:14:25 AM [vite] page reload storage/debugbar/01K1JYTDNM6NNH979KD39VRXB4.json
10:14:25 AM [vite] page reload storage/debugbar/01K1H4PHTS1FTXTQ41H2QH8Y88.json
10:14:25 AM [vite] page reload storage/debugbar/01K1H4MJ4M73M9EASPV5GDH6R6.json
10:14:25 AM [vite] page reload storage/debugbar/01K1H4J9J9TRYZ7432QTGHKESS.json
10:14:25 AM [vite] page reload storage/debugbar/01K1JW92GA84XS7N72PE263R7C.json
10:14:25 AM [vite] page reload storage/debugbar/01K1H4DEZ75V0CEA1GNFF76TKE.json
10:14:25 AM [vite] page reload storage/debugbar/01K1JB4985Y9QY2R9VB0QQRR3D.json
10:14:25 AM [vite] page reload storage/debugbar/01K1JT5MJZ4WB77HE6TEGZNNXZ.json
10:14:25 AM [vite] page reload storage/debugbar/01K1JAZXNJ801JY3Y96FB8F221.json
10:14:25 AM [vite] page reload storage/debugbar/01K1JP08MXK8A1TFG04G023MES.json
10:14:25 AM [vite] page reload storage/debugbar/01K1H4J3AZKVK184512T9V29TB.json
10:14:25 AM [vite] page reload storage/debugbar/01K1H4QC1WYZ9MD868214NQM3K.json
10:14:25 AM [vite] page reload storage/debugbar/01K1H4T9BK54ZHD3E8TWCY21DE.json
10:14:25 AM [vite] page reload storage/debugbar/01K1H4X2Y866PSQ99F2JFRR1Y3.json
10:14:25 AM [vite] page reload storage/debugbar/01K1JSVQ7Q2AY9Z7C232Y2ZZJ6.json
10:14:25 AM [vite] page reload storage/debugbar/01K1H4H3C3FRMNDPW03B7JJ4HK.json
10:14:25 AM [vite] page reload storage/debugbar/01K1JB0NRF77KS0JPX82VN472H.json
10:14:25 AM [vite] page reload storage/debugbar/01K1H4X33CF3W39KDXRDRCZWWG.json
10:14:25 AM [vite] page reload storage/debugbar/01K1HFVGBMFFSJ352P4NGVJX6Z.json
10:14:25 AM [vite] page reload storage/debugbar/01K1JNHGG00W8N2178383JXS2C.json
10:14:25 AM [vite] page reload storage/debugbar/01K1J9F8QYF4936YQ2T22XXHE8.json
10:14:25 AM [vite] page reload storage/debugbar/01K1H4SF1QX9VCV2SB3VX3B7TT.json
10:14:25 AM [vite] page reload storage/debugbar/01K1H4SERF309YNGYAARMH82AA.json
10:14:25 AM [vite] page reload storage/debugbar/01K1JC6Z6R2BRK8CRHN1MR4VXZ.json
10:14:25 AM [vite] page reload storage/debugbar/01K1JB0HDSP9R1FC1BNSNJ9T8F.json
10:14:25 AM [vite] page reload storage/debugbar/01K1J3CVJH21C7KAABJ7WAK5CZ.json
10:14:25 AM [vite] page reload storage/debugbar/01K1H4G1SB8TW2DH65DHNTRASM.json
10:14:25 AM [vite] page reload storage/debugbar/01K1H4SEKNDRJRKFTEZT4SKZ39.json
10:14:25 AM [vite] page reload storage/debugbar/01K1H4GGK4Z46WHEN3RAJNRQJJ.json
10:14:25 AM [vite] page reload storage/debugbar/01K1JARM5HG303ZQXVSHY1EV9E.json
10:14:25 AM [vite] page reload storage/debugbar/01K1H4JVWQJ1MMNP36TDASRD7D.json
10:14:25 AM [vite] page reload storage/debugbar/01K1GMZDNCZ108YGWDYXDENZYM.json
10:14:25 AM [vite] page reload storage/debugbar/01K1JC1S13AX6SY5BEHVM36RNC.json
10:14:25 AM [vite] page reload storage/debugbar/01K1HRBSQ05PGVDM9D8J85MMBM.json
10:14:25 AM [vite] page reload storage/debugbar/01K1JTWSE8B7DPM5YABMXVH5XT.json
10:14:25 AM [vite] page reload storage/debugbar/01K1H4JR38C1MAX6PX652VJD12.json
10:14:25 AM [vite] page reload storage/debugbar/01K1JC2A73Y5D2CVBB78JJHJY4.json
10:14:25 AM [vite] page reload storage/debugbar/01K1JSZZ995TK2TWVBEZP482M9.json
10:14:25 AM [vite] page reload storage/debugbar/01K1H4NE89SQ0WN2A3R3RJQ6AS.json
10:14:25 AM [vite] page reload storage/debugbar/01K1H4C8R5H6DGQBE9SRWHBGSH.json
10:14:25 AM [vite] page reload storage/debugbar/01K1H4G0S50R0GJF6RV0FBDE23.json
10:14:25 AM [vite] page reload storage/debugbar/01K1H4E9ZA6NPJ620NKE9285X7.json
10:14:25 AM [vite] page reload storage/debugbar/01K1H4WDV5Y6P3FMWPGMR3S5VP.json
10:14:25 AM [vite] page reload storage/debugbar/01K1H4XCJG0NTNAAX8B9DW3D9H.json
10:14:25 AM [vite] page reload storage/debugbar/01K1H4VX4B65EJM97ZYS01B954.json
10:14:25 AM [vite] page reload storage/debugbar/01K1H4QH4BHEFFZ4DB4TPZM13M.json
10:14:25 AM [vite] page reload storage/debugbar/01K1H4FC8CGCYGJY42GDS0YF4W.json
10:14:25 AM [vite] page reload storage/debugbar/01K1H4XZR4YYGXAFV9M3ER8G84.json
10:14:25 AM [vite] page reload storage/debugbar/01K1H4R73D9YE85HB6Z0299G9Q.json
10:14:25 AM [vite] page reload storage/debugbar/01K1H4H2JVS9D353ET05MG1594.json
10:14:25 AM [vite] page reload storage/debugbar/01K1H9AAQABATT2K62MVHC15QF.json
10:14:25 AM [vite] page reload storage/debugbar/01K1J95866BPZ6GRVCVKM2QPNP.json
10:14:25 AM [vite] page reload storage/debugbar/01K1JC28DQ3Y3P2PACYA01XEN0.json
10:14:25 AM [vite] page reload storage/debugbar/01K1H4V9SA53HJ2QX8QMVEQ024.json
10:14:25 AM [vite] page reload storage/debugbar/01K1H4CR21SS62D0K6CKGZRFD3.json
10:14:25 AM [vite] page reload storage/debugbar/01K1JC6E931MCMHRFDBA86CMK2.json
10:14:25 AM [vite] page reload storage/debugbar/01K1H4GTSDZSPNCWDN8YH614RN.json
10:14:25 AM [vite] page reload storage/debugbar/01K1H4S2SYP00BA8YD4AFPHSNN.json
10:14:25 AM [vite] page reload storage/debugbar/01K1H4THF7Q4K4KG3V2KSECPR6.json
10:14:25 AM [vite] page reload storage/debugbar/01K1H4KTE3Z5K4DPSCDT7NMFDJ.json
10:14:25 AM [vite] page reload storage/debugbar/01K1JB38GTRBEYTV7YGM3K3M5M.json
10:14:25 AM [vite] page reload storage/debugbar/01K1H4F54CRWA4WT90GN76DC6A.json
10:14:25 AM [vite] page reload storage/debugbar/01K1H4R27N5V8W7WZMYM0J5SY1.json
10:14:25 AM [vite] page reload storage/debugbar/01K1H4KDX02TZKFRK0HKP22B9F.json
10:14:25 AM [vite] page reload storage/debugbar/01K1H4VXJKM4NYA090S7J0BF6R.json
10:14:25 AM [vite] page reload storage/debugbar/01K1H4FBCDP1BHZSWZN2H3KS7Z.json
10:14:25 AM [vite] page reload storage/debugbar/01K1JVSW3AMF33YYYCGBES9AH6.json
10:14:25 AM [vite] page reload storage/debugbar/01K1HF2YQWTHTPHGS039KPSSTZ.json
10:14:25 AM [vite] page reload storage/debugbar/01K1H4A5AEQX7VVA5J5TXRRHR6.json
10:14:25 AM [vite] page reload storage/debugbar/01K1H4YZBFZ608M3DTVN14HCG0.json
10:14:25 AM [vite] page reload storage/debugbar/01K1H4VKTKR1Y3BW60MEFX4MDP.json
10:14:25 AM [vite] page reload storage/debugbar/01K1H4W8DBZEDV7K3GP04GFGX6.json
10:14:25 AM [vite] page reload storage/debugbar/01K1H4XMFF4102EKBE3H3DEYWT.json
10:14:25 AM [vite] page reload storage/debugbar/01K1J958CSYV5WZ6DRGSDMQTK7.json
10:14:25 AM [vite] page reload storage/debugbar/01K1HEAJYZR62603APNMHX4DAS.json
10:14:25 AM [vite] page reload storage/debugbar/01K1H4K5EM2HEWH75PBQ1CFW2J.json
10:14:25 AM [vite] page reload storage/debugbar/01K1JM9KDVT3JFGVCCSA7H4A4E.json
10:14:25 AM [vite] page reload storage/debugbar/01K1HSJPDTTEMFHS7TFN2QQ94Y.json
10:14:25 AM [vite] page reload storage/debugbar/01K1GYK1A0BWDGSBPDQGMGBC37.json
10:14:25 AM [vite] page reload storage/debugbar/01K1HED19D2A8GW2YWHCX66TKM.json
10:14:25 AM [vite] page reload storage/debugbar/01K1JY9GRG7020HEN345AKK0M4.json
10:14:25 AM [vite] page reload storage/debugbar/01K1JA56AAV9R2NKR0TX4CE06E.json
10:14:25 AM [vite] page reload storage/debugbar/01K1H4TWB2K38ACCVXPWD9FBRJ.json
10:14:25 AM [vite] page reload storage/debugbar/01K1H4SMY3WDKVV0ATP7EPXPVR.json
10:14:25 AM [vite] page reload storage/debugbar/01K1JC1MBYY913BCNWVCV0MEEJ.json
10:14:25 AM [vite] page reload storage/debugbar/01K1H4GZT5ED5VFGDPKMW1Q5F1.json
10:14:25 AM [vite] page reload storage/debugbar/01K1GYM0A7S1WT9QXE4WFYRJVX.json
10:14:25 AM [vite] page reload storage/debugbar/01K1H4FJN7NAB8QGQNY7BQBZMZ.json
10:14:25 AM [vite] page reload storage/debugbar/01K1H4DCYDJS5KRPQZ06EQCGYK.json
10:14:25 AM [vite] page reload storage/debugbar/01K1H4GHKR7JVAZZE50W0YKJHJ.json
10:14:25 AM [vite] page reload storage/debugbar/01K1H4V3RZQPK4GYHWPX3QDCQN.json
10:14:25 AM [vite] page reload storage/debugbar/01K1JZ3Z5CPZ4DXBCWRFNNN9BH.json
10:14:25 AM [vite] page reload storage/debugbar/01K1HG1EF19EB2KTB5BSP8VZC5.json
10:14:25 AM [vite] page reload storage/debugbar/01K1H4RX55K9J6SVTE6Z0PCC9W.json
10:14:25 AM [vite] page reload storage/debugbar/01K1H4JJWB12AATSEST0DVB43G.json
10:14:25 AM [vite] page reload storage/debugbar/01K1H4T92H40A1X8BHE1EWW0TY.json
10:14:25 AM [vite] page reload storage/debugbar/01K1H4V41XJKA1SMJPH11E11S0.json
10:14:25 AM [vite] page reload storage/debugbar/01K1H4FBPJZ9QAPDHTYWEWD1Y0.json
10:14:25 AM [vite] page reload storage/debugbar/01K1JC8C66VAC8MA25XHNNSFF7.json
10:14:25 AM [vite] page reload storage/debugbar/01K1H4YY8DAZHQZDHAS9TQJ2A1.json
10:14:25 AM [vite] page reload storage/debugbar/01K1HY44P2GPPT7QZ62QCG84ZS.json
10:14:25 AM [vite] page reload storage/debugbar/01K1H4QWBTPZP67PTC207VQ7ZR.json
10:14:25 AM [vite] page reload storage/debugbar/01K1H4J3KSS1SVGMPXQHR8ZZ6A.json
10:14:25 AM [vite] page reload storage/debugbar/01K1JC299FTX6BRR4PBQH1AXQY.json
10:14:25 AM [vite] page reload storage/debugbar/01K1JC4HQJPQYAT4FQM4HSEWRB.json
10:14:25 AM [vite] page reload storage/debugbar/01K1JAKJZ3YS94ZFHCWNK94MMH.json
10:14:25 AM [vite] page reload storage/debugbar/01K1H4QXK20T8HRCXW7WE5DHTH.json
10:14:25 AM [vite] page reload storage/debugbar/01K1HQEYGB0JR54YHV9RSCKPH3.json
10:14:25 AM [vite] page reload storage/debugbar/01K1H4S22T5Y98WFJ7RRW491CD.json
10:14:25 AM [vite] page reload storage/debugbar/01K1J4Y6VE87QQPHYRA2MV13BZ.json
10:14:25 AM [vite] page reload storage/debugbar/01K1H4TGRVMW8KDGE7T2C8WXT9.json
10:14:25 AM [vite] page reload storage/debugbar/01K1H4WTGMM40KGQM13SFEYMXJ.json
10:14:25 AM [vite] page reload storage/debugbar/01K1H4HJA192GX49W9PNHKV1G1.json
10:14:25 AM [vite] page reload storage/debugbar/01K1JT5NDXPGP8EYCWYH9HGW2N.json
10:14:25 AM [vite] page reload storage/debugbar/01K1H4JWTV2P3WA578C51FSZ82.json
10:14:25 AM [vite] page reload storage/debugbar/01K1H4S3YME7YA3KEN7W0QWVXQ.json
10:14:25 AM [vite] page reload storage/debugbar/01K1H4BX9624KXBGZTBY7F1ATX.json
10:14:25 AM [vite] page reload storage/debugbar/01K1H4RBGR8KXW7TXTH06BF3XQ.json
10:14:25 AM [vite] page reload storage/debugbar/01K1H4M8XGERM38T03BMAT5XX2.json
10:14:25 AM [vite] page reload storage/debugbar/01K1H4JK2815E7ZYQZY47E9RJ9.json
10:14:25 AM [vite] page reload storage/debugbar/01K1H4TR3JG90SV3YKK0GQF7KC.json
10:14:25 AM [vite] page reload storage/debugbar/01K1JT5KSXHX3BJ1ZMHP7512FK.json
10:14:25 AM [vite] page reload storage/debugbar/01K1H4WPCBKYE4Q6T8TJDSPX48.json
10:14:25 AM [vite] page reload storage/debugbar/01K1H4YYR67ZW9P5MHPAW5R1X8.json
10:14:25 AM [vite] page reload storage/debugbar/01K1H4MXQA59AX0XE467CY7H5M.json
10:14:25 AM [vite] page reload storage/debugbar/01K1H4T8N2D3P60HJ7PGR10E27.json
10:14:25 AM [vite] page reload storage/debugbar/01K1JSZZ8MKEJC1DBWH5HFCJ1N.json
10:14:25 AM [vite] page reload storage/debugbar/01K1JBQXQPQBGF898CC5JKB2P2.json
10:14:25 AM [vite] page reload storage/debugbar/01K1JXG7A1G0AQGTQXYB6BS80Q.json
10:14:25 AM [vite] page reload storage/debugbar/01K1JC3DANJQ0B113MCW7XCD74.json
10:14:25 AM [vite] page reload storage/debugbar/01K1JB4GQFNTKXS85RQG8XPNXX.json
10:14:25 AM [vite] page reload storage/debugbar/01K1H4THYVJCS3EQP3NNS08V2M.json
10:14:25 AM [vite] page reload storage/debugbar/01K1JBC14RNAWQWPYY00FFSD6Y.json
10:14:25 AM [vite] page reload storage/debugbar/01K1HD4Q34FM06SMCNN09GRPHZ.json
10:14:25 AM [vite] page reload storage/debugbar/01K1JAVWGHMV0EXWME8BEWGBTG.json
10:14:25 AM [vite] page reload storage/debugbar/01K1JSSPKC30FNBGHTHMKG9G40.json
10:14:25 AM [vite] page reload storage/debugbar/01K1H4MK04P0G8ADDQDDJNPZRE.json
10:14:25 AM [vite] page reload storage/debugbar/01K1H4HYVE1WTRQYM48MGYMKE6.json
10:14:25 AM [vite] page reload storage/debugbar/01K1H4WNVXK48N0JD9C7JCTVXE.json
10:14:25 AM [vite] page reload storage/debugbar/01K1H4KTV7GT9M3KK0DM1153T0.json
10:14:25 AM [vite] page reload storage/debugbar/01K1H7M6QSPZ5RE9YS7HC2AEHR.json
10:14:25 AM [vite] page reload storage/debugbar/01K1JBX6RBVF6ZYBS6Q0X8QW58.json
10:14:25 AM [vite] page reload storage/debugbar/01K1H4Y194FE48T1T2FRZKH2B4.json
10:14:25 AM [vite] page reload storage/debugbar/01K1H4XDXTV2Z2YQ9H5HC83PYD.json
10:14:25 AM [vite] page reload storage/debugbar/01K1H6TM6K69D1EC37N7ZZC4T0.json
10:14:25 AM [vite] page reload storage/debugbar/01K1JCA2CHTZ1JDERPSAX7F9DD.json
10:14:25 AM [vite] page reload storage/debugbar/01K1H4PWCA38PJPR2MWG7SEJ8R.json
10:14:25 AM [vite] page reload storage/debugbar/01K1H4JKCQ4CYRP21DHFKC0AR2.json
10:14:25 AM [vite] page reload storage/debugbar/01K1H4MWMW5JPS7Y1GMAGCBJDH.json
10:14:25 AM [vite] page reload storage/debugbar/01K1JB00YDR8G7H62Q66ZY9NQT.json
10:14:25 AM [vite] page reload storage/debugbar/01K1H6TMP7GK7RZ0S7FD6ZQV8Z.json
10:14:25 AM [vite] page reload storage/debugbar/01K1H4V9ARTWQT4K0AC8C67WFQ.json
10:14:25 AM [vite] page reload storage/framework/views/0a3330e077c8a995723a3b2f431ac8e3.php
10:14:25 AM [vite] page reload storage/framework/views/1af1ac8bbb3dc0788f44ef65735c5912.php
10:14:25 AM [vite] page reload storage/framework/views/1e847bd0003edacee67418cdba344106.php
10:14:25 AM [vite] page reload storage/framework/views/216f44cdc12b8a032f29cad26d03690e.php
10:14:25 AM [vite] page reload storage/framework/views/2391a899e40b458a39e935a035a31281.php
10:14:25 AM [vite] page reload storage/framework/views/24578bb09928f280363e257504523ea3.php
10:14:25 AM [vite] page reload storage/framework/views/3223a13e01529faf1b3117f75ea03155.php
10:14:25 AM [vite] page reload storage/framework/views/32a54f558a23e3b83b7c2b30ab6ed86c.php
10:14:25 AM [vite] page reload storage/framework/views/33d58fe59b10f073fbcd698d29914d09.php
10:14:25 AM [vite] page reload storage/framework/views/3748b7bc07b2c8cd6db29ad36801b2d3.php
10:14:25 AM [vite] page reload storage/framework/views/3bec791eb8cbf8f2a3d25f501f16733d.php
10:14:25 AM [vite] page reload storage/framework/views/3c162ed39c1a934a06f76f9edb1d70cc.php
10:14:25 AM [vite] page reload storage/framework/views/3df90d432baf8fa351d786aa3c2c6a40.php
10:14:25 AM [vite] page reload storage/framework/views/44e0d5659e5692e5dfefa346111b3c99.php
10:14:25 AM [vite] page reload storage/framework/views/49571f3935dc720a5bd98ec881ba0960.php
10:14:25 AM [vite] page reload storage/framework/views/4a790f04fd6aee66cc92d5dd11262360.php
10:14:25 AM [vite] page reload storage/framework/views/4d9e25374e4516011e433b20cf727859.php
10:14:25 AM [vite] page reload storage/framework/views/55c4e259e9516965d80ed8831b17f3b6.php
10:14:25 AM [vite] page reload storage/framework/views/563a8e76158e56e9845e67ecbc21c02b.php
10:14:25 AM [vite] page reload storage/framework/views/634e1e0e78455c979720e32457b5f790.php
10:14:25 AM [vite] page reload storage/framework/views/6b4aa2a1e5be3b6a3cda6756015aabc9.php
10:14:25 AM [vite] page reload storage/framework/views/7fc986a572f7fd9fb6b7be20cca5286b.php
10:14:25 AM [vite] page reload storage/framework/views/86351f7cc7e49bfeab7f1eb42c63efea.php
10:14:25 AM [vite] page reload storage/framework/views/8a09b8346922c15c7bc5317ebabf75ad.php
10:14:25 AM [vite] page reload storage/framework/views/922532c3bc0a29f50ca5d500e833687d.php
10:14:25 AM [vite] page reload storage/framework/views/93e4fa190c9d866359c0cdfe55075264.php
10:14:25 AM [vite] page reload storage/framework/views/997c19ee6e52959b9647c28a331f579a.php
10:14:25 AM [vite] page reload storage/framework/views/99cc5869d4fe398d0542f0ec89cfb3b4.php
10:14:25 AM [vite] page reload storage/framework/views/9c717a1d75c78c1442020b7e6515bf71.php
10:14:25 AM [vite] page reload storage/framework/views/a3e20bc320898de0fe90d6bf01658f5a.php
10:14:25 AM [vite] page reload storage/framework/views/aa404ce66e971f018d3a214adc4dfa79.php
10:14:25 AM [vite] page reload storage/framework/views/b6acec4908772a50d30c9ae45415eee2.php
10:14:25 AM [vite] page reload storage/framework/views/c25210867145b19443c737c39e1aa027.php
10:14:25 AM [vite] page reload storage/framework/views/c2bb350955955a751fc452e74c16abc3.php
10:14:25 AM [vite] page reload storage/framework/views/c5f3c84f42aa2ec14f71be96ce66621e.php
10:14:25 AM [vite] page reload storage/framework/views/cf1af3e1ff3a1539b1ebbf635ddd516d.php
10:14:25 AM [vite] page reload storage/framework/views/cfcce7a8aca7dbf30b02ca3a825136c1.php
10:14:25 AM [vite] page reload storage/framework/views/d948e5b9cb0d797fd88bf84d2f0c3e62.php
10:14:25 AM [vite] page reload storage/framework/views/e1c49502a36949349debb3245f5db7e1.php
10:14:25 AM [vite] page reload storage/framework/views/e6e1dc1583239d5b6d4ceb25d8a074e8.php
10:14:25 AM [vite] page reload storage/framework/views/f2a66fc72c3edb6e4bf7491ebeb2599c.php
10:14:25 AM [vite] page reload storage/framework/views/fa09c88b08f98528c3623a253abb3555.php
10:14:25 AM [vite] page reload storage/framework/views/fc183bd302e2fe07b98352dba21e74c5.php
10:14:25 AM [vite] page reload storage/framework/views/fda6d828b217043240faa68831771ede.php
10:14:25 AM [vite] page reload storage/framework/views/fef2d79098f2bafe30e904ff9a436b31.php
10:14:25 AM [vite] page reload storage/framework/views/ff76cd3f806a4ac097107341d4330bd9.php
JP08MXK8A1TFG04G023MES.json
10:14:24 AM [vite] page reload storage/debugbar/01K1H4J3AZKVK184512T9V29TB.json
10:14:24 AM [vite] page reload storage/debugbar/01K1H4QC1WYZ9MD868214NQM3K.json
10:14:24 AM [vite] page reload storage/debugbar/01K1H4T9BK54ZHD3E8TWCY21DE.json
10:14:24 AM [vite] page reload storage/debugbar/01K1H4X2Y866PSQ99F2JFRR1Y3.json
10:14:24 AM [vite] page reload storage/debugbar/01K1JSVQ7Q2AY9Z7C232Y2ZZJ6.json
10:14:24 AM [vite] page reload storage/debugbar/01K1H4H3C3FRMNDPW03B7JJ4HK.json
10:14:24 AM [vite] page reload storage/debugbar/01K1JB0NRF77KS0JPX82VN472H.json
10:14:24 AM [vite] page reload storage/debugbar/01K1H4X33CF3W39KDXRDRCZWWG.json
10:14:24 AM [vite] page reload storage/debugbar/01K1HFVGBMFFSJ352P4NGVJX6Z.json
10:14:24 AM [vite] page reload storage/debugbar/01K1JNHGG00W8N2178383JXS2C.json
10:14:24 AM [vite] page reload storage/debugbar/01K1J9F8QYF4936YQ2T22XXHE8.json
10:14:24 AM [vite] page reload storage/debugbar/01K1H4SF1QX9VCV2SB3VX3B7TT.json
10:14:24 AM [vite] page reload storage/debugbar/01K1H4SERF309YNGYAARMH82AA.json
10:14:24 AM [vite] page reload storage/debugbar/01K1JC6Z6R2BRK8CRHN1MR4VXZ.json
10:14:24 AM [vite] page reload storage/debugbar/01K1JB0HDSP9R1FC1BNSNJ9T8F.json
10:14:24 AM [vite] page reload storage/debugbar/01K1J3CVJH21C7KAABJ7WAK5CZ.json
10:14:24 AM [vite] page reload storage/debugbar/01K1H4G1SB8TW2DH65DHNTRASM.json
10:14:24 AM [vite] page reload storage/debugbar/01K1H4SEKNDRJRKFTEZT4SKZ39.json
10:14:24 AM [vite] page reload storage/debugbar/01K1H4GGK4Z46WHEN3RAJNRQJJ.json
10:14:24 AM [vite] page reload storage/debugbar/01K1JARM5HG303ZQXVSHY1EV9E.json
10:14:24 AM [vite] page reload storage/debugbar/01K1H4JVWQJ1MMNP36TDASRD7D.json
10:14:24 AM [vite] page reload storage/debugbar/01K1GMZDNCZ108YGWDYXDENZYM.json
10:14:24 AM [vite] page reload storage/debugbar/01K1JC1S13AX6SY5BEHVM36RNC.json
10:14:24 AM [vite] page reload storage/debugbar/01K1HRBSQ05PGVDM9D8J85MMBM.json
10:14:24 AM [vite] page reload storage/debugbar/01K1JTWSE8B7DPM5YABMXVH5XT.json
10:14:24 AM [vite] page reload storage/debugbar/01K1H4JR38C1MAX6PX652VJD12.json
10:14:24 AM [vite] page reload storage/debugbar/01K1JC2A73Y5D2CVBB78JJHJY4.json
10:14:24 AM [vite] page reload storage/debugbar/01K1JSZZ995TK2TWVBEZP482M9.json
10:14:24 AM [vite] page reload storage/debugbar/01K1H4NE89SQ0WN2A3R3RJQ6AS.json
10:14:24 AM [vite] page reload storage/debugbar/01K1H4C8R5H6DGQBE9SRWHBGSH.json
10:14:24 AM [vite] page reload storage/debugbar/01K1H4G0S50R0GJF6RV0FBDE23.json
10:14:24 AM [vite] page reload storage/debugbar/01K1H4E9ZA6NPJ620NKE9285X7.json
10:14:24 AM [vite] page reload storage/debugbar/01K1H4WDV5Y6P3FMWPGMR3S5VP.json
10:14:24 AM [vite] page reload storage/debugbar/01K1H4XCJG0NTNAAX8B9DW3D9H.json
10:14:24 AM [vite] page reload storage/debugbar/01K1H4VX4B65EJM97ZYS01B954.json
10:14:24 AM [vite] page reload storage/debugbar/01K1H4QH4BHEFFZ4DB4TPZM13M.json
10:14:24 AM [vite] page reload storage/debugbar/01K1H4FC8CGCYGJY42GDS0YF4W.json
10:14:24 AM [vite] page reload storage/debugbar/01K1H4XZR4YYGXAFV9M3ER8G84.json
10:14:24 AM [vite] page reload storage/debugbar/01K1H4R73D9YE85HB6Z0299G9Q.json
10:14:24 AM [vite] page reload storage/debugbar/01K1H4H2JVS9D353ET05MG1594.json
10:14:24 AM [vite] page reload storage/debugbar/01K1H9AAQABATT2K62MVHC15QF.json
10:14:24 AM [vite] page reload storage/debugbar/01K1J95866BPZ6GRVCVKM2QPNP.json
10:14:24 AM [vite] page reload storage/debugbar/01K1JC28DQ3Y3P2PACYA01XEN0.json
10:14:24 AM [vite] page reload storage/debugbar/01K1H4V9SA53HJ2QX8QMVEQ024.json
10:14:24 AM [vite] page reload storage/debugbar/01K1H4CR21SS62D0K6CKGZRFD3.json
10:14:24 AM [vite] page reload storage/debugbar/01K1JC6E931MCMHRFDBA86CMK2.json
10:14:24 AM [vite] page reload storage/debugbar/01K1H4GTSDZSPNCWDN8YH614RN.json
10:14:24 AM [vite] page reload storage/debugbar/01K1H4S2SYP00BA8YD4AFPHSNN.json
10:14:24 AM [vite] page reload storage/debugbar/01K1H4THF7Q4K4KG3V2KSECPR6.json
10:14:24 AM [vite] page reload storage/debugbar/01K1H4KTE3Z5K4DPSCDT7NMFDJ.json
10:14:24 AM [vite] page reload storage/debugbar/01K1JB38GTRBEYTV7YGM3K3M5M.json
10:14:24 AM [vite] page reload storage/debugbar/01K1H4F54CRWA4WT90GN76DC6A.json
10:14:24 AM [vite] page reload storage/debugbar/01K1H4R27N5V8W7WZMYM0J5SY1.json
10:14:24 AM [vite] page reload storage/debugbar/01K1H4KDX02TZKFRK0HKP22B9F.json
10:14:24 AM [vite] page reload storage/debugbar/01K1H4VXJKM4NYA090S7J0BF6R.json
10:14:24 AM [vite] page reload storage/debugbar/01K1H4FBCDP1BHZSWZN2H3KS7Z.json
10:14:24 AM [vite] page reload storage/debugbar/01K1JVSW3AMF33YYYCGBES9AH6.json
10:14:24 AM [vite] page reload storage/debugbar/01K1HF2YQWTHTPHGS039KPSSTZ.json
10:14:24 AM [vite] page reload storage/debugbar/01K1H4A5AEQX7VVA5J5TXRRHR6.json
10:14:24 AM [vite] page reload storage/debugbar/01K1H4YZBFZ608M3DTVN14HCG0.json
10:14:24 AM [vite] page reload storage/debugbar/01K1H4VKTKR1Y3BW60MEFX4MDP.json
10:14:24 AM [vite] page reload storage/debugbar/01K1H4W8DBZEDV7K3GP04GFGX6.json
10:14:24 AM [vite] page reload storage/debugbar/01K1H4XMFF4102EKBE3H3DEYWT.json
10:14:24 AM [vite] page reload storage/debugbar/01K1J958CSYV5WZ6DRGSDMQTK7.json
10:14:24 AM [vite] page reload storage/debugbar/01K1HEAJYZR62603APNMHX4DAS.json
10:14:24 AM [vite] page reload storage/debugbar/01K1H4K5EM2HEWH75PBQ1CFW2J.json
10:14:24 AM [vite] page reload storage/debugbar/01K1JM9KDVT3JFGVCCSA7H4A4E.json
10:14:24 AM [vite] page reload storage/debugbar/01K1HSJPDTTEMFHS7TFN2QQ94Y.json
10:14:24 AM [vite] page reload storage/debugbar/01K1GYK1A0BWDGSBPDQGMGBC37.json
10:14:24 AM [vite] page reload storage/debugbar/01K1HED19D2A8GW2YWHCX66TKM.json
10:14:24 AM [vite] page reload storage/debugbar/01K1JY9GRG7020HEN345AKK0M4.json
10:14:24 AM [vite] page reload storage/debugbar/01K1JA56AAV9R2NKR0TX4CE06E.json
10:14:24 AM [vite] page reload storage/debugbar/01K1H4TWB2K38ACCVXPWD9FBRJ.json
10:14:24 AM [vite] page reload storage/debugbar/01K1H4SMY3WDKVV0ATP7EPXPVR.json
10:14:24 AM [vite] page reload storage/debugbar/01K1JC1MBYY913BCNWVCV0MEEJ.json
10:14:24 AM [vite] page reload storage/debugbar/01K1H4GZT5ED5VFGDPKMW1Q5F1.json
10:14:24 AM [vite] page reload storage/debugbar/01K1GYM0A7S1WT9QXE4WFYRJVX.json
10:14:24 AM [vite] page reload storage/debugbar/01K1H4FJN7NAB8QGQNY7BQBZMZ.json
10:14:24 AM [vite] page reload storage/debugbar/01K1H4DCYDJS5KRPQZ06EQCGYK.json
10:14:24 AM [vite] page reload storage/debugbar/01K1H4GHKR7JVAZZE50W0YKJHJ.json
10:14:24 AM [vite] page reload storage/debugbar/01K1H4V3RZQPK4GYHWPX3QDCQN.json
10:14:24 AM [vite] page reload storage/debugbar/01K1HG1EF19EB2KTB5BSP8VZC5.json
10:14:24 AM [vite] page reload storage/debugbar/01K1H4RX55K9J6SVTE6Z0PCC9W.json
10:14:24 AM [vite] page reload storage/debugbar/01K1H4JJWB12AATSEST0DVB43G.json
10:14:24 AM [vite] page reload storage/debugbar/01K1H4T92H40A1X8BHE1EWW0TY.json
10:14:24 AM [vite] page reload storage/debugbar/01K1H4V41XJKA1SMJPH11E11S0.json
10:14:24 AM [vite] page reload storage/debugbar/01K1H4FBPJZ9QAPDHTYWEWD1Y0.json
10:14:24 AM [vite] page reload storage/debugbar/01K1JC8C66VAC8MA25XHNNSFF7.json
10:14:24 AM [vite] page reload storage/debugbar/01K1H4YY8DAZHQZDHAS9TQJ2A1.json
10:14:24 AM [vite] page reload storage/debugbar/01K1HY44P2GPPT7QZ62QCG84ZS.json
10:14:24 AM [vite] page reload storage/debugbar/01K1H4QWBTPZP67PTC207VQ7ZR.json
10:14:24 AM [vite] page reload storage/debugbar/01K1H4J3KSS1SVGMPXQHR8ZZ6A.json
10:14:24 AM [vite] page reload storage/debugbar/01K1JC299FTX6BRR4PBQH1AXQY.json
10:14:24 AM [vite] page reload storage/debugbar/01K1JC4HQJPQYAT4FQM4HSEWRB.json
10:14:24 AM [vite] page reload storage/debugbar/01K1JAKJZ3YS94ZFHCWNK94MMH.json
10:14:24 AM [vite] page reload storage/debugbar/01K1H4QXK20T8HRCXW7WE5DHTH.json
10:14:24 AM [vite] page reload storage/debugbar/01K1HQEYGB0JR54YHV9RSCKPH3.json
10:14:24 AM [vite] page reload storage/debugbar/01K1H4S22T5Y98WFJ7RRW491CD.json
10:14:24 AM [vite] page reload storage/debugbar/01K1J4Y6VE87QQPHYRA2MV13BZ.json
10:14:24 AM [vite] page reload storage/debugbar/01K1H4TGRVMW8KDGE7T2C8WXT9.json
10:14:24 AM [vite] page reload storage/debugbar/01K1H4WTGMM40KGQM13SFEYMXJ.json
10:14:24 AM [vite] page reload storage/debugbar/01K1H4HJA192GX49W9PNHKV1G1.json
10:14:24 AM [vite] page reload storage/debugbar/01K1JT5NDXPGP8EYCWYH9HGW2N.json
10:14:24 AM [vite] page reload storage/debugbar/01K1H4JWTV2P3WA578C51FSZ82.json
10:14:24 AM [vite] page reload storage/debugbar/01K1H4S3YME7YA3KEN7W0QWVXQ.json
10:14:24 AM [vite] page reload storage/debugbar/01K1H4BX9624KXBGZTBY7F1ATX.json
10:14:24 AM [vite] page reload storage/debugbar/01K1H4RBGR8KXW7TXTH06BF3XQ.json
10:14:24 AM [vite] page reload storage/debugbar/01K1H4M8XGERM38T03BMAT5XX2.json
10:14:24 AM [vite] page reload storage/debugbar/01K1H4JK2815E7ZYQZY47E9RJ9.json
10:14:24 AM [vite] page reload storage/debugbar/01K1H4TR3JG90SV3YKK0GQF7KC.json
10:14:24 AM [vite] page reload storage/debugbar/01K1JT5KSXHX3BJ1ZMHP7512FK.json
10:14:24 AM [vite] page reload storage/debugbar/01K1H4WPCBKYE4Q6T8TJDSPX48.json
10:14:24 AM [vite] page reload storage/debugbar/01K1H4YYR67ZW9P5MHPAW5R1X8.json
10:14:24 AM [vite] page reload storage/debugbar/01K1H4MXQA59AX0XE467CY7H5M.json
10:14:24 AM [vite] page reload storage/debugbar/01K1H4T8N2D3P60HJ7PGR10E27.json
10:14:24 AM [vite] page reload storage/debugbar/01K1JSZZ8MKEJC1DBWH5HFCJ1N.json
10:14:24 AM [vite] page reload storage/debugbar/01K1JBQXQPQBGF898CC5JKB2P2.json
10:14:24 AM [vite] page reload storage/debugbar/01K1JXG7A1G0AQGTQXYB6BS80Q.json
10:14:24 AM [vite] page reload storage/debugbar/01K1JC3DANJQ0B113MCW7XCD74.json
10:14:24 AM [vite] page reload storage/debugbar/01K1JB4GQFNTKXS85RQG8XPNXX.json
10:14:24 AM [vite] page reload storage/debugbar/01K1H4THYVJCS3EQP3NNS08V2M.json
10:14:24 AM [vite] page reload storage/debugbar/01K1JBC14RNAWQWPYY00FFSD6Y.json
10:14:24 AM [vite] page reload storage/debugbar/01K1HD4Q34FM06SMCNN09GRPHZ.json
10:14:24 AM [vite] page reload storage/debugbar/01K1JAVWGHMV0EXWME8BEWGBTG.json
10:14:24 AM [vite] page reload storage/debugbar/01K1JSSPKC30FNBGHTHMKG9G40.json
10:14:24 AM [vite] page reload storage/debugbar/01K1H4MK04P0G8ADDQDDJNPZRE.json
10:14:24 AM [vite] page reload storage/debugbar/01K1H4HYVE1WTRQYM48MGYMKE6.json
10:14:24 AM [vite] page reload storage/debugbar/01K1H4WNVXK48N0JD9C7JCTVXE.json
10:14:24 AM [vite] page reload storage/debugbar/01K1H4KTV7GT9M3KK0DM1153T0.json
10:14:24 AM [vite] page reload storage/debugbar/01K1H7M6QSPZ5RE9YS7HC2AEHR.json
10:14:24 AM [vite] page reload storage/debugbar/01K1JBX6RBVF6ZYBS6Q0X8QW58.json
10:14:24 AM [vite] page reload storage/debugbar/01K1H4Y194FE48T1T2FRZKH2B4.json
10:14:24 AM [vite] page reload storage/debugbar/01K1H4XDXTV2Z2YQ9H5HC83PYD.json
10:14:24 AM [vite] page reload storage/debugbar/01K1H6TM6K69D1EC37N7ZZC4T0.json
10:14:24 AM [vite] page reload storage/debugbar/01K1JCA2CHTZ1JDERPSAX7F9DD.json
10:14:24 AM [vite] page reload storage/debugbar/01K1H4JKCQ4CYRP21DHFKC0AR2.json
10:14:24 AM [vite] page reload storage/debugbar/01K1H4PWCA38PJPR2MWG7SEJ8R.json
10:14:24 AM [vite] page reload storage/debugbar/01K1H4MWMW5JPS7Y1GMAGCBJDH.json
10:14:24 AM [vite] page reload storage/debugbar/01K1JB00YDR8G7H62Q66ZY9NQT.json
10:14:24 AM [vite] page reload storage/debugbar/01K1H6TMP7GK7RZ0S7FD6ZQV8Z.json
10:14:24 AM [vite] page reload storage/debugbar/01K1H4V9ARTWQT4K0AC8C67WFQ.json
