🔍 ANALYSE COMPLÈTE DU PROJET STUDIOSDB
========================================
Date: Fri Jul  4 03:39:38 PM EDT 2025
Laravel Version: Laravel Framework 12.19.3
PHP Version: PHP 8.3.6 (cli) (built: Mar 19 2025 10:08:38) (NTS)

📋 1. ANALYSE DES CONTRÔLEURS ADMIN
-----------------------------------
✅ Contrôleurs existants:
  - CoursHoraireController
    ✅ Hérite de BaseAdminController
    ✅ Types stricts activés
    ✅ Middleware dans constructeur

  - BaseAdminController
    ⚠️  Hérite de Controller (à migrer)
    ✅ Types stricts activés
    ✅ Middleware dans constructeur

  - ExportController
    ✅ Hérite de BaseAdminController
    ❌ Types stricts manquants
    ✅ Middleware dans constructeur

  - UserController
    ✅ Hérite de BaseAdminController
    ✅ Types stricts activés
    ✅ Middleware dans constructeur

  - SessionCoursController
    ✅ Hérite de BaseAdminController
    ✅ Types stricts activés
    ✅ Middleware dans constructeur

  - LogController
    ✅ Hérite de BaseAdminController
    ❌ Types stricts manquants
    ✅ Middleware dans constructeur

  - RoleController
    ✅ Hérite de BaseAdminController
    ❌ Types stricts manquants
    ✅ Middleware dans constructeur

  - SeminaireController
    ✅ Hérite de BaseAdminController
    ✅ Types stricts activés
    ✅ Middleware dans constructeur

  - CoursController
    ✅ Hérite de BaseAdminController
    ✅ Types stricts activés
    ✅ Middleware dans constructeur

  - InscriptionSeminaireController
    ✅ Hérite de BaseAdminController
    ❌ Types stricts manquants
    ✅ Middleware dans constructeur

  - TelescopeController
    ✅ Hérite de BaseAdminController
    ❌ Types stricts manquants
    ✅ Middleware dans constructeur

  - PresenceController
    ✅ Hérite de BaseAdminController
    ✅ Types stricts activés
    ✅ Middleware dans constructeur

  - PaiementController
    ✅ Hérite de BaseAdminController
    ✅ Types stricts activés
    ✅ Middleware dans constructeur

  - EcoleController
    ✅ Hérite de BaseAdminController
    ✅ Types stricts activés
    ✅ Middleware dans constructeur

  - CeintureController
    ✅ Hérite de BaseAdminController
    ✅ Types stricts activés
    ✅ Middleware dans constructeur

  - DashboardController
    ⚠️  Hérite de Controller (à migrer)
    ❌ Types stricts manquants
    ✅ Middleware dans constructeur

🛣️  2. ANALYSE DES ROUTES
------------------------
Routes web.php:
  ✅ Fichier existe
  📊 Lignes: 78
Routes admin.php:
  ✅ Fichier existe
  📊 Lignes: 86
  📊 Routes admin: 25
🏗️  3. ANALYSE DES MODÈLES
-------------------------
✅ User.php
   📊 Relations: 0
0
   ⚠️  Scopes à vérifier
✅ Ecole.php
   📊 Relations: 0
0
   ✅ Scopes multi-tenant
✅ Cours.php
   📊 Relations: 0
0
   ✅ Scopes multi-tenant
✅ SessionCours.php
   📊 Relations: 0
0
   ⚠️  Scopes à vérifier
✅ Ceinture.php
   📊 Relations: 0
0
   ⚠️  Scopes à vérifier
✅ Presence.php
   📊 Relations: 0
0
   ⚠️  Scopes à vérifier
✅ Paiement.php
   📊 Relations: 0
0
   ⚠️  Scopes à vérifier
✅ Seminaire.php
   📊 Relations: 0
0
   ⚠️  Scopes à vérifier
🎨 4. ANALYSE DES VUES
---------------------
Layout principal:
  ✅ admin.blade.php existe
Dashboards:
  ✅ dashboard.blade.php
  ✅ admin-ecole.blade.php
  ✅ superadmin.blade.php
Modules admin:
  ✅ Module cours
     📊 Vues: 6
     ✅ Design StudiosDB
  ✅ Module users
     📊 Vues: 5
     ✅ Design StudiosDB
  ✅ Module ceintures
     📊 Vues: 3
     ✅ Design StudiosDB
  ✅ Module presences
     📊 Vues: 4
     ✅ Design StudiosDB
  ✅ Module sessions
     📊 Vues: 4
     ✅ Design StudiosDB
  ✅ Module seminaires
     📊 Vues: 4
     ✅ Design StudiosDB
  ✅ Module paiements
     📊 Vues: 4
     ✅ Design StudiosDB
  ✅ Module ecoles
     📊 Vues: 4
     ✅ Design StudiosDB
🧩 5. ANALYSE DES COMPOSANTS
----------------------------
✅ Dossier components existe
📊 Composants: 18
❌ flash-messages.blade.php MANQUANT (cause erreur)
Composants trouvés:
  - modal
  - admin-icon
  - text-input
  - actions-dropdown
  - primary-button
  - application-logo
  - module-header
  - admin-table
  - empty-state
  - dark-mode-toggle
  - module-actions
  - guest-layout
  - input-error
  - input-label
  - secondary-button
  - admin-layout
  - danger-button
  - auth-session-status
📝 6. ANALYSE DES FORM REQUESTS
-------------------------------
✅ Dossier Requests/Admin existe
📊 Form Requests: 33
Form Requests trouvées:
  - PresenceRequest
  - StorePresenceRequest
  - UpdateSeminaireRequest
  - StoreCoursRequest
  - SeminaireRequest
  - DuplicateCoursRequest
  - StoreEcoleRequest
  - MembreRequest
  - UpdateSessionCoursRequest
  - StoreCoursHoraireRequest
  - UpdateCeintureAttributionRequest
  - BulkValidateSeminaireRequest
  - InscriptionSeminaireRequest
  - StoreCeintureAttributionRequest
  - QuickBulkValidatePaiementRequest
  - UpdateUserRequest
  - UpdateCoursRequest
  - StorePaiementRequest
  - EcoleRequest
  - UpdateEcoleRequest
  - PaiementRequest
  - UserRequest
  - UpdateCoursHoraireRequest
  - SessionCoursRequest
  - BulkValidatePaiementRequest
  - StoreSeminaireRequest
  - StoreSessionCoursRequest
  - UpdatePresenceRequest
  - CoursRequest
  - UpdatePaiementRequest
  - BulkCeintureAttributionRequest
  - CeintureRequest
  - StoreUserRequest
🚨 7. ANALYSE DES ERREURS COURANTES
-----------------------------------
Recherche d'erreurs potentielles:
Méthodes static dans contrôleurs (erreur):
Modèles sans relations:
  ⚠️  app/Models/Dashboard.php
Vues sans layout:
  ⚠️  resources/views/admin/components/metric-cards.blade.php
  ⚠️  resources/views/admin/exports/users-pdf.blade.php
  ⚠️  resources/views/admin/exports/index.blade.php
  ⚠️  resources/views/admin/paiements/validation-rapide.blade.php
  ⚠️  resources/views/admin/paiements/actions-masse.blade.php
🔒 8. ANALYSE DE LA SÉCURITÉ
----------------------------
Middleware de sécurité:
routes/web.php.backup:Route::middleware(['auth', 'verified'])->group(function () {
routes/admin.php.backup:Route::prefix('admin')->name('admin.')->middleware(['auth', 'verified'])->group(function () {
routes/admin.php:Route::prefix('admin')->name('admin.')->middleware(['auth', 'verified'])->group(function () {
routes/web.php:Route::middleware(['auth', 'verified'])->group(function () {
app/Http/Controllers/Admin/BaseAdminController.php:        $this->middleware(['auth', 'verified']);
app/Http/Controllers/Auth/VerifyEmailController.php:     * Mark the authenticated user's email address as verified.
  ✅ Auth + verified appliqués
Permissions Spatie:
  ✅ Spatie Permissions configuré
Policies:
  ✅ Policies: 14
🗄️  9. ANALYSE DE LA BASE DE DONNÉES
------------------------------------
Migrations:
  📊 Migrations: 44
Seeders:
  📊 Seeders: 5
🧪 10. TESTS DE FONCTIONNALITÉ
------------------------------
Test des routes principales:
  ✅ /admin accessible
  ✅ /admin/cours accessible
  ✅ /admin/users accessible
  ✅ /admin/ceintures accessible

📊 RÉSUMÉ DE L'ANALYSE
======================
✅ FONCTIONNEL:
  - BaseAdminController créé et standardisé
  - Architecture Laravel 12 partiellement appliquée
  - Système multi-tenant en place

⚠️  À CORRIGER EN PRIORITÉ:
  1. Créer le composant admin.flash-messages manquant
  2. Migrer les contrôleurs restants vers BaseAdminController
  3. Créer les Form Requests manquantes
  4. Compléter les vues avec design StudiosDB

🎯 PROCHAINES ACTIONS:
  1. Résoudre l'erreur admin.flash-messages
  2. Migration des contrôleurs restants
  3. Standardisation des vues
  4. Tests complets

📝 FICHIERS MODIFIÉS RÉCEMMENT:
  - app/Http/Controllers/Admin/BaseAdminController.php
  - app/Http/Controllers/Admin/CeintureController.php
  - app/Http/Controllers/Admin/PresenceController.php
  - app/Http/Controllers/Admin/DashboardController.php
  - app/Models/Cours.php

🔧 COMMANDES DE DIAGNOSTIC RAPIDE:
  php artisan route:list | grep admin | wc -l
  php artisan tinker --execute="User::count()"
  find app/Http/Controllers/Admin -name '*.php' | wc -l

✨ Analyse terminée - Fri Jul  4 03:39:38 PM EDT 2025
