📝 Rapport de standardisation des modules (StudiosDB)
Date : Sat Jul  5 10:30:52 AM EDT 2025
=====================================================

1️⃣ CONTRÔLE DES VUES ADMIN (présence du standard)

- create-masse.blade.php :
    ✅ @extends('layouts.admin')
    ⚠️  Manque @include('partials.admin-navigation')
    ⚠️  Manque x-module-header
    ⚠️  Manque x-admin.flash-messages

- index.blade.php :
    ✅ @extends('layouts.admin')
    ⚠️  Manque @include('partials.admin-navigation')
    ⚠️  Manque x-module-header
    ⚠️  Manque x-admin.flash-messages

- create.blade.php :
    ✅ @extends('layouts.admin')
    ⚠️  Manque @include('partials.admin-navigation')
    ⚠️  Manque x-module-header
    ⚠️  Manque x-admin.flash-messages

- metric-cards.blade.php :
    ❌ Manque @extends('layouts.admin')
    ⚠️  Manque @include('partials.admin-navigation')
    ⚠️  Manque x-module-header
    ⚠️  Manque x-admin.flash-messages

- users-pdf.blade.php :
    ❌ Manque @extends('layouts.admin')
    ⚠️  Manque @include('partials.admin-navigation')
    ⚠️  Manque x-module-header
    ⚠️  Manque x-admin.flash-messages

- index.blade.php :
    ❌ Manque @extends('layouts.admin')
    ⚠️  Manque @include('partials.admin-navigation')
    ✅ x-module-header présent
    ⚠️  Manque x-admin.flash-messages

- validation-rapide.blade.php :
    ❌ Manque @extends('layouts.admin')
    ⚠️  Manque @include('partials.admin-navigation')
    ✅ x-module-header présent
    ⚠️  Manque x-admin.flash-messages

- index.blade.php :
    ✅ @extends('layouts.admin')
    ⚠️  Manque @include('partials.admin-navigation')
    ⚠️  Manque x-module-header
    ⚠️  Manque x-admin.flash-messages

- create.blade.php :
    ✅ @extends('layouts.admin')
    ⚠️  Manque @include('partials.admin-navigation')
    ⚠️  Manque x-module-header
    ⚠️  Manque x-admin.flash-messages

- actions-masse.blade.php :
    ❌ Manque @extends('layouts.admin')
    ⚠️  Manque @include('partials.admin-navigation')
    ✅ x-module-header présent
    ⚠️  Manque x-admin.flash-messages

- inscriptions.blade.php :
    ❌ Manque @extends('layouts.admin')
    ⚠️  Manque @include('partials.admin-navigation')
    ✅ x-module-header présent
    ⚠️  Manque x-admin.flash-messages

- index.blade.php :
    ✅ @extends('layouts.admin')
    ⚠️  Manque @include('partials.admin-navigation')
    ⚠️  Manque x-module-header
    ⚠️  Manque x-admin.flash-messages

- inscrire.blade.php :
    ❌ Manque @extends('layouts.admin')
    ⚠️  Manque @include('partials.admin-navigation')
    ⚠️  Manque x-module-header
    ⚠️  Manque x-admin.flash-messages

- create.blade.php :
    ✅ @extends('layouts.admin')
    ⚠️  Manque @include('partials.admin-navigation')
    ✅ x-module-header présent
    ⚠️  Manque x-admin.flash-messages

- form.blade.php :
    ❌ Manque @extends('layouts.admin')
    ⚠️  Manque @include('partials.admin-navigation')
    ⚠️  Manque x-module-header
    ⚠️  Manque x-admin.flash-messages

- index.blade.php :
    ✅ @extends('layouts.admin')
    ⚠️  Manque @include('partials.admin-navigation')
    ✅ x-module-header présent
    ✅ x-admin.flash-messages présent

- edit.blade.php :
    ✅ @extends('layouts.admin')
    ⚠️  Manque @include('partials.admin-navigation')
    ✅ x-module-header présent
    ⚠️  Manque x-admin.flash-messages

- clone.blade.php :
    ✅ @extends('layouts.admin')
    ⚠️  Manque @include('partials.admin-navigation')
    ✅ x-module-header présent
    ⚠️  Manque x-admin.flash-messages

- duplicate.blade.php :
    ✅ @extends('layouts.admin')
    ⚠️  Manque @include('partials.admin-navigation')
    ✅ x-module-header présent
    ⚠️  Manque x-admin.flash-messages

- create.blade.php :
    ✅ @extends('layouts.admin')
    ⚠️  Manque @include('partials.admin-navigation')
    ✅ x-module-header présent
    ⚠️  Manque x-admin.flash-messages

- index.blade.php :
    ✅ @extends('layouts.admin')
    ⚠️  Manque @include('partials.admin-navigation')
    ✅ x-module-header présent
    ⚠️  Manque x-admin.flash-messages

- prise-presence.blade.php :
    ❌ Manque @extends('layouts.admin')
    ⚠️  Manque @include('partials.admin-navigation')
    ✅ x-module-header présent
    ⚠️  Manque x-admin.flash-messages

- pdf.blade.php :
    ❌ Manque @extends('layouts.admin')
    ⚠️  Manque @include('partials.admin-navigation')
    ⚠️  Manque x-module-header
    ⚠️  Manque x-admin.flash-messages

- create.blade.php :
    ✅ @extends('layouts.admin')
    ⚠️  Manque @include('partials.admin-navigation')
    ✅ x-module-header présent
    ⚠️  Manque x-admin.flash-messages

- show.blade.php :
    ✅ @extends('layouts.admin')
    ⚠️  Manque @include('partials.admin-navigation')
    ✅ x-module-header présent
    ⚠️  Manque x-admin.flash-messages

- index.blade.php :
    ✅ @extends('layouts.admin')
    ⚠️  Manque @include('partials.admin-navigation')
    ⚠️  Manque x-module-header
    ⚠️  Manque x-admin.flash-messages

- edit.blade.php :
    ✅ @extends('layouts.admin')
    ⚠️  Manque @include('partials.admin-navigation')
    ✅ x-module-header présent
    ⚠️  Manque x-admin.flash-messages

- create.blade.php :
    ✅ @extends('layouts.admin')
    ⚠️  Manque @include('partials.admin-navigation')
    ✅ x-module-header présent
    ⚠️  Manque x-admin.flash-messages

- show.blade.php :
    ❌ Manque @extends('layouts.admin')
    ⚠️  Manque @include('partials.admin-navigation')
    ⚠️  Manque x-module-header
    ⚠️  Manque x-admin.flash-messages

- index.blade.php :
    ✅ @extends('layouts.admin')
    ⚠️  Manque @include('partials.admin-navigation')
    ✅ x-module-header présent
    ⚠️  Manque x-admin.flash-messages

- edit.blade.php :
    ❌ Manque @extends('layouts.admin')
    ⚠️  Manque @include('partials.admin-navigation')
    ⚠️  Manque x-module-header
    ⚠️  Manque x-admin.flash-messages

- create.blade.php :
    ✅ @extends('layouts.admin')
    ⚠️  Manque @include('partials.admin-navigation')
    ✅ x-module-header présent
    ⚠️  Manque x-admin.flash-messages

- telescope-widget.blade.php :
    ❌ Manque @extends('layouts.admin')
    ⚠️  Manque @include('partials.admin-navigation')
    ⚠️  Manque x-module-header
    ⚠️  Manque x-admin.flash-messages

- _actions.blade.php :
    ❌ Manque @extends('layouts.admin')
    ⚠️  Manque @include('partials.admin-navigation')
    ⚠️  Manque x-module-header
    ⚠️  Manque x-admin.flash-messages

- show.blade.php :
    ✅ @extends('layouts.admin')
    ⚠️  Manque @include('partials.admin-navigation')
    ✅ x-module-header présent
    ⚠️  Manque x-admin.flash-messages

- index.blade.php :
    ✅ @extends('layouts.admin')
    ⚠️  Manque @include('partials.admin-navigation')
    ✅ x-module-header présent
    ✅ x-admin.flash-messages présent

- edit.blade.php :
    ✅ @extends('layouts.admin')
    ⚠️  Manque @include('partials.admin-navigation')
    ✅ x-module-header présent
    ⚠️  Manque x-admin.flash-messages

- create.blade.php :
    ✅ @extends('layouts.admin')
    ⚠️  Manque @include('partials.admin-navigation')
    ⚠️  Manque x-module-header
    ⚠️  Manque x-admin.flash-messages

- index.blade.php :
    ❌ Manque @extends('layouts.admin')
    ⚠️  Manque @include('partials.admin-navigation')
    ✅ x-module-header présent
    ⚠️  Manque x-admin.flash-messages

- index.blade.php :
    ❌ Manque @extends('layouts.admin')
    ⚠️  Manque @include('partials.admin-navigation')
    ✅ x-module-header présent
    ⚠️  Manque x-admin.flash-messages

- admin-ecole.blade.php :
    ✅ @extends('layouts.admin')
    ⚠️  Manque @include('partials.admin-navigation')
    ⚠️  Manque x-module-header
    ✅ x-admin.flash-messages présent

- superadmin.blade.php :
    ✅ @extends('layouts.admin')
    ⚠️  Manque @include('partials.admin-navigation')
    ⚠️  Manque x-module-header
    ⚠️  Manque x-admin.flash-messages

2️⃣ FICHIERS PARTIALS/LAYOUTS UTILISÉS (où et combien de fois)
  - footer.blade.php : utilisé 0 fois
  - admin-navigation.blade.php : utilisé 0 fois
  - guest.blade.php : utilisé 0 fois
  - admin.blade.php : utilisé 29 fois
  - app.blade.php : utilisé 0 fois
  - membre.blade.php : utilisé 0 fois

3️⃣ FICHIERS ORPHELINS (jamais inclus/utilisés)
resources/views/legal/contact.blade.php
resources/views/legal/terms.blade.php
resources/views/legal/privacy.blade.php
resources/views/auth/confirm-password.blade.php
resources/views/auth/register.blade.php
resources/views/auth/forgot-password.blade.php
resources/views/auth/reset-password.blade.php
resources/views/auth/login.blade.php
resources/views/auth/verify-email.blade.php
resources/views/components/modal.blade.php
resources/views/components/admin-icon.blade.php
resources/views/components/text-input.blade.php
resources/views/components/admin/flash-messages.blade.php
resources/views/components/actions-dropdown.blade.php
resources/views/components/primary-button.blade.php
resources/views/components/application-logo.blade.php
resources/views/components/module-header.blade.php
resources/views/components/admin-table.blade.php
resources/views/components/empty-state.blade.php
resources/views/components/dark-mode-toggle.blade.php
resources/views/components/module-actions.blade.php
resources/views/components/guest-layout.blade.php
resources/views/components/input-error.blade.php
resources/views/components/input-label.blade.php
resources/views/components/secondary-button.blade.php
resources/views/components/admin-layout.blade.php
resources/views/components/danger-button.blade.php
resources/views/components/auth-session-status.blade.php
resources/views/profil/index.blade.php
resources/views/admin/ceintures/create-masse.blade.php
resources/views/admin/ceintures/index.blade.php
resources/views/admin/components/metric-cards.blade.php
resources/views/admin/exports/users-pdf.blade.php
resources/views/admin/exports/index.blade.php
resources/views/admin/paiements/validation-rapide.blade.php
resources/views/admin/paiements/index.blade.php
resources/views/admin/paiements/actions-masse.blade.php
resources/views/admin/seminaires/inscriptions.blade.php
resources/views/admin/seminaires/index.blade.php
resources/views/admin/seminaires/inscrire.blade.php
resources/views/admin/cours/form.blade.php
resources/views/admin/cours/index.blade.php
resources/views/admin/cours/edit.blade.php
resources/views/admin/cours/clone.blade.php
resources/views/admin/cours/duplicate.blade.php
resources/views/admin/presences/index.blade.php
resources/views/admin/presences/prise-presence.blade.php
resources/views/admin/presences/pdf.blade.php
resources/views/admin/ecoles/show.blade.php
resources/views/admin/ecoles/index.blade.php
resources/views/admin/ecoles/edit.blade.php
resources/views/admin/sessions/show.blade.php
resources/views/admin/sessions/index.blade.php
resources/views/admin/sessions/edit.blade.php
resources/views/admin/partials/telescope-widget.blade.php
resources/views/admin/users/_actions.blade.php
resources/views/admin/users/show.blade.php
resources/views/admin/users/index.blade.php
resources/views/admin/users/edit.blade.php
resources/views/admin/logs/index.blade.php
resources/views/admin/dashboard/index.blade.php
resources/views/admin/dashboard/admin-ecole.blade.php
resources/views/admin/dashboard/superadmin.blade.php
resources/views/membre/profil-edit.blade.php
resources/views/membre/profil.blade.php
resources/views/dashboard.blade.php
resources/views/errors/403.blade.php
resources/views/errors/500.blade.php
resources/views/errors/minimal.blade.php
resources/views/errors/404.blade.php
resources/views/partials/footer.blade.php
resources/views/partials/admin-navigation.blade.php
resources/views/layouts/guest.blade.php
resources/views/layouts/admin.blade.php
resources/views/layouts/app.blade.php
resources/views/layouts/membre.blade.php
resources/views/profile/edit.blade.php
resources/views/profile/partials/update-profile-information-form.blade.php
resources/views/profile/partials/update-password-form.blade.php
resources/views/profile/partials/delete-user-form.blade.php
resources/views/welcome.blade.php

4️⃣ SYNTHÈSE : modules non standardisés
    ✅ @extends('layouts.admin')
    ⚠️  Manque @include('partials.admin-navigation')
    ⚠️  Manque x-module-header
    ⚠️  Manque x-admin.flash-messages
    ✅ @extends('layouts.admin')
    ⚠️  Manque @include('partials.admin-navigation')
    ⚠️  Manque x-module-header
    ⚠️  Manque x-admin.flash-messages
    ✅ @extends('layouts.admin')
    ⚠️  Manque @include('partials.admin-navigation')
    ⚠️  Manque x-module-header
    ⚠️  Manque x-admin.flash-messages
- metric-cards.blade.php :
    ❌ Manque @extends('layouts.admin')
    ⚠️  Manque @include('partials.admin-navigation')
    ⚠️  Manque x-module-header
    ⚠️  Manque x-admin.flash-messages
- users-pdf.blade.php :
    ❌ Manque @extends('layouts.admin')
    ⚠️  Manque @include('partials.admin-navigation')
    ⚠️  Manque x-module-header
    ⚠️  Manque x-admin.flash-messages
- index.blade.php :
    ❌ Manque @extends('layouts.admin')
    ⚠️  Manque @include('partials.admin-navigation')
    ✅ x-module-header présent
    ⚠️  Manque x-admin.flash-messages
- validation-rapide.blade.php :
    ❌ Manque @extends('layouts.admin')
    ⚠️  Manque @include('partials.admin-navigation')
    ✅ x-module-header présent
    ⚠️  Manque x-admin.flash-messages
    ✅ @extends('layouts.admin')
    ⚠️  Manque @include('partials.admin-navigation')
    ⚠️  Manque x-module-header
    ⚠️  Manque x-admin.flash-messages
    ✅ @extends('layouts.admin')
    ⚠️  Manque @include('partials.admin-navigation')
    ⚠️  Manque x-module-header
    ⚠️  Manque x-admin.flash-messages
- actions-masse.blade.php :
    ❌ Manque @extends('layouts.admin')
    ⚠️  Manque @include('partials.admin-navigation')
    ✅ x-module-header présent
    ⚠️  Manque x-admin.flash-messages
- inscriptions.blade.php :
    ❌ Manque @extends('layouts.admin')
    ⚠️  Manque @include('partials.admin-navigation')
    ✅ x-module-header présent
    ⚠️  Manque x-admin.flash-messages
    ✅ @extends('layouts.admin')
    ⚠️  Manque @include('partials.admin-navigation')
    ⚠️  Manque x-module-header
    ⚠️  Manque x-admin.flash-messages
- inscrire.blade.php :
    ❌ Manque @extends('layouts.admin')
    ⚠️  Manque @include('partials.admin-navigation')
    ⚠️  Manque x-module-header
    ⚠️  Manque x-admin.flash-messages
    ✅ @extends('layouts.admin')
    ⚠️  Manque @include('partials.admin-navigation')
    ✅ x-module-header présent
    ⚠️  Manque x-admin.flash-messages
- form.blade.php :
    ❌ Manque @extends('layouts.admin')
    ⚠️  Manque @include('partials.admin-navigation')
    ⚠️  Manque x-module-header
    ⚠️  Manque x-admin.flash-messages
    ✅ @extends('layouts.admin')
    ⚠️  Manque @include('partials.admin-navigation')
    ✅ @extends('layouts.admin')
    ⚠️  Manque @include('partials.admin-navigation')
    ✅ x-module-header présent
    ⚠️  Manque x-admin.flash-messages
    ✅ @extends('layouts.admin')
    ⚠️  Manque @include('partials.admin-navigation')
    ✅ x-module-header présent
    ⚠️  Manque x-admin.flash-messages
    ✅ @extends('layouts.admin')
    ⚠️  Manque @include('partials.admin-navigation')
    ✅ x-module-header présent
    ⚠️  Manque x-admin.flash-messages
    ✅ @extends('layouts.admin')
    ⚠️  Manque @include('partials.admin-navigation')
    ✅ x-module-header présent
    ⚠️  Manque x-admin.flash-messages
    ✅ @extends('layouts.admin')
    ⚠️  Manque @include('partials.admin-navigation')
    ✅ x-module-header présent
    ⚠️  Manque x-admin.flash-messages
- prise-presence.blade.php :
    ❌ Manque @extends('layouts.admin')
    ⚠️  Manque @include('partials.admin-navigation')
    ✅ x-module-header présent
    ⚠️  Manque x-admin.flash-messages
- pdf.blade.php :
    ❌ Manque @extends('layouts.admin')
    ⚠️  Manque @include('partials.admin-navigation')
    ⚠️  Manque x-module-header
    ⚠️  Manque x-admin.flash-messages
    ✅ @extends('layouts.admin')
    ⚠️  Manque @include('partials.admin-navigation')
    ✅ x-module-header présent
    ⚠️  Manque x-admin.flash-messages
    ✅ @extends('layouts.admin')
    ⚠️  Manque @include('partials.admin-navigation')
    ✅ x-module-header présent
    ⚠️  Manque x-admin.flash-messages
    ✅ @extends('layouts.admin')
    ⚠️  Manque @include('partials.admin-navigation')
    ⚠️  Manque x-module-header
    ⚠️  Manque x-admin.flash-messages
    ✅ @extends('layouts.admin')
    ⚠️  Manque @include('partials.admin-navigation')
    ✅ x-module-header présent
    ⚠️  Manque x-admin.flash-messages
    ✅ @extends('layouts.admin')
    ⚠️  Manque @include('partials.admin-navigation')
    ✅ x-module-header présent
    ⚠️  Manque x-admin.flash-messages
- show.blade.php :
    ❌ Manque @extends('layouts.admin')
    ⚠️  Manque @include('partials.admin-navigation')
    ⚠️  Manque x-module-header
    ⚠️  Manque x-admin.flash-messages
    ✅ @extends('layouts.admin')
    ⚠️  Manque @include('partials.admin-navigation')
    ✅ x-module-header présent
    ⚠️  Manque x-admin.flash-messages
- edit.blade.php :
    ❌ Manque @extends('layouts.admin')
    ⚠️  Manque @include('partials.admin-navigation')
    ⚠️  Manque x-module-header
    ⚠️  Manque x-admin.flash-messages
    ✅ @extends('layouts.admin')
    ⚠️  Manque @include('partials.admin-navigation')
    ✅ x-module-header présent
    ⚠️  Manque x-admin.flash-messages
- telescope-widget.blade.php :
    ❌ Manque @extends('layouts.admin')
    ⚠️  Manque @include('partials.admin-navigation')
    ⚠️  Manque x-module-header
    ⚠️  Manque x-admin.flash-messages
- _actions.blade.php :
    ❌ Manque @extends('layouts.admin')
    ⚠️  Manque @include('partials.admin-navigation')
    ⚠️  Manque x-module-header
    ⚠️  Manque x-admin.flash-messages
    ✅ @extends('layouts.admin')
    ⚠️  Manque @include('partials.admin-navigation')
    ✅ x-module-header présent
    ⚠️  Manque x-admin.flash-messages
    ✅ @extends('layouts.admin')
    ⚠️  Manque @include('partials.admin-navigation')
    ✅ @extends('layouts.admin')
    ⚠️  Manque @include('partials.admin-navigation')
    ✅ x-module-header présent
    ⚠️  Manque x-admin.flash-messages
    ✅ @extends('layouts.admin')
    ⚠️  Manque @include('partials.admin-navigation')
    ⚠️  Manque x-module-header
    ⚠️  Manque x-admin.flash-messages
- index.blade.php :
    ❌ Manque @extends('layouts.admin')
    ⚠️  Manque @include('partials.admin-navigation')
    ✅ x-module-header présent
    ⚠️  Manque x-admin.flash-messages
- index.blade.php :
    ❌ Manque @extends('layouts.admin')
    ⚠️  Manque @include('partials.admin-navigation')
    ✅ x-module-header présent
    ⚠️  Manque x-admin.flash-messages
    ✅ @extends('layouts.admin')
    ⚠️  Manque @include('partials.admin-navigation')
    ⚠️  Manque x-module-header
    ✅ @extends('layouts.admin')
    ⚠️  Manque @include('partials.admin-navigation')
    ⚠️  Manque x-module-header
    ⚠️  Manque x-admin.flash-messages
